Log file open, 12/13/16 20:28:25
LogInit:Display: Running engine for game: Ryans
LogPlatformFile: Not using cached read wrapper
LogInit:Display: RandInit(-53156626) SRandInit(-53156626).
LogTaskGraph: Started task graph with 5 named threads and 8 total threads with 1 sets of task threads.
LogStats: Stats thread started at 0.061214
LogPluginManager: Loaded Plugin Paper2D, From D:/Epic Games/4.13/Engine/Plugins/2D/Paper2D/Paper2D.uplugin
LogPluginManager: Loaded Plugin LightPropagationVolume, From D:/Epic Games/4.13/Engine/Plugins/Blendables/LightPropagationVolume/LightPropagationVolume.uplugin
LogPluginManager: Loaded Plugin BlankPlugin, From D:/Epic Games/4.13/Engine/Plugins/Developer/BlankPlugin/BlankPlugin.uplugin
LogPluginManager: Loaded Plugin CodeLiteSourceCodeAccess, From D:/Epic Games/4.13/Engine/Plugins/Developer/CodeLiteSourceCodeAccess/CodeLiteSourceCodeAccess.uplugin
LogPluginManager: Loaded Plugin GitSourceControl, From D:/Epic Games/4.13/Engine/Plugins/Developer/GitSourceControl/GitSourceControl.uplugin
LogPluginManager: Loaded Plugin KDevelopSourceCodeAccess, From D:/Epic Games/4.13/Engine/Plugins/Developer/KDevelopSourceCodeAccess/KDevelopSourceCodeAccess.uplugin
LogPluginManager: Loaded Plugin NullSourceCodeAccess, From D:/Epic Games/4.13/Engine/Plugins/Developer/NullSourceCodeAccess/NullSourceCodeAccess.uplugin
LogPluginManager: Loaded Plugin OneSkyLocalizationService, From D:/Epic Games/4.13/Engine/Plugins/Developer/OneSkyLocalizationService/OneSkyLocalizationService.uplugin
LogPluginManager: Loaded Plugin PerforceSourceControl, From D:/Epic Games/4.13/Engine/Plugins/Developer/PerforceSourceControl/PerforceSourceControl.uplugin
LogPluginManager: Loaded Plugin SubversionSourceControl, From D:/Epic Games/4.13/Engine/Plugins/Developer/SubversionSourceControl/SubversionSourceControl.uplugin
LogPluginManager: Loaded Plugin UObjectPlugin, From D:/Epic Games/4.13/Engine/Plugins/Developer/UObjectPlugin/UObjectPlugin.uplugin
LogPluginManager: Loaded Plugin VisualStudioSourceCodeAccess, From D:/Epic Games/4.13/Engine/Plugins/Developer/VisualStudioSourceCodeAccess/VisualStudioSourceCodeAccess.uplugin
LogPluginManager: Loaded Plugin XCodeSourceCodeAccess, From D:/Epic Games/4.13/Engine/Plugins/Developer/XCodeSourceCodeAccess/XCodeSourceCodeAccess.uplugin
LogPluginManager: Loaded Plugin EpicSurvey, From D:/Epic Games/4.13/Engine/Plugins/Editor/EpicSurvey/EpicSurvey.uplugin
LogPluginManager: Loaded Plugin MacGraphicsSwitching, From D:/Epic Games/4.13/Engine/Plugins/Editor/MacGraphicsSwitching/MacGraphicsSwitching.uplugin
LogPluginManager: Loaded Plugin MobileLauncherProfileWizard, From D:/Epic Games/4.13/Engine/Plugins/Editor/MobileLauncherProfileWizard/MobileLauncherProfileWizard.uplugin
LogPluginManager: Loaded Plugin PluginBrowser, From D:/Epic Games/4.13/Engine/Plugins/Editor/PluginBrowser/PluginBrowser.uplugin
LogPluginManager: Loaded Plugin SpeedTreeImporter, From D:/Epic Games/4.13/Engine/Plugins/Editor/SpeedTreeImporter/SpeedTreeImporter.uplugin
LogPluginManager: Loaded Plugin SuperSearchEditor, From D:/Epic Games/4.13/Engine/Plugins/Editor/SuperSearchEditor/SuperSearchEditor.uplugin
LogPluginManager: Loaded Plugin AlembicImporter, From D:/Epic Games/4.13/Engine/Plugins/Experimental/AlembicImporter/AlembicImporter.uplugin
LogPluginManager: Loaded Plugin BlueprintStats, From D:/Epic Games/4.13/Engine/Plugins/Experimental/BlueprintStats/BlueprintStats.uplugin
LogPluginManager: Loaded Plugin CharacterAI, From D:/Epic Games/4.13/Engine/Plugins/Experimental/CharacterAI/CharacterAI.uplugin
LogPluginManager: Loaded Plugin CodeEditor, From D:/Epic Games/4.13/Engine/Plugins/Experimental/CodeEditor/CodeEditor.uplugin
LogPluginManager: Loaded Plugin CodeView, From D:/Epic Games/4.13/Engine/Plugins/Experimental/CodeView/CodeView.uplugin
LogPluginManager: Loaded Plugin HTML5Networking, From D:/Epic Games/4.13/Engine/Plugins/Experimental/HTML5Networking/HTML5Networking.uplugin
LogPluginManager: Loaded Plugin LiveEditor, From D:/Epic Games/4.13/Engine/Plugins/Experimental/LiveEditor/LiveEditor.uplugin
LogPluginManager: Loaded Plugin OSVR, From D:/Epic Games/4.13/Engine/Plugins/Experimental/OSVR/OSVR.uplugin
LogPluginManager: Loaded Plugin Phya, From D:/Epic Games/4.13/Engine/Plugins/Experimental/Phya/Phya.uplugin
LogPluginManager: Loaded Plugin SignificanceManager, From D:/Epic Games/4.13/Engine/Plugins/Experimental/SignificanceManager/SignificanceManager.uplugin
LogPluginManager: Loaded Plugin SimpleHMD, From D:/Epic Games/4.13/Engine/Plugins/Experimental/SimpleHMD/SimpleHMD.uplugin
LogPluginManager: Loaded Plugin StereoPanorama, From D:/Epic Games/4.13/Engine/Plugins/Experimental/StereoPanorama/StereoPanorama.uplugin
LogPluginManager: Loaded Plugin StructBox, From D:/Epic Games/4.13/Engine/Plugins/Experimental/StructBox/StructBox.uplugin
LogPluginManager: Loaded Plugin AndroidMedia, From D:/Epic Games/4.13/Engine/Plugins/Media/AndroidMedia/AndroidMedia.uplugin
LogPluginManager: Loaded Plugin AvfMedia, From D:/Epic Games/4.13/Engine/Plugins/Media/AvfMedia/AvfMedia.uplugin
LogPluginManager: Loaded Plugin MediaPlayerEditor, From D:/Epic Games/4.13/Engine/Plugins/Media/MediaPlayerEditor/MediaPlayerEditor.uplugin
LogPluginManager: Loaded Plugin WmfMedia, From D:/Epic Games/4.13/Engine/Plugins/Media/WmfMedia/WmfMedia.uplugin
LogPluginManager: Loaded Plugin MessagingDebugger, From D:/Epic Games/4.13/Engine/Plugins/Messaging/MessagingDebugger/MessagingDebugger.uplugin
LogPluginManager: Loaded Plugin TcpMessaging, From D:/Epic Games/4.13/Engine/Plugins/Messaging/TcpMessaging/TcpMessaging.uplugin
LogPluginManager: Loaded Plugin UdpMessaging, From D:/Epic Games/4.13/Engine/Plugins/Messaging/UdpMessaging/UdpMessaging.uplugin
LogPluginManager: Loaded Plugin LevelSequenceEditor, From D:/Epic Games/4.13/Engine/Plugins/MovieScene/LevelSequenceEditor/LevelSequenceEditor.uplugin
LogPluginManager: Loaded Plugin MatineeToLevelSequence, From D:/Epic Games/4.13/Engine/Plugins/MovieScene/MatineeToLevelSequence/MatineeToLevelSequence.uplugin
LogPluginManager: Loaded Plugin NetcodeUnitTest, From D:/Epic Games/4.13/Engine/Plugins/NetcodeUnitTest/NetcodeUnitTest/NetcodeUnitTest.uplugin
LogPluginManager: Loaded Plugin NUTUnrealEngine4, From D:/Epic Games/4.13/Engine/Plugins/NetcodeUnitTest/NUTUnrealEngine4/NUTUnrealEngine4.uplugin
LogPluginManager: Loaded Plugin OnlineSubsystemGooglePlay, From D:/Epic Games/4.13/Engine/Plugins/Online/Android/OnlineSubsystemGooglePlay/OnlineSubsystemGooglePlay.uplugin
LogPluginManager: Loaded Plugin OnlineSubsystemIOS, From D:/Epic Games/4.13/Engine/Plugins/Online/IOS/OnlineSubsystemIOS/OnlineSubsystemIOS.uplugin
LogPluginManager: Loaded Plugin OnlineFramework, From D:/Epic Games/4.13/Engine/Plugins/Online/OnlineFramework/OnlineFramework.uplugin
LogPluginManager: Loaded Plugin OnlineSubsystem, From D:/Epic Games/4.13/Engine/Plugins/Online/OnlineSubsystem/OnlineSubsystem.uplugin
LogPluginManager: Loaded Plugin OnlineSubsystemAmazon, From D:/Epic Games/4.13/Engine/Plugins/Online/OnlineSubsystemAmazon/OnlineSubsystemAmazon.uplugin
LogPluginManager: Loaded Plugin OnlineSubsystemFacebook, From D:/Epic Games/4.13/Engine/Plugins/Online/OnlineSubsystemFacebook/OnlineSubsystemFacebook.uplugin
LogPluginManager: Loaded Plugin OnlineSubsystemNull, From D:/Epic Games/4.13/Engine/Plugins/Online/OnlineSubsystemNull/OnlineSubsystemNull.uplugin
LogPluginManager: Loaded Plugin OnlineSubsystemOculus, From D:/Epic Games/4.13/Engine/Plugins/Online/OnlineSubsystemOculus/OnlineSubsystemOculus.uplugin
LogPluginManager: Loaded Plugin OnlineSubsystemSteam, From D:/Epic Games/4.13/Engine/Plugins/Online/OnlineSubsystemSteam/OnlineSubsystemSteam.uplugin
LogPluginManager: Loaded Plugin OnlineSubsystemUtils, From D:/Epic Games/4.13/Engine/Plugins/Online/OnlineSubsystemUtils/OnlineSubsystemUtils.uplugin
LogPluginManager: Loaded Plugin IOSTapJoy, From D:/Epic Games/4.13/Engine/Plugins/Runtime/Advertising/IOSTapJoy/IOSTapJoy.uplugin
LogPluginManager: Loaded Plugin AnalyticsBlueprintLibrary, From D:/Epic Games/4.13/Engine/Plugins/Runtime/Analytics/AnalyticsBlueprintLibrary/AnalyticsBlueprintLibrary.uplugin
LogPluginManager: Loaded Plugin AnalyticsMulticast, From D:/Epic Games/4.13/Engine/Plugins/Runtime/Analytics/AnalyticsMulticast/AnalyticsMulticast.uplugin
LogPluginManager: Loaded Plugin Apsalar, From D:/Epic Games/4.13/Engine/Plugins/Runtime/Analytics/Apsalar/Apsalar.uplugin
LogPluginManager: Loaded Plugin FileLogging, From D:/Epic Games/4.13/Engine/Plugins/Runtime/Analytics/FileLogging/FileLogging.uplugin
LogPluginManager: Loaded Plugin Flurry, From D:/Epic Games/4.13/Engine/Plugins/Runtime/Analytics/Flurry/Flurry.uplugin
LogPluginManager: Loaded Plugin AndroidDeviceProfileSelector, From D:/Epic Games/4.13/Engine/Plugins/Runtime/AndroidDeviceProfileSelector/AndroidDeviceProfileSelector.uplugin
LogPluginManager: Loaded Plugin AndroidMoviePlayer, From D:/Epic Games/4.13/Engine/Plugins/Runtime/AndroidMoviePlayer/AndroidMoviePlayer.uplugin
LogPluginManager: Loaded Plugin AppleMoviePlayer, From D:/Epic Games/4.13/Engine/Plugins/Runtime/AppleMoviePlayer/AppleMoviePlayer.uplugin
LogPluginManager: Loaded Plugin ArchVisCharacter, From D:/Epic Games/4.13/Engine/Plugins/Runtime/ArchVisCharacter/ArchVisCharacter.uplugin
LogPluginManager: Loaded Plugin CableComponent, From D:/Epic Games/4.13/Engine/Plugins/Runtime/CableComponent/CableComponent.uplugin
LogPluginManager: Loaded Plugin CustomMeshComponent, From D:/Epic Games/4.13/Engine/Plugins/Runtime/CustomMeshComponent/CustomMeshComponent.uplugin
LogPluginManager: Loaded Plugin ExampleDeviceProfileSelector, From D:/Epic Games/4.13/Engine/Plugins/Runtime/ExampleDeviceProfileSelector/ExampleDeviceProfileSelector.uplugin
LogPluginManager: Loaded Plugin GearVR, From D:/Epic Games/4.13/Engine/Plugins/Runtime/GearVR/GearVR.uplugin
LogPluginManager: Loaded Plugin GoogleVRController, From D:/Epic Games/4.13/Engine/Plugins/Runtime/GoogleVR/GoogleVRController/GoogleVRController.uplugin
LogPluginManager: Loaded Plugin GoogleVRHMD, From D:/Epic Games/4.13/Engine/Plugins/Runtime/GoogleVR/GoogleVRHMD/GoogleVRHMD.uplugin
LogPluginManager: Loaded Plugin IOSDeviceProfileSelector, From D:/Epic Games/4.13/Engine/Plugins/Runtime/IOSDeviceProfileSelector/IOSDeviceProfileSelector.uplugin
LogPluginManager: Loaded Plugin LeapMotion, From D:/Epic Games/4.13/Engine/Plugins/Runtime/LeapMotion/LeapMotion.uplugin
LogPluginManager: Loaded Plugin LinuxDeviceProfileSelector, From D:/Epic Games/4.13/Engine/Plugins/Runtime/LinuxDeviceProfileSelector/LinuxDeviceProfileSelector.uplugin
LogPluginManager: Loaded Plugin LiveEditorListenServer, From D:/Epic Games/4.13/Engine/Plugins/Runtime/LiveEditorListenServer/LiveEditorListenServer.uplugin
LogPluginManager: Loaded Plugin OculusAudio, From D:/Epic Games/4.13/Engine/Plugins/Runtime/OculusAudio/OculusAudio.uplugin
LogPluginManager: Loaded Plugin OculusInput, From D:/Epic Games/4.13/Engine/Plugins/Runtime/OculusInput/OculusInput.uplugin
LogPluginManager: Loaded Plugin OculusLibrary, From D:/Epic Games/4.13/Engine/Plugins/Runtime/OculusLibrary/OculusLibrary.uplugin
LogPluginManager: Loaded Plugin OculusRift, From D:/Epic Games/4.13/Engine/Plugins/Runtime/OculusRift/OculusRift.uplugin
LogPluginManager: Loaded Plugin Oodle, From D:/Epic Games/4.13/Engine/Plugins/Runtime/PacketHandlers/CompressionComponents/Oodle/Oodle.uplugin
LogPluginManager: Loaded Plugin ProceduralMeshComponent, From D:/Epic Games/4.13/Engine/Plugins/Runtime/ProceduralMeshComponent/ProceduralMeshComponent.uplugin
LogPluginManager: Loaded Plugin SoundMod, From D:/Epic Games/4.13/Engine/Plugins/Runtime/SoundMod/SoundMod.uplugin
LogPluginManager: Loaded Plugin SoundVisualizations, From D:/Epic Games/4.13/Engine/Plugins/Runtime/SoundVisualizations/SoundVisualizations.uplugin
LogPluginManager: Loaded Plugin SteamController, From D:/Epic Games/4.13/Engine/Plugins/Runtime/Steam/SteamController/SteamController.uplugin
LogPluginManager: Loaded Plugin SteamVR, From D:/Epic Games/4.13/Engine/Plugins/Runtime/Steam/SteamVR/SteamVR.uplugin
LogPluginManager: Loaded Plugin WebBrowserWidget, From D:/Epic Games/4.13/Engine/Plugins/Runtime/WebBrowserWidget/WebBrowserWidget.uplugin
LogPluginManager: Loaded Plugin WindowsDeviceProfileSelector, From D:/Epic Games/4.13/Engine/Plugins/Runtime/WindowsDeviceProfileSelector/WindowsDeviceProfileSelector.uplugin
LogPluginManager: Loaded Plugin WindowsMoviePlayer, From D:/Epic Games/4.13/Engine/Plugins/Runtime/WindowsMoviePlayer/WindowsMoviePlayer.uplugin
LogPluginManager: Loaded Plugin ScriptPlugin, From D:/Epic Games/4.13/Engine/Plugins/ScriptPlugin/ScriptPlugin.uplugin
LogPluginManager: Loaded Plugin SlateRemote, From D:/Epic Games/4.13/Engine/Plugins/Slate/SlateRemote/SlateRemote.uplugin
LogInit: Using libcurl 7.47.1
LogInit:  - built for x86_64-pc-win32
LogInit:  - supports SSL with WinSSL
LogInit:  - other features:
LogInit:      CURL_VERSION_SSL
LogInit:      CURL_VERSION_IPV6
LogInit:      CURL_VERSION_ASYNCHDNS
LogInit:      CURL_VERSION_LARGEFILE
LogInit:      CURL_VERSION_IDN
LogInit:  CurlRequestOptions (configurable via config and command line):
LogInit:  - bVerifyPeer = false  - Libcurl will NOT verify peer certificate
LogInit:  - bUseHttpProxy = false  - Libcurl will NOT use HTTP proxy
LogInit:  - bDontReuseConnections = false  - Libcurl will reuse connections
LogInit:  - CertBundlePath = nullptr  - Libcurl will use whatever was configured at build time.
LogInit: Build: ++UE4+Release-4.13-CL-3106830
LogInit: Engine Version: 4.13.0-3106830+++UE4+Release-4.13
LogInit: Compatible Engine Version: 4.13.0-3106830+++UE4+Release-4.13
LogInit: Net CL: 3106830
LogDevObjectVersion: Number of dev versions registered: 13
LogDevObjectVersion:   Dev-Blueprints (B0D832E4-1F89-4F0D-ACCF-7EB736FD4AA2): 5
LogDevObjectVersion:   Dev-Build (E1C64328-A22C-4D53-A36C-8E866417BD8C): 0
LogDevObjectVersion:   Dev-Core (375EC13C-06E4-48FB-B500-84F0262A717E): 1
LogDevObjectVersion:   Dev-Editor (E4B068ED-F494-42E9-A231-DA0B2E46BB41): 6
LogDevObjectVersion:   Dev-Framework (CFFC743F-43B0-4480-9391-14DF171D2073): 12
LogDevObjectVersion:   Dev-Mobile (B02B49B5-BB20-44E9-A304-32B752E40360): 0
LogDevObjectVersion:   Dev-Networking (A4E4105C-59A1-49B5-A7C5-40C4547EDFEE): 0
LogDevObjectVersion:   Dev-Online (39C831C9-5AE6-47DC-9A44-9C173E1C8E7C): 0
LogDevObjectVersion:   Dev-Physics (78F01B33-EBEA-4F98-B9B4-84EACCB95AA2): 0
LogDevObjectVersion:   Dev-Platform (6631380F-2D4D-43E0-8009-CF276956A95A): 0
LogDevObjectVersion:   Dev-Rendering (12F88B9F-8875-4AFC-A67C-D90C383ABD29): 4
LogDevObjectVersion:   Dev-Sequencer (7B5AE74C-D270-4C10-A958-57980B212A5A): 0
LogDevObjectVersion:   Dev-VR (D7296918-1DD6-4BDD-9DE2-64A83CC13884): 0
LogInit: Compiled (64-bit): Aug 30 2016 18:11:39
LogInit: Compiled with Visual C++: 19.00.23026.00
LogInit: Build Configuration: Development
LogInit: Branch Name: ++UE4+Release-4.13
LogInit: Command line:  
LogInit: Base directory: D:/Epic Games/4.13/Engine/Binaries/Win64/
LogInit: Installed Engine Build: 1
LogInit: Presizing for max 8388607 objects, including 0 objects not considered by GC, pre-allocating 0 bytes for permanent pool.
LogInit: Object subsystem initialized
[2016.12.13-20.28.26:010][  0]LogInit: Selected Device Profile: [Windows]
[2016.12.13-20.28.26:010][  0]LogInit: Applying CVar settings loaded from the selected device profile: [Windows]
[2016.12.13-20.28.26:019][  0]LogInit: Computer: DESKTOP-UFE5BAF
[2016.12.13-20.28.26:019][  0]LogInit: User: Alleluia
[2016.12.13-20.28.26:019][  0]LogInit: CPU Page size=65536, Cores=4
[2016.12.13-20.28.26:019][  0]LogInit: High frequency timer resolution =3.903983 MHz
[2016.12.13-20.28.26:019][  0]LogMemory: Memory total: Physical=15.9GB (16GB approx)
[2016.12.13-20.28.26:019][  0]LogMemory: Platform Memory Stats for Windows
[2016.12.13-20.28.26:019][  0]LogMemory: Process Physical Memory: 256.30 MB used, 256.30 MB peak
[2016.12.13-20.28.26:019][  0]LogMemory: Process Virtual Memory: 260.04 MB used, 260.04 MB peak
[2016.12.13-20.28.26:019][  0]LogMemory: Physical Memory: 4647.42 MB used, 16326.04 MB total
[2016.12.13-20.28.26:019][  0]LogMemory: Virtual Memory: 623.22 MB used, 134217728.00 MB total
[2016.12.13-20.28.26:042][  0]LogTextLocalizationManager: No specific translations for ('en-GB') exist, so ('en') translations will be used.
[2016.12.13-20.28.26:629][  0]LogD3D11RHI: D3D11 adapters:
[2016.12.13-20.28.27:069][  0]LogD3D11RHI:    0. 'NVIDIA GeForce GTX 970' (Feature Level 11_0)
[2016.12.13-20.28.27:069][  0]LogD3D11RHI:       4059/0/8163 MB DedicatedVideo/DedicatedSystem/SharedSystem, Outputs:2, VendorId:0x10de
[2016.12.13-20.28.27:515][  0]LogD3D11RHI:    1. 'NVIDIA GeForce GTX 650' (Feature Level 11_0)
[2016.12.13-20.28.27:515][  0]LogD3D11RHI:       2017/0/8163 MB DedicatedVideo/DedicatedSystem/SharedSystem, Outputs:0, VendorId:0x10de
[2016.12.13-20.28.27:516][  0]LogD3D11RHI:    2. 'Microsoft Basic Render Driver' (Feature Level 11_0)
[2016.12.13-20.28.27:516][  0]LogD3D11RHI:       0/0/8163 MB DedicatedVideo/DedicatedSystem/SharedSystem, Outputs:0, VendorId:0x1414
[2016.12.13-20.28.27:516][  0]LogD3D11RHI: Chosen D3D11 Adapter: 0
[2016.12.13-20.28.27:520][  0]LogD3D11RHI: Creating new Direct3DDevice
[2016.12.13-20.28.27:520][  0]LogD3D11RHI:     GPU DeviceId: 0x13c2 (for the marketing name, search the web for "GPU Device Id")
[2016.12.13-20.28.27:520][  0]LogWindows: EnumDisplayDevices:
[2016.12.13-20.28.27:520][  0]LogWindows:    0. 'NVIDIA GeForce GTX 970' (P:1 D:1)
[2016.12.13-20.28.27:520][  0]LogWindows:    1. 'NVIDIA GeForce GTX 970' (P:0 D:1)
[2016.12.13-20.28.27:520][  0]LogWindows:    2. 'NVIDIA GeForce GTX 970' (P:0 D:0)
[2016.12.13-20.28.27:521][  0]LogWindows:    3. 'NVIDIA GeForce GTX 970' (P:0 D:0)
[2016.12.13-20.28.27:521][  0]LogWindows:    4. 'NVIDIA GeForce GTX 650' (P:0 D:0)
[2016.12.13-20.28.27:521][  0]LogWindows:    5. 'NVIDIA GeForce GTX 650' (P:0 D:0)
[2016.12.13-20.28.27:521][  0]LogWindows:    6. 'NVIDIA GeForce GTX 650' (P:0 D:0)
[2016.12.13-20.28.27:521][  0]LogWindows: DebugString: PrimaryIsNotTheChoosenAdapter PrimaryIsNotTheChoosenAdapter PrimaryIsNotTheChoosenAdapter FoundDriverCount:4 
[2016.12.13-20.28.27:521][  0]LogD3D11RHI:     Adapter Name: NVIDIA GeForce GTX 970
[2016.12.13-20.28.27:521][  0]LogD3D11RHI:   Driver Version: 373.06 (internal:21.21.13.7306, unified:373.06)
[2016.12.13-20.28.27:521][  0]LogD3D11RHI:      Driver Date: 10-1-2016
[2016.12.13-20.28.27:521][  0]LogRHI: Texture pool is 1361 MB (70% of 1945 MB)
[2016.12.13-20.28.27:929][  0]LogD3D11RHI: Async texture creation enabled
[2016.12.13-20.28.27:955][  0]LogD3D11RHI: GPU Timing Frequency: 1000.000000 (Debug: 2 1)
[2016.12.13-20.28.27:956][  0]LogShaderCompilers: Guid format shader working directory is 4 characters bigger than the processId version (E:/Uni Stuff/Media Studio/startingfrommidway/Intermediate/Shaders/WorkingDirectory/13056/).
[2016.12.13-20.28.27:956][  0]LogShaderCompilers: Cleaned the shader compiler working directory 'C:/Users/Alleluia/AppData/Local/Temp/UnrealShaderWorkingDir/17F19E654C51CCEA9E78D4B4D698553C/'.
[2016.12.13-20.28.27:956][  0]LogShaderCompilers:Display: Using Local Shader Compiler.
[2016.12.13-20.28.28:689][  0]LogTemp:Display: Loaded TP AllDesktopTargetPlatform
[2016.12.13-20.28.28:695][  0]LogTemp:Display: Loaded TP WindowsClientTargetPlatform
[2016.12.13-20.28.28:700][  0]LogTemp:Display: Loaded TP WindowsNoEditorTargetPlatform
[2016.12.13-20.28.28:705][  0]LogTemp:Display: Loaded TP WindowsServerTargetPlatform
[2016.12.13-20.28.28:710][  0]LogTemp:Display: Loaded TP WindowsTargetPlatform
[2016.12.13-20.28.28:715][  0]LogTemp:Display: Loaded TP AndroidTargetPlatform
[2016.12.13-20.28.28:720][  0]LogTemp:Display: Loaded TP Android_ASTCTargetPlatform
[2016.12.13-20.28.28:725][  0]LogTemp:Display: Loaded TP Android_ATCTargetPlatform
[2016.12.13-20.28.28:730][  0]LogTemp:Display: Loaded TP Android_DXTTargetPlatform
[2016.12.13-20.28.28:735][  0]LogTemp:Display: Loaded TP Android_ETC1TargetPlatform
[2016.12.13-20.28.28:739][  0]LogTemp:Display: Loaded TP Android_ETC2TargetPlatform
[2016.12.13-20.28.28:749][  0]LogTemp:Display: Loaded TP Android_MultiTargetPlatform
[2016.12.13-20.28.28:749][  0]LogTemp:Display: Loaded TP Android_PVRTCTargetPlatform
[2016.12.13-20.28.28:749][  0]LogTemp:Display: Loaded TP HTML5TargetPlatform
[2016.12.13-20.28.28:766][  0]LogTemp:Display: Loaded TP IOSTargetPlatform
[2016.12.13-20.28.28:770][  0]LogTemp:Display: Loaded TP TVOSTargetPlatform
[2016.12.13-20.28.28:775][  0]LogTemp:Display: Loaded TP LinuxClientTargetPlatform
[2016.12.13-20.28.28:779][  0]LogTemp:Display: Loaded TP LinuxNoEditorTargetPlatform
[2016.12.13-20.28.28:784][  0]LogTemp:Display: Loaded TP LinuxServerTargetPlatform
[2016.12.13-20.28.28:789][  0]LogTemp:Display: Loaded TP LinuxTargetPlatform
[2016.12.13-20.28.28:789][  0]LogTargetPlatformManager:Display: Building Assets For Windows
[2016.12.13-20.28.28:826][  0]LogDerivedDataCache:Display: Max Cache Size: 512 MB
[2016.12.13-20.28.28:886][  0]LogDerivedDataCache: Loaded boot cache 0.06s 76MB C:/Users/Alleluia/AppData/Local/UnrealEngine/4.13/DerivedDataCache/Boot.ddc.
[2016.12.13-20.28.28:886][  0]LogDerivedDataCache:Display: Loaded Boot cache: C:/Users/Alleluia/AppData/Local/UnrealEngine/4.13/DerivedDataCache/Boot.ddc
[2016.12.13-20.28.28:886][  0]LogDerivedDataCache: FDerivedDataBackendGraph:  Pak pak cache file E:/Uni Stuff/Media Studio/startingfrommidway/DerivedDataCache/DDC.ddp not found, will not use a pak cache.
[2016.12.13-20.28.28:886][  0]LogDerivedDataCache: Unable to find inner node Pak for hierarchical cache Hierarchy.
[2016.12.13-20.28.28:886][  0]LogDerivedDataCache: FDerivedDataBackendGraph:  CompressedPak pak cache file E:/Uni Stuff/Media Studio/startingfrommidway/DerivedDataCache/Compressed.ddp not found, will not use a pak cache.
[2016.12.13-20.28.28:886][  0]LogDerivedDataCache: Unable to find inner node CompressedPak for hierarchical cache Hierarchy.
[2016.12.13-20.28.28:899][  0]LogDerivedDataCache:Display: Pak cache opened for reading ../../../Engine/DerivedDataCache/Compressed.ddp.
[2016.12.13-20.28.28:921][  0]LogDerivedDataCache: Using Local data cache path C:/Users/Alleluia/AppData/Local/UnrealEngine/Common/DerivedDataCache: Writable
[2016.12.13-20.28.29:148][  0]LogInit: Selected Device Profile: [Windows]
[2016.12.13-20.28.29:225][  0]LogContentStreaming: Texture pool size is 0.00 MB
[2016.12.13-20.28.29:290][  0]LogMeshUtilities: No automatic mesh reduction module available
[2016.12.13-20.28.29:290][  0]LogMeshUtilities: No automatic mesh merging module available
[2016.12.13-20.28.29:290][  0]LogMeshUtilities: No distributed automatic mesh merging module available
[2016.12.13-20.28.29:334][  0]LogMaterial: Uniform references updated for custom material expression Custom.
[2016.12.13-20.28.30:134][  0]LogNetVersion: GetLocalNetworkVersion: CL: 3106830, ProjectName: ryans, ProjectVersion: , EngineNetworkVersion: 1, GameNetworkVersion: 0, NetworkChecksum: 771183325
[2016.12.13-20.28.30:172][  0]LogAssetRegistry: FAssetRegistry took 0.0212 seconds to start up
[2016.12.13-20.28.30:307][  0]LogPackageLocalizationCache: Processed 3 localized package path(s) for 2 prioritized culture(s) in 0.134007 seconds
[2016.12.13-20.28.30:312][  0]LogUObjectArray: 29777 objects as part of root set at end of initial load.
[2016.12.13-20.28.30:312][  0]LogUObjectAllocator: 6124704 out of 0 bytes used by permanent object pool.
[2016.12.13-20.28.30:312][  0]LogUObjectArray: CloseDisregardForGC: 0/0 objects in disregard for GC pool
[2016.12.13-20.28.30:322][  0]LogInit: WinSock: version 1.1 (2.2), MaxSocks=32767, MaxUdp=65467
[2016.12.13-20.28.31:068][  0]LogSlate: SlateFontCache - WITH_FREETYPE: 1, WITH_HARFBUZZ: 1
[2016.12.13-20.28.31:068][  0]LogSlate: SlateFontCache - WITH_FREETYPE: 1, WITH_HARFBUZZ: 1
[2016.12.13-20.29.00:702][  0]LogUdpMessaging: Initializing bridge on interface 0.0.0.0:0 to multicast group 230.0.0.1:6666.
[2016.12.13-20.29.01:436][  0]SourceControl: Info Source control is disabled
[2016.12.13-20.29.01:436][  0]SourceControl: Info Source control is disabled
[2016.12.13-20.29.01:440][  0]SourceControl: Info Source control is disabled
[2016.12.13-20.29.01:444][  0]SourceControl: Info Source control is disabled
[2016.12.13-20.29.02:087][  0]LogEngine: Initializing Engine...
[2016.12.13-20.29.02:088][  0]LogHMD: Failed to initialize OpenVR with code 110
[2016.12.13-20.29.02:191][  0]LogAIModule: Creating AISystem for world Untitled
[2016.12.13-20.29.02:203][  0]LogInit: XAudio2 using 'MStar Demo-8 (2- NVIDIA High Definition Audio)' : 2 channels at 48 kHz using 16 bits per sample (channel mask 0x3)
[2016.12.13-20.29.02:210][  0]LogInit: FAudioDevice initialized.
[2016.12.13-20.29.02:260][  0]LogDerivedDataCache: Saved boot cache 0.05s 62MB C:/Users/Alleluia/AppData/Local/UnrealEngine/4.13/DerivedDataCache/Boot.ddc.
[2016.12.13-20.29.02:269][  0]LogInit: Texture streaming: Enabled
[2016.12.13-20.29.02:283][  0]LogInit: Transaction tracking system initialized
[2016.12.13-20.29.02:295][  0]BlueprintLog: New page: Editor Load
[2016.12.13-20.29.02:859][  0]LocalizationService: Info Localization service is disabled
[2016.12.13-20.29.03:139][  0]LogConsoleResponse:Display: 
[2016.12.13-20.29.03:935][  0]LogCook:Display: Max memory allowance for cook 16384mb min free memory 0mb
[2016.12.13-20.29.03:935][  0]LogCook:Display: Mobile HDR setting 1
[2016.12.13-20.29.04:526][  0]LogFileCache: Scanning file cache for directory 'E:/Uni Stuff/Media Studio/startingfrommidway/Content/' took 0.18s
[2016.12.13-20.29.04:526][  0]SourceControl: Info Source control is disabled
[2016.12.13-20.29.04:526][  0]Cmd: MAP LOAD FILE="E:/Uni Stuff/Media Studio/startingfrommidway/Content/Level1.umap" TEMPLATE=0 SHOWPROGRESS=1 FEATURELEVEL=3
[2016.12.13-20.29.04:527][  0]LightingResults: New page: Lighting Build
[2016.12.13-20.29.04:528][  0]MapCheck: New page: Map Check
[2016.12.13-20.29.04:528][  0]LightingResults: New page: Lighting Build
[2016.12.13-20.29.04:569][  0]LogAIModule: Creating AISystem for world Level1
[2016.12.13-20.29.04:728][  0]LogEditorServer: Finished looking for orphan Actors (0.000 secs)
[2016.12.13-20.29.04:728][  0]Cmd: MAP CHECKDEP NOCLEARLOG
[2016.12.13-20.29.04:759][  0]MapCheck: Info Map check complete: 0 Error(s), 0 Warning(s), took 29.912ms to complete.
[2016.12.13-20.29.04:759][  0]LogFileHelpers: Loading map 'Level1' took 0.232
[2016.12.13-20.29.04:905][  0]LogCollectionManager: Loaded 0 collections in 0.000814 seconds
[2016.12.13-20.29.04:944][  0]LogFileCache: Scanning file cache for directory 'E:/Uni Stuff/Media Studio/startingfrommidway/Saved/Collections/' took 0.01s
[2016.12.13-20.29.04:944][  0]LogFileCache: Scanning file cache for directory 'E:/Uni Stuff/Media Studio/startingfrommidway/Content/Developers/Alleluia/Collections/' took 0.01s
[2016.12.13-20.29.04:944][  0]LogFileCache: Scanning file cache for directory 'E:/Uni Stuff/Media Studio/startingfrommidway/Content/Collections/' took 0.01s
[2016.12.13-20.29.04:944][  0]LogCollectionManager: Rebuilt the GUID cache for 0 collections in 0.000002 seconds
[2016.12.13-20.29.04:950][  0]LogContentBrowser: Native class hierarchy populated in 0.0063 seconds. Added 2141 classes and 415 folders.
[2016.12.13-20.29.05:039][  0]LogStats: UGameplayTagsManager::ConstructGameplayTagTree: Construct from data asset -  0.000 s
[2016.12.13-20.29.05:039][  0]LogStats: UGameplayTagsManager::ConstructGameplayTagTree: GameplayTagTreeChangedEvent.Broadcast -  0.000 s
[2016.12.13-20.29.05:040][  0]LogContentBrowser: Native class hierarchy updated for 'GameplayTags' in 0.0004 seconds. Added 12 classes and 0 folders.
[2016.12.13-20.29.05:075][  0]LogContentBrowser: Native class hierarchy updated for 'WidgetCarousel' in 0.0004 seconds. Added 0 classes and 0 folders.
[2016.12.13-20.29.07:725][  0]LogContentBrowser: Native class hierarchy updated for 'AddContentDialog' in 0.0005 seconds. Added 0 classes and 0 folders.
[2016.12.13-20.29.07:815][  0]LogContentBrowser: Native class hierarchy updated for 'SceneOutliner' in 0.0005 seconds. Added 1 classes and 2 folders.
[2016.12.13-20.29.08:455][  0]LogCrashTracker: Crashtracker disabled due to settings.
[2016.12.13-20.29.08:963][  0]LogWindowsTextInputMethodSystem:Display: IME system now deactivated.
[2016.12.13-20.29.09:803][  0]LogContentBrowser: Native class hierarchy updated for 'HierarchicalLODOutliner' in 0.0004 seconds. Added 1 classes and 2 folders.
[2016.12.13-20.29.09:804][  0]LogLoad: (Engine Initialization) Total time: 44.38 seconds
[2016.12.13-20.29.09:804][  0]LogLoad: (Engine Initialization) Total Blueprint compile time: 0.22 seconds
[2016.12.13-20.29.09:821][  0]LogExternalProfiler: Found external profiler: VSPerf
[2016.12.13-20.29.09:821][  0]LogExternalProfiler: Using external profiler: VSPerf
[2016.12.13-20.29.09:949][  0]LogOcInput: OculusInput pre-init called
[2016.12.13-20.29.10:659][  0]LogContentStreaming: Texture pool size now 1000 MB
[2016.12.13-20.29.12:715][  0]LogRenderer: Reallocating scene render targets to support 1208x576 (Frame:2).
[2016.12.13-20.29.14:325][  4]LogAssetRegistry: Asset discovery search completed in 44.1740 seconds
[2016.12.13-20.29.14:366][  4]LogCollectionManager: Rebuilt the object cache for 0 collections in 0.000001 seconds (found 0 objects)
[2016.12.13-20.29.14:374][  4]LogCollectionManager: Fixed up redirectors for 0 collections in 0.049251 seconds (updated 0 objects)
[2016.12.13-20.29.16:582][214]LogWindows:Warning: FWindowsPlatformSurvey::TickSurveyHardware() failed to get UE4 root-folder drive size from Win32
[2016.12.13-20.29.16:584][214]LogSynthBenchmark:Display: FSynthBenchmark (V0.95):  requested WorkScale=5.00
[2016.12.13-20.29.16:584][214]LogSynthBenchmark:Display: ===============
[2016.12.13-20.29.16:584][214]LogSynthBenchmark:Display: Main Processor:
[2016.12.13-20.29.16:767][214]LogSynthBenchmark:Display:          ... 0.018230 s/Run 'RayIntersect'
[2016.12.13-20.29.16:767][214]LogSynthBenchmark:Display:          ... 0.018465 s/Run 'Fractal'
[2016.12.13-20.29.16:767][214]LogSynthBenchmark:Display: 
[2016.12.13-20.29.16:767][214]LogSynthBenchmark:Display:   CompiledTarget_x_Bits: 64
[2016.12.13-20.29.16:767][214]LogSynthBenchmark:Display:   UE_BUILD_SHIPPING: 0
[2016.12.13-20.29.16:767][214]LogSynthBenchmark:Display:   UE_BUILD_TEST: 0
[2016.12.13-20.29.16:767][214]LogSynthBenchmark:Display:   UE_BUILD_DEBUG: 0
[2016.12.13-20.29.16:767][214]LogSynthBenchmark:Display:   TotalPhysicalGBRam: 16
[2016.12.13-20.29.16:767][214]LogSynthBenchmark:Display:   NumberOfCores (physical): 4
[2016.12.13-20.29.16:767][214]LogSynthBenchmark:Display:   NumberOfCores (logical): 8
[2016.12.13-20.29.16:767][214]LogSynthBenchmark:Display:   CPU Perf Index 0: 140.5 (weight 1.00)
[2016.12.13-20.29.16:767][214]LogSynthBenchmark:Display:   CPU Perf Index 1: 154.9 (weight 1.50)
[2016.12.13-20.29.16:767][214]LogSynthBenchmark:Display:  
[2016.12.13-20.29.16:767][214]LogSynthBenchmark:Display: Graphics:
[2016.12.13-20.29.16:767][214]LogSynthBenchmark:Display:   Adapter Name: 'NVIDIA GeForce GTX 970'
[2016.12.13-20.29.16:767][214]LogSynthBenchmark:Display:   (On Optimus the name might be wrong, memory should be ok)
[2016.12.13-20.29.16:767][214]LogSynthBenchmark:Display:   Vendor Id: 0x10de
[2016.12.13-20.29.16:767][214]LogSynthBenchmark:Display:   Device Id: 0x13c2
[2016.12.13-20.29.16:767][214]LogSynthBenchmark:Display:   GPU Memory: 4060/0/8164 MB
[2016.12.13-20.29.16:803][214]LogSynthBenchmark:Display:   GPU first test: 0.00s
[2016.12.13-20.29.16:803][214]LogSynthBenchmark:Display:          ... 3.731 GigaPix/s, Confidence=100% 'ALUHeavyNoise' (likely to be very inaccurate)
[2016.12.13-20.29.16:803][214]LogSynthBenchmark:Display:          ... 3.097 GigaPix/s, Confidence=100% 'TexHeavy' (likely to be very inaccurate)
[2016.12.13-20.29.16:803][214]LogSynthBenchmark:Display:          ... 2.565 GigaPix/s, Confidence=100% 'DepTexHeavy' (likely to be very inaccurate)
[2016.12.13-20.29.16:803][214]LogSynthBenchmark:Display:          ... 6.526 GigaPix/s, Confidence=100% 'FillOnly' (likely to be very inaccurate)
[2016.12.13-20.29.16:803][214]LogSynthBenchmark:Display:          ... 0.648 GigaPix/s, Confidence=100% 'Bandwidth' (likely to be very inaccurate)
[2016.12.13-20.29.16:839][214]LogSynthBenchmark:Display:   GPU second test: 0.02s
[2016.12.13-20.29.16:839][214]LogSynthBenchmark:Display:          ... 7.610 GigaPix/s, Confidence=100% 'ALUHeavyNoise' (likely to be inaccurate)
[2016.12.13-20.29.16:839][214]LogSynthBenchmark:Display:          ... 6.069 GigaPix/s, Confidence=100% 'TexHeavy' (likely to be inaccurate)
[2016.12.13-20.29.16:839][214]LogSynthBenchmark:Display:          ... 5.266 GigaPix/s, Confidence=100% 'DepTexHeavy' (likely to be inaccurate)
[2016.12.13-20.29.16:839][214]LogSynthBenchmark:Display:          ... 28.996 GigaPix/s, Confidence=100% 'FillOnly' (likely to be inaccurate)
[2016.12.13-20.29.16:839][214]LogSynthBenchmark:Display:          ... 0.711 GigaPix/s, Confidence=100% 'Bandwidth' (likely to be inaccurate)
[2016.12.13-20.29.18:115][214]LogSynthBenchmark:Display:   GPU third test: 1.06s
[2016.12.13-20.29.18:115][214]LogSynthBenchmark:Display:          ... 10.545 GigaPix/s, Confidence=100% 'ALUHeavyNoise'
[2016.12.13-20.29.18:115][214]LogSynthBenchmark:Display:          ... 8.065 GigaPix/s, Confidence=100% 'TexHeavy'
[2016.12.13-20.29.18:115][214]LogSynthBenchmark:Display:          ... 7.519 GigaPix/s, Confidence=89% 'DepTexHeavy'
[2016.12.13-20.29.18:115][214]LogSynthBenchmark:Display:          ... 50.188 GigaPix/s, Confidence=100% 'FillOnly'
[2016.12.13-20.29.18:115][214]LogSynthBenchmark:Display:          ... 0.873 GigaPix/s, Confidence=100% 'Bandwidth'
[2016.12.13-20.29.18:115][214]LogSynthBenchmark:Display: 
[2016.12.13-20.29.18:115][214]LogSynthBenchmark:Display:   GPU Perf Index 0: 229.2 (weight 1.00)
[2016.12.13-20.29.18:115][214]LogSynthBenchmark:Display:   GPU Perf Index 1: 108.3 (weight 0.10)
[2016.12.13-20.29.18:115][214]LogSynthBenchmark:Display:   GPU Perf Index 2: 195.5 (weight 0.10)
[2016.12.13-20.29.18:115][214]LogSynthBenchmark:Display:   GPU Perf Index 3: 197.1 (weight 3.00)
[2016.12.13-20.29.18:115][214]LogSynthBenchmark:Display:   GPU Perf Index 4: 81.4 (weight 1.00)
[2016.12.13-20.29.18:115][214]LogSynthBenchmark:Display:   CPUIndex: 149.1
[2016.12.13-20.29.18:115][214]LogSynthBenchmark:Display:   GPUIndex: 179.3
[2016.12.13-20.29.18:115][214]LogSynthBenchmark:Display: 
[2016.12.13-20.29.18:115][214]LogSynthBenchmark:Display:          ... Total Time: 1.531650 sec
[2016.12.13-20.32.22:675][985]LogPlayLevel: PlayLevel: No blueprints needed recompiling
[2016.12.13-20.32.22:829][985]PIE: New page: PIE session: Level1 (13 Dec 2016 20:32:22)
[2016.12.13-20.32.22:829][985]LogPlayLevel: Creating play world package: /Game/UEDPIE_0_Level1
[2016.12.13-20.32.22:868][985]LogPlayLevel: PIE: StaticDuplicateObject took: (0.038503s)
[2016.12.13-20.32.22:874][985]LogAIModule: Creating AISystem for world Level1
[2016.12.13-20.32.22:883][985]LogPlayLevel: PIE: World Init took: (0.015645s)
[2016.12.13-20.32.22:883][985]LogPlayLevel: PIE: Created PIE world by copying editor world from /Game/Level1.Level1 to /Game/UEDPIE_0_Level1.Level1 (0.054519s)
[2016.12.13-20.32.22:980][985]LogInit: XAudio2 using 'MStar Demo-8 (2- NVIDIA High Definition Audio)' : 2 channels at 48 kHz using 16 bits per sample (channel mask 0x3)
[2016.12.13-20.32.23:015][985]LogInit: FAudioDevice initialized.
[2016.12.13-20.32.24:112][985]LogTexture:Display: Building textures: Run (AutoDXT)
[2016.12.13-20.32.24:170][985]LogTexture:Display: Building textures: Idle (AutoDXT)
[2016.12.13-20.32.24:210][985]LogWorld: Game class is 'My2DGame_C'
[2016.12.13-20.32.24:307][985]LogWorld: Bringing World /Game/UEDPIE_0_Level1.Level1 up for play (max tick rate 0) at 2016.12.13-20.32.24
[2016.12.13-20.32.24:350][985]LogWorld: Bringing up level for play took: 0.041362
[2016.12.13-20.32.24:501][985]LogContentBrowser: Native class hierarchy updated for 'MovieSceneCapture' in 0.0015 seconds. Added 11 classes and 0 folders.
[2016.12.13-20.32.24:501][985]LogGameMode:Display: Match State Changed from EnteringMap to WaitingToStart
[2016.12.13-20.32.24:512][985]LogGameState: Match State Changed from EnteringMap to WaitingToStart
[2016.12.13-20.32.24:513][985]LogGameMode:Display: Match State Changed from WaitingToStart to InProgress
[2016.12.13-20.32.24:581][985]LogGameState: Match State Changed from WaitingToStart to InProgress
[2016.12.13-20.32.24:591][985]PIE: Info Play in editor start time for /Game/UEDPIE_0_Level1 2.435
[2016.12.13-20.32.25:022][986]LogCharacterMovement:Warning: GetSimulationTimeStep() - Max iterations 8 hit while remaining time 0.080409 > MaxSimulationTimeStep (0.050) for 'Dave_C_0', movement 'Walking'
[2016.12.13-20.32.40:751][850]LogPlayLevel: PlayLevel: No blueprints needed recompiling
[2016.12.13-20.32.40:751][850]PIE: New page: PIE session: Level1 (13 Dec 2016 20:32:40)
[2016.12.13-20.32.40:751][850]LogPlayLevel: Creating play world package: /Game/UEDPIE_0_Level1
[2016.12.13-20.32.40:753][850]LogPlayLevel: PIE: StaticDuplicateObject took: (0.001655s)
[2016.12.13-20.32.40:753][850]LogAIModule: Creating AISystem for world Level1
[2016.12.13-20.32.40:753][850]LogPlayLevel: PIE: World Init took: (0.000548s)
[2016.12.13-20.32.40:753][850]LogPlayLevel: PIE: Created PIE world by copying editor world from /Game/Level1.Level1 to /Game/UEDPIE_0_Level1.Level1 (0.002361s)
[2016.12.13-20.32.40:767][850]LogInit: XAudio2 using 'MStar Demo-8 (2- NVIDIA High Definition Audio)' : 2 channels at 48 kHz using 16 bits per sample (channel mask 0x3)
[2016.12.13-20.32.40:771][850]LogInit: FAudioDevice initialized.
[2016.12.13-20.32.40:801][850]LogWorld: Game class is 'My2DGame_C'
[2016.12.13-20.32.40:804][850]LogWorld: Bringing World /Game/UEDPIE_0_Level1.Level1 up for play (max tick rate 0) at 2016.12.13-20.32.40
[2016.12.13-20.32.40:804][850]LogWorld: Bringing up level for play took: 0.002503
[2016.12.13-20.32.40:805][850]LogGameMode:Display: Match State Changed from EnteringMap to WaitingToStart
[2016.12.13-20.32.40:805][850]LogGameState: Match State Changed from EnteringMap to WaitingToStart
[2016.12.13-20.32.40:805][850]LogGameMode:Display: Match State Changed from WaitingToStart to InProgress
[2016.12.13-20.32.40:805][850]LogGameState: Match State Changed from WaitingToStart to InProgress
[2016.12.13-20.32.40:805][850]PIE: Info Play in editor start time for /Game/UEDPIE_0_Level1 0.65
[2016.12.13-20.33.15:027][736]LogContentBrowser: Native class hierarchy updated for 'BlueprintGraph' in 0.0024 seconds. Added 112 classes and 0 folders.
[2016.12.13-20.33.16:313][736]LogTexture:Display: Building textures: TilePatine_N (BC5)
[2016.12.13-20.33.16:827][736]LogScriptCore:Warning: Script Msg: Divide by zero
Script call stack:
	Function /Game/NewSprites/Blueprints/Rope_Climb.Rope_Climb_C:UserConstructionScript

[2016.12.13-20.33.16:827][736]LogScriptCore:Warning: 
[2016.12.13-20.33.16:827][736]LogScriptCore:Warning: Script Msg: Divide by zero
Script call stack:
	Function /Game/NewSprites/Blueprints/Rope_Climb.Rope_Climb_C:UserConstructionScript

[2016.12.13-20.33.16:827][736]LogScriptCore:Warning: 
[2016.12.13-20.33.16:832][736]LogPhysics:Warning: Scale 'X=1.000 Y=1.000 Z=0.000' is not valid on object '/Engine/Transient.World_0:PersistentLevel.Rope_Climb_C_0.Box'.
[2016.12.13-20.33.45:772][646]LogWindowsTextInputMethodSystem:Display: IME system now deactivated.
[2016.12.13-20.33.45:926][647]Cmd: QUIT_EDITOR
[2016.12.13-20.33.46:723][647]LogExit: Preparing to exit.
[2016.12.13-20.33.48:156][647]LogExit: Editor shut down
[2016.12.13-20.33.48:156][647]LogExit: Transaction tracking system shut down
[2016.12.13-20.33.48:287][647]LogObj: Freed 0b from 0 cluster array pools.
[2016.12.13-20.33.48:287][647]LogExit: Object subsystem successfully closed.
[2016.12.13-20.33.48:299][647]LogD3D11RHI: Shutdown
[2016.12.13-20.33.48:299][647]LogD3D11RHI: CleanupD3DDevice
[2016.12.13-20.33.48:346][647]LogD3D11RHI: ~FD3D11DynamicRHI
[2016.12.13-20.33.48:361][647]LogModuleManager: Shutting down and abandoning module BlueprintGraph (237)
[2016.12.13-20.33.48:361][647]LogModuleManager: Shutting down and abandoning module BlueprintProfiler (236)
[2016.12.13-20.33.48:369][647]LogModuleManager: Shutting down and abandoning module MovieSceneCapture (235)
[2016.12.13-20.33.48:369][647]LogModuleManager: Shutting down and abandoning module SynthBenchmark (234)
[2016.12.13-20.33.48:369][647]LogModuleManager: Shutting down and abandoning module HierarchicalLODOutliner (233)
[2016.12.13-20.33.48:369][647]LogModuleManager: Shutting down and abandoning module CrashTracker (232)
[2016.12.13-20.33.48:369][647]LogModuleManager: Shutting down and abandoning module SceneOutliner (231)
[2016.12.13-20.33.48:369][647]LogModuleManager: Shutting down and abandoning module WidgetCarousel (230)
[2016.12.13-20.33.48:369][647]LogModuleManager: Shutting down and abandoning module AddContentDialog (229)
[2016.12.13-20.33.48:369][647]LogDirectoryWatcher: A directory notification for 'D:/Epic Games/4.13/FeaturePacks/' was aborted.
[2016.12.13-20.33.48:370][647]LogModuleManager: Shutting down and abandoning module GameplayTags (228)
[2016.12.13-20.33.48:370][647]LogModuleManager: Shutting down and abandoning module EditorWidgets (227)
[2016.12.13-20.33.48:370][647]LogModuleManager: Shutting down and abandoning module CollectionManager (226)
[2016.12.13-20.33.48:370][647]LogDirectoryWatcher: A directory notification for 'E:/Uni Stuff/Media Studio/startingfrommidway/Content/Collections/' was aborted.
[2016.12.13-20.33.48:370][647]LogDirectoryWatcher: A directory notification for 'E:/Uni Stuff/Media Studio/startingfrommidway/Content/Developers/Alleluia/Collections/' was aborted.
[2016.12.13-20.33.48:370][647]LogDirectoryWatcher: A directory notification for 'E:/Uni Stuff/Media Studio/startingfrommidway/Saved/Collections/' was aborted.
[2016.12.13-20.33.48:370][647]LogModuleManager: Shutting down and abandoning module StatsViewer (225)
[2016.12.13-20.33.48:370][647]LogModuleManager: Shutting down and abandoning module FoliageEdit (224)
[2016.12.13-20.33.48:370][647]LogModuleManager: Shutting down and abandoning module LandscapeEditor (223)
[2016.12.13-20.33.48:370][647]LogModuleManager: Shutting down and abandoning module SceneDepthPickerMode (222)
[2016.12.13-20.33.48:370][647]LogModuleManager: Shutting down and abandoning module ActorPickerMode (221)
[2016.12.13-20.33.48:370][647]LogModuleManager: Shutting down and abandoning module GeometryMode (220)
[2016.12.13-20.33.48:370][647]LogModuleManager: Shutting down and abandoning module TextureAlignMode (219)
[2016.12.13-20.33.48:370][647]LogModuleManager: Shutting down and abandoning module BspMode (218)
[2016.12.13-20.33.48:370][647]LogModuleManager: Shutting down and abandoning module HardwareSurvey (217)
[2016.12.13-20.33.48:370][647]LogModuleManager: Shutting down and abandoning module SequenceRecorderSections (216)
[2016.12.13-20.33.48:370][647]LogModuleManager: Shutting down and abandoning module SequenceRecorder (215)
[2016.12.13-20.33.48:370][647]LogModuleManager: Shutting down and abandoning module AutomationWorker (214)
[2016.12.13-20.33.48:370][647]LogModuleManager: Shutting down and abandoning module MatineeToLevelSequence (213)
[2016.12.13-20.33.48:370][647]LogModuleManager: Shutting down and abandoning module PlacementMode (212)
[2016.12.13-20.33.48:371][647]LogModuleManager: Shutting down and abandoning module LevelSequenceEditor (211)
[2016.12.13-20.33.48:371][647]LogModuleManager: Shutting down and abandoning module WmfMediaFactory (210)
[2016.12.13-20.33.48:371][647]LogModuleManager: Shutting down and abandoning module WmfMediaEditor (209)
[2016.12.13-20.33.48:371][647]LogModuleManager: Shutting down and abandoning module AvfMediaFactory (208)
[2016.12.13-20.33.48:371][647]LogModuleManager: Shutting down and abandoning module AvfMediaEditor (207)
[2016.12.13-20.33.48:371][647]LogModuleManager: Shutting down and abandoning module Media (206)
[2016.12.13-20.33.48:371][647]LogModuleManager: Shutting down and abandoning module AndroidMediaFactory (205)
[2016.12.13-20.33.48:371][647]LogModuleManager: Shutting down and abandoning module AndroidMediaEditor (204)
[2016.12.13-20.33.48:371][647]LogModuleManager: Shutting down and abandoning module CharacterAI (203)
[2016.12.13-20.33.48:371][647]LogModuleManager: Shutting down and abandoning module SmartSnapping (202)
[2016.12.13-20.33.48:371][647]LogModuleManager: Shutting down and abandoning module SessionServices (201)
[2016.12.13-20.33.48:371][647]LogModuleManager: Shutting down and abandoning module ViewportSnapping (200)
[2016.12.13-20.33.48:371][647]LogModuleManager: Shutting down and abandoning module ViewportInteraction (199)
[2016.12.13-20.33.48:371][647]LogModuleManager: Shutting down and abandoning module LogVisualizer (198)
[2016.12.13-20.33.48:371][647]LogModuleManager: Shutting down and abandoning module GameProjectGeneration (197)
[2016.12.13-20.33.48:371][647]LogModuleManager: Shutting down and abandoning module IntroTutorials (196)
[2016.12.13-20.33.48:371][647]LogModuleManager: Shutting down and abandoning module EditorLiveStreaming (195)
[2016.12.13-20.33.48:371][647]LogModuleManager: Shutting down and abandoning module IOSPlatformEditor (194)
[2016.12.13-20.33.48:371][647]LogModuleManager: Shutting down and abandoning module HTML5PlatformEditor (193)
[2016.12.13-20.33.48:371][647]LogModuleManager: Shutting down and abandoning module AndroidDeviceDetection (192)
[2016.12.13-20.33.49:044][647]LogModuleManager: Shutting down and abandoning module AndroidPlatformEditor (191)
[2016.12.13-20.33.49:044][647]LogModuleManager: Shutting down and abandoning module IOSRuntimeSettings (190)
[2016.12.13-20.33.49:044][647]LogModuleManager: Shutting down and abandoning module AndroidRuntimeSettings (189)
[2016.12.13-20.33.49:044][647]LogModuleManager: Shutting down and abandoning module NiagaraEditor (188)
[2016.12.13-20.33.49:044][647]LogModuleManager: Shutting down and abandoning module MergeActors (187)
[2016.12.13-20.33.49:044][647]LogModuleManager: Shutting down and abandoning module SizeMap (186)
[2016.12.13-20.33.49:044][647]LogModuleManager: Shutting down and abandoning module TreeMap (185)
[2016.12.13-20.33.49:044][647]LogModuleManager: Shutting down and abandoning module ReferenceViewer (184)
[2016.12.13-20.33.49:044][647]LogModuleManager: Shutting down and abandoning module LocalizationService (183)
[2016.12.13-20.33.49:044][647]LogModuleManager: Shutting down and abandoning module LocalizationDashboard (182)
[2016.12.13-20.33.49:044][647]LogModuleManager: Shutting down and abandoning module HardwareTargeting (181)
[2016.12.13-20.33.49:044][647]LogModuleManager: Shutting down and abandoning module DeviceProfileEditor (180)
[2016.12.13-20.33.49:044][647]LogModuleManager: Shutting down and abandoning module UndoHistory (179)
[2016.12.13-20.33.49:044][647]LogModuleManager: Shutting down and abandoning module UserFeedback (178)
[2016.12.13-20.33.49:044][647]LogModuleManager: Shutting down and abandoning module XmlParser (177)
[2016.12.13-20.33.49:044][647]LogModuleManager: Shutting down and abandoning module Blutility (176)
[2016.12.13-20.33.49:044][647]LogModuleManager: Shutting down and abandoning module ProjectTargetPlatformEditor (175)
[2016.12.13-20.33.49:045][647]LogModuleManager: Shutting down and abandoning module ProjectSettingsViewer (174)
[2016.12.13-20.33.49:045][647]LogModuleManager: Shutting down and abandoning module InputBindingEditor (173)
[2016.12.13-20.33.49:045][647]LogModuleManager: Shutting down and abandoning module EditorSettingsViewer (172)
[2016.12.13-20.33.49:045][647]LogModuleManager: Shutting down and abandoning module SettingsEditor (171)
[2016.12.13-20.33.49:045][647]LogModuleManager: Shutting down and abandoning module ProjectLauncher (170)
[2016.12.13-20.33.49:045][647]LogModuleManager: Shutting down and abandoning module SessionFrontend (169)
[2016.12.13-20.33.49:045][647]LogModuleManager: Shutting down and abandoning module ProfilerClient (168)
[2016.12.13-20.33.49:045][647]LogModuleManager: Shutting down and abandoning module TargetDeviceServices (167)
[2016.12.13-20.33.49:045][647]LogModuleManager: Shutting down and abandoning module DeviceManager (166)
[2016.12.13-20.33.49:088][647]LogModuleManager: Shutting down and abandoning module AutomationController (165)
[2016.12.13-20.33.49:088][647]LogModuleManager: Shutting down and abandoning module AutomationWindow (164)
[2016.12.13-20.33.49:088][647]LogModuleManager: Shutting down and abandoning module Layers (163)
[2016.12.13-20.33.49:088][647]LogModuleManager: Shutting down and abandoning module ComponentVisualizers (162)
[2016.12.13-20.33.49:088][647]LogModuleManager: Shutting down and abandoning module DetailCustomizations (161)
[2016.12.13-20.33.49:088][647]LogModuleManager: Shutting down and abandoning module PackagesDialog (160)
[2016.12.13-20.33.49:088][647]LogModuleManager: Shutting down and abandoning module AnimGraph (159)
[2016.12.13-20.33.49:088][647]LogModuleManager: Shutting down and abandoning module Persona (158)
[2016.12.13-20.33.49:088][647]LogModuleManager: Shutting down and abandoning module Kismet (157)
[2016.12.13-20.33.49:094][647]LogModuleManager: Shutting down and abandoning module GraphEditor (156)
[2016.12.13-20.33.49:094][647]LogModuleManager: Shutting down and abandoning module ClassViewer (155)
[2016.12.13-20.33.49:094][647]LogModuleManager: Shutting down and abandoning module Toolbox (154)
[2016.12.13-20.33.49:094][647]LogModuleManager: Shutting down and abandoning module ModuleUI (153)
[2016.12.13-20.33.49:094][647]LogModuleManager: Shutting down and abandoning module MovieSceneTools (152)
[2016.12.13-20.33.49:094][647]LogModuleManager: Shutting down and abandoning module OutputLog (151)
[2016.12.13-20.33.49:094][647]LogModuleManager: Shutting down and abandoning module GammaUI (150)
[2016.12.13-20.33.49:094][647]LogModuleManager: Shutting down and abandoning module Documentation (149)
[2016.12.13-20.33.49:094][647]LogModuleManager: Shutting down and abandoning module Niagara (148)
[2016.12.13-20.33.49:094][647]LogModuleManager: Shutting down and abandoning module StreamingPauseRendering (147)
[2016.12.13-20.33.49:094][647]LogModuleManager: Shutting down and abandoning module AnalyticsET (146)
[2016.12.13-20.33.49:094][647]LogModuleManager: Shutting down and abandoning module PortalServices (145)
[2016.12.13-20.33.49:094][647]LogModuleManager: Shutting down and abandoning module PortalRpc (144)
[2016.12.13-20.33.49:094][647]LogModuleManager: Shutting down and abandoning module MessagingRpc (143)
[2016.12.13-20.33.49:094][647]LogModuleManager: Shutting down and abandoning module GameplayDebugger (142)
[2016.12.13-20.33.49:094][647]LogModuleManager: Shutting down and abandoning module AITestSuite (141)
[2016.12.13-20.33.49:094][647]LogModuleManager: Shutting down and abandoning module AIModule (140)
[2016.12.13-20.33.49:094][647]LogModuleManager: Shutting down and abandoning module ProfilerService (139)
[2016.12.13-20.33.49:254][647]LogModuleManager: Shutting down and abandoning module TaskGraph (138)
[2016.12.13-20.33.49:254][647]LogModuleManager: Shutting down and abandoning module SlateRemote (137)
[2016.12.13-20.33.49:254][647]LogModuleManager: Shutting down and abandoning module SteamVRController (136)
[2016.12.13-20.33.49:254][647]LogModuleManager: Shutting down and abandoning module SteamVR (135)
[2016.12.13-20.33.49:254][647]LogModuleManager: Shutting down and abandoning module ProceduralMeshComponentEditor (134)
[2016.12.13-20.33.49:254][647]LogModuleManager: Shutting down and abandoning module ProceduralMeshComponent (133)
[2016.12.13-20.33.49:254][647]LogModuleManager: Shutting down and abandoning module OculusLibrary (132)
[2016.12.13-20.33.49:254][647]LogModuleManager: Shutting down and abandoning module OculusInput (131)
[2016.12.13-20.33.49:254][647]LogModuleManager: Shutting down and abandoning module CustomMeshComponent (130)
[2016.12.13-20.33.49:254][647]LogModuleManager: Shutting down and abandoning module CableComponent (129)
[2016.12.13-20.33.49:254][647]LogModuleManager: Shutting down and abandoning module ArchVisCharacter (128)
[2016.12.13-20.33.49:254][647]LogModuleManager: Shutting down and abandoning module MediaPlayerEditor (126)
[2016.12.13-20.33.49:254][647]LogModuleManager: Shutting down and abandoning module HTML5Networking (125)
[2016.12.13-20.33.49:254][647]LogModuleManager: Shutting down and abandoning module GeometryCacheEd (124)
[2016.12.13-20.33.49:254][647]LogModuleManager: Shutting down and abandoning module GeometryCache (123)
[2016.12.13-20.33.49:254][647]LogModuleManager: Shutting down and abandoning module AlembicLibrary (122)
[2016.12.13-20.33.49:254][647]LogModuleManager: Shutting down and abandoning module AlembicImporter (121)
[2016.12.13-20.33.49:254][647]LogModuleManager: Shutting down and abandoning module SuperSearch (120)
[2016.12.13-20.33.49:254][647]LogModuleManager: Shutting down and abandoning module SuperSearchEditor (119)
[2016.12.13-20.33.49:254][647]LogModuleManager: Shutting down and abandoning module SpeedTreeImporter (118)
[2016.12.13-20.33.49:254][647]LogModuleManager: Shutting down and abandoning module PluginBrowser (117)
[2016.12.13-20.33.49:255][647]LogModuleManager: Shutting down and abandoning module MobileLauncherProfileWizard (116)
[2016.12.13-20.33.49:255][647]LogModuleManager: Shutting down and abandoning module EpicSurvey (115)
[2016.12.13-20.33.49:255][647]LogModuleManager: Shutting down and abandoning module DesktopPlatform (114)
[2016.12.13-20.33.49:255][647]LogModuleManager: Shutting down and abandoning module VisualStudioSourceCodeAccess (113)
[2016.12.13-20.33.49:255][647]LogModuleManager: Shutting down and abandoning module UObjectPlugin (112)
[2016.12.13-20.33.49:255][647]LogModuleManager: Shutting down and abandoning module SubversionSourceControl (111)
[2016.12.13-20.33.49:255][647]LogModuleManager: Shutting down and abandoning module PerforceSourceControl (110)
[2016.12.13-20.33.49:255][647]LogModuleManager: Shutting down and abandoning module SourceControl (109)
[2016.12.13-20.33.49:255][647]LogModuleManager: Shutting down and abandoning module GitSourceControl (108)
[2016.12.13-20.33.49:255][647]LogModuleManager: Shutting down and abandoning module LightPropagationVolumeEditor (107)
[2016.12.13-20.33.49:255][647]LogModuleManager: Shutting down and abandoning module PaperTiledImporter (106)
[2016.12.13-20.33.49:255][647]LogModuleManager: Shutting down and abandoning module PaperSpriteSheetImporter (105)
[2016.12.13-20.33.49:255][647]LogModuleManager: Shutting down and abandoning module MeshPaint (104)
[2016.12.13-20.33.49:255][647]LogModuleManager: Shutting down and abandoning module FbxAutomationBuilderModule (103)
[2016.12.13-20.33.49:255][647]LogModuleManager: Shutting down and abandoning module PixelInspectorModule (102)
[2016.12.13-20.33.49:255][647]LogModuleManager: Shutting down and abandoning module HotReload (101)
[2016.12.13-20.33.49:255][647]LogModuleManager: Shutting down and abandoning module MainFrame (100)
[2016.12.13-20.33.49:255][647]LogModuleManager: Shutting down and abandoning module LevelEditor (99)
[2016.12.13-20.33.49:256][647]LogModuleManager: Shutting down and abandoning module ContentBrowser (98)
[2016.12.13-20.33.49:257][647]LogModuleManager: Shutting down and abandoning module Paper2DEditor (97)
[2016.12.13-20.33.49:257][647]LogModuleManager: Shutting down and abandoning module UdpMessaging (96)
[2016.12.13-20.33.49:358][647]LogModuleManager: Shutting down and abandoning module TcpMessaging (95)
[2016.12.13-20.33.49:358][647]LogModuleManager: Shutting down and abandoning module LightPropagationVolumeRuntime (94)
[2016.12.13-20.33.49:358][647]LogModuleManager: Shutting down and abandoning module Paper2D (93)
[2016.12.13-20.33.49:358][647]LogModuleManager: Shutting down and abandoning module WindowsMoviePlayer (92)
[2016.12.13-20.33.49:358][647]LogModuleManager: Shutting down and abandoning module WmfMedia (91)
[2016.12.13-20.33.49:358][647]LogModuleManager: Shutting down and abandoning module MediaAssets (90)
[2016.12.13-20.33.49:358][647]LogModuleManager: Shutting down and abandoning module GameLiveStreaming (89)
[2016.12.13-20.33.49:358][647]LogModuleManager: Shutting down and abandoning module GameplayTagsEditor (88)
[2016.12.13-20.33.49:358][647]LogModuleManager: Shutting down and abandoning module VREditor (87)
[2016.12.13-20.33.49:358][647]LogModuleManager: Shutting down and abandoning module GameplayTasksEditor (86)
[2016.12.13-20.33.49:358][647]LogModuleManager: Shutting down and abandoning module PropertyEditor (85)
[2016.12.13-20.33.49:358][647]LogModuleManager: Shutting down and abandoning module BehaviorTreeEditor (84)
[2016.12.13-20.33.49:358][647]LogModuleManager: Shutting down and abandoning module FunctionalTesting (83)
[2016.12.13-20.33.49:358][647]LogModuleManager: Shutting down and abandoning module CollisionAnalyzer (82)
[2016.12.13-20.33.49:358][647]LogModuleManager: Shutting down and abandoning module Sequencer (81)
[2016.12.13-20.33.49:358][647]LogModuleManager: Shutting down and abandoning module WorkspaceMenuStructure (80)
[2016.12.13-20.33.49:358][647]LogModuleManager: Shutting down and abandoning module MessageLog (79)
[2016.12.13-20.33.49:358][647]LogModuleManager: Shutting down and abandoning module AssetTools (78)
[2016.12.13-20.33.49:358][647]LogModuleManager: Shutting down and abandoning module UMGEditor (77)
[2016.12.13-20.33.49:358][647]LogModuleManager: Shutting down and abandoning module UMG (76)
[2016.12.13-20.33.49:359][647]LogModuleManager: Shutting down and abandoning module SlateReflector (75)
[2016.12.13-20.33.49:359][647]LogModuleManager: Shutting down and abandoning module Slate (74)
[2016.12.13-20.33.49:359][647]LogModuleManager: Shutting down and abandoning module EditorStyle (73)
[2016.12.13-20.33.49:361][647]LogModuleManager: Shutting down and abandoning module SourceCodeAccess (72)
[2016.12.13-20.33.49:361][647]LogModuleManager: Shutting down and abandoning module HeadMountedDisplay (71)
[2016.12.13-20.33.49:361][647]LogModuleManager: Shutting down and abandoning module XAudio2 (70)
[2016.12.13-20.33.49:361][647]LogModuleManager: Shutting down and abandoning module Networking (68)
[2016.12.13-20.33.49:361][647]LogModuleManager: Shutting down and abandoning module Core (67)
[2016.12.13-20.33.49:361][647]LogModuleManager: Shutting down and abandoning module DirectoryWatcher (66)
[2016.12.13-20.33.49:361][647]LogDirectoryWatcher: A directory notification for '../../../Engine/Content/' was aborted.
[2016.12.13-20.33.49:361][647]LogDirectoryWatcher: A directory notification for 'E:/Uni Stuff/Media Studio/startingfrommidway/Content/' was aborted.
[2016.12.13-20.33.49:361][647]LogDirectoryWatcher: A directory notification for '../../../Engine/Plugins/2D/Paper2D/Content/' was aborted.
[2016.12.13-20.33.49:362][647]LogModuleManager: Shutting down and abandoning module AssetRegistry (65)
[2016.12.13-20.33.49:805][647]LogModuleManager: Shutting down and abandoning module KismetCompiler (64)
[2016.12.13-20.33.49:805][647]LogModuleManager: Shutting down and abandoning module PhysXFormats (63)
[2016.12.13-20.33.49:805][647]LogModuleManager: Shutting down and abandoning module MeshUtilities (62)
[2016.12.13-20.33.49:805][647]LogModuleManager: Shutting down and abandoning module DerivedDataCache (61)
[2016.12.13-20.33.49:865][647]LogDerivedDataCache: Shutdown
[2016.12.13-20.33.49:865][647]LogModuleManager: Shutting down and abandoning module VulkanShaderFormat (60)
[2016.12.13-20.33.49:865][647]LogModuleManager: Shutting down and abandoning module ShaderFormatOpenGL (59)
[2016.12.13-20.33.49:865][647]LogModuleManager: Shutting down and abandoning module ShaderFormatD3D (58)
[2016.12.13-20.33.49:865][647]LogModuleManager: Shutting down and abandoning module MetalShaderFormat (57)
[2016.12.13-20.33.49:865][647]LogModuleManager: Shutting down and abandoning module TextureFormatUncompressed (56)
[2016.12.13-20.33.49:865][647]LogModuleManager: Shutting down and abandoning module TextureFormatPVR (55)
[2016.12.13-20.33.49:865][647]LogModuleManager: Shutting down and abandoning module TextureFormatDXT (54)
[2016.12.13-20.33.49:865][647]LogModuleManager: Shutting down and abandoning module TextureFormatIntelISPCTexComp (53)
[2016.12.13-20.33.49:865][647]LogModuleManager: Shutting down and abandoning module ImageWrapper (52)
[2016.12.13-20.33.49:865][647]LogModuleManager: Shutting down and abandoning module TextureFormatASTC (51)
[2016.12.13-20.33.49:865][647]LogModuleManager: Shutting down and abandoning module TextureFormatAndroid (50)
[2016.12.13-20.33.49:865][647]LogModuleManager: Shutting down and abandoning module AudioFormatOpus (49)
[2016.12.13-20.33.49:865][647]LogModuleManager: Shutting down and abandoning module AudioFormatOgg (48)
[2016.12.13-20.33.49:865][647]LogModuleManager: Shutting down and abandoning module AudioFormatADPCM (47)
[2016.12.13-20.33.49:866][647]LogModuleManager: Shutting down and abandoning module LinuxTargetPlatform (46)
[2016.12.13-20.33.49:866][647]LogModuleManager: Shutting down and abandoning module LinuxServerTargetPlatform (45)
[2016.12.13-20.33.49:866][647]LogModuleManager: Shutting down and abandoning module LinuxNoEditorTargetPlatform (44)
[2016.12.13-20.33.49:866][647]LogModuleManager: Shutting down and abandoning module LinuxClientTargetPlatform (43)
[2016.12.13-20.33.49:866][647]LogModuleManager: Shutting down and abandoning module TVOSTargetPlatform (42)
[2016.12.13-20.33.49:866][647]LogModuleManager: Shutting down and abandoning module Messaging (41)
[2016.12.13-20.33.49:866][647]LogModuleManager: Shutting down and abandoning module IOSTargetPlatform (40)
[2016.12.13-20.33.49:866][647]LogModuleManager: Shutting down and abandoning module HTML5TargetPlatform (39)
[2016.12.13-20.33.49:866][647]LogModuleManager: Shutting down and abandoning module Android_PVRTCTargetPlatform (38)
[2016.12.13-20.33.49:866][647]LogModuleManager: Shutting down and abandoning module Android_MultiTargetPlatform (37)
[2016.12.13-20.33.49:866][647]LogModuleManager: Shutting down and abandoning module Android_ETC2TargetPlatform (36)
[2016.12.13-20.33.49:866][647]LogModuleManager: Shutting down and abandoning module Android_ETC1TargetPlatform (35)
[2016.12.13-20.33.49:866][647]LogModuleManager: Shutting down and abandoning module Android_DXTTargetPlatform (34)
[2016.12.13-20.33.49:866][647]LogModuleManager: Shutting down and abandoning module Android_ATCTargetPlatform (33)
[2016.12.13-20.33.49:866][647]LogModuleManager: Shutting down and abandoning module Android_ASTCTargetPlatform (32)
[2016.12.13-20.33.49:866][647]LogModuleManager: Shutting down and abandoning module AndroidTargetPlatform (31)
[2016.12.13-20.33.49:866][647]LogModuleManager: Shutting down and abandoning module WindowsTargetPlatform (30)
[2016.12.13-20.33.49:866][647]LogModuleManager: Shutting down and abandoning module WindowsServerTargetPlatform (29)
[2016.12.13-20.33.49:866][647]LogModuleManager: Shutting down and abandoning module WindowsNoEditorTargetPlatform (28)
[2016.12.13-20.33.49:866][647]LogModuleManager: Shutting down and abandoning module WindowsClientTargetPlatform (27)
[2016.12.13-20.33.49:866][647]LogModuleManager: Shutting down and abandoning module AllDesktopTargetPlatform (26)
[2016.12.13-20.33.49:866][647]LogModuleManager: Shutting down and abandoning module TargetPlatform (25)
[2016.12.13-20.33.49:866][647]LogModuleManager: Shutting down and abandoning module InputCore (24)
[2016.12.13-20.33.49:866][647]LogModuleManager: Shutting down and abandoning module Settings (23)
[2016.12.13-20.33.49:866][647]LogModuleManager: Shutting down and abandoning module OculusRift (22)
[2016.12.13-20.33.49:866][647]LogModuleManager: Shutting down and abandoning module GearVR (21)
[2016.12.13-20.33.49:866][647]LogModuleManager: Shutting down and abandoning module ExampleDeviceProfileSelector (20)
[2016.12.13-20.33.49:866][647]LogModuleManager: Shutting down and abandoning module OnlineBlueprintSupport (19)
[2016.12.13-20.33.49:866][647]LogModuleManager: Shutting down and abandoning module OnlineSubsystem (17)
[2016.12.13-20.33.49:866][647]LogOnline:Display: Unloading online subsystem: NULL
[2016.12.13-20.33.49:866][647]LogModuleManager: Shutting down and abandoning module HTTP (16)
[2016.12.13-20.33.49:866][647]LogHttp:Display: Http module shutting down, but needs to wait on 1 outstanding Http requests:
[2016.12.13-20.33.49:866][647]LogHttp:Display: 	verb=[POST] url=[https://datarouter.ol.epicgames.com/datarouter/api/v1/public/data?SessionID=%7BE799808D-4DF7-2B0F-7F56-9496F25DE704%7D&AppID=UEEditor.Rocket.Release&AppVersion=%2B%2BUE4%2BRelease-4.13-CL-3106830&UserID=dc139048458ae0004cea1fbca4a2ae60%7Cf144a0489f9b4e94af1da2a2ffa9e273%7Cfaa2fc26-7a2e-4778-bd61-aabdbcf8af26&AppEnvironment=datacollector-binary&UploadType=eteventstream] status=Processing
[2016.12.13-20.33.49:889][647]LogModuleManager: Shutting down and abandoning module XMPP (15)
[2016.12.13-20.33.49:889][647]LogModuleManager: Shutting down and abandoning module TextureCompressor (14)
[2016.12.13-20.33.49:889][647]LogModuleManager: Shutting down and abandoning module ShaderCore (13)
[2016.12.13-20.33.49:889][647]LogModuleManager: Shutting down and abandoning module Landscape (12)
[2016.12.13-20.33.49:889][647]LogModuleManager: Shutting down and abandoning module SlateRHIRenderer (11)
[2016.12.13-20.33.49:892][647]LogModuleManager: Shutting down and abandoning module OpenGLDrv (10)
[2016.12.13-20.33.49:892][647]LogModuleManager: Shutting down and abandoning module D3D11RHI (9)
[2016.12.13-20.33.49:892][647]LogModuleManager: Shutting down and abandoning module AnimGraphRuntime (8)
[2016.12.13-20.33.49:892][647]LogModuleManager: Shutting down and abandoning module Renderer (7)
[2016.12.13-20.33.49:892][647]LogModuleManager: Shutting down and abandoning module Engine (6)
[2016.12.13-20.33.49:892][647]LogModuleManager: Shutting down and abandoning module CoreUObject (5)
[2016.12.13-20.33.49:892][647]LogModuleManager: Shutting down and abandoning module NetworkFile (4)
[2016.12.13-20.33.49:892][647]LogModuleManager: Shutting down and abandoning module StreamingFile (3)
[2016.12.13-20.33.49:892][647]LogModuleManager: Shutting down and abandoning module SandboxFile (2)
[2016.12.13-20.33.49:892][647]LogModuleManager: Shutting down and abandoning module PakFile (1)
[2016.12.13-20.33.49:895][647]LogExit: Exiting.
[2016.12.13-20.33.49:897][647]Log file closed, 12/13/16 20:33:49
