Log file open, 12/16/16 19:56:08
LogInit:Display: Running engine for game: Ryans
LogPlatformFile: Not using cached read wrapper
LogInit:Display: RandInit(539529243) SRandInit(539529243).
LogTaskGraph: Started task graph with 5 named threads and 8 total threads with 1 sets of task threads.
LogStats: Stats thread started at 3.548594
LogPluginManager: Loaded Plugin Paper2D, From D:/Epic Games/4.14/Engine/Plugins/2D/Paper2D/Paper2D.uplugin
LogPluginManager: Loaded Plugin LightPropagationVolume, From D:/Epic Games/4.14/Engine/Plugins/Blendables/LightPropagationVolume/LightPropagationVolume.uplugin
LogPluginManager: Loaded Plugin BlankPlugin, From D:/Epic Games/4.14/Engine/Plugins/Developer/BlankPlugin/BlankPlugin.uplugin
LogPluginManager: Loaded Plugin CodeLiteSourceCodeAccess, From D:/Epic Games/4.14/Engine/Plugins/Developer/CodeLiteSourceCodeAccess/CodeLiteSourceCodeAccess.uplugin
LogPluginManager: Loaded Plugin GitSourceControl, From D:/Epic Games/4.14/Engine/Plugins/Developer/GitSourceControl/GitSourceControl.uplugin
LogPluginManager: Loaded Plugin KDevelopSourceCodeAccess, From D:/Epic Games/4.14/Engine/Plugins/Developer/KDevelopSourceCodeAccess/KDevelopSourceCodeAccess.uplugin
LogPluginManager: Loaded Plugin NullSourceCodeAccess, From D:/Epic Games/4.14/Engine/Plugins/Developer/NullSourceCodeAccess/NullSourceCodeAccess.uplugin
LogPluginManager: Loaded Plugin OneSkyLocalizationService, From D:/Epic Games/4.14/Engine/Plugins/Developer/OneSkyLocalizationService/OneSkyLocalizationService.uplugin
LogPluginManager: Loaded Plugin PerforceSourceControl, From D:/Epic Games/4.14/Engine/Plugins/Developer/PerforceSourceControl/PerforceSourceControl.uplugin
LogPluginManager: Loaded Plugin SubversionSourceControl, From D:/Epic Games/4.14/Engine/Plugins/Developer/SubversionSourceControl/SubversionSourceControl.uplugin
LogPluginManager: Loaded Plugin UObjectPlugin, From D:/Epic Games/4.14/Engine/Plugins/Developer/UObjectPlugin/UObjectPlugin.uplugin
LogPluginManager: Loaded Plugin VisualStudioSourceCodeAccess, From D:/Epic Games/4.14/Engine/Plugins/Developer/VisualStudioSourceCodeAccess/VisualStudioSourceCodeAccess.uplugin
LogPluginManager: Loaded Plugin XCodeSourceCodeAccess, From D:/Epic Games/4.14/Engine/Plugins/Developer/XCodeSourceCodeAccess/XCodeSourceCodeAccess.uplugin
LogPluginManager: Loaded Plugin AudioCapture, From D:/Epic Games/4.14/Engine/Plugins/Editor/AudioCapture/AudioCapture.uplugin
LogPluginManager: Loaded Plugin EpicSurvey, From D:/Epic Games/4.14/Engine/Plugins/Editor/EpicSurvey/EpicSurvey.uplugin
LogPluginManager: Loaded Plugin MacGraphicsSwitching, From D:/Epic Games/4.14/Engine/Plugins/Editor/MacGraphicsSwitching/MacGraphicsSwitching.uplugin
LogPluginManager: Loaded Plugin MobileLauncherProfileWizard, From D:/Epic Games/4.14/Engine/Plugins/Editor/MobileLauncherProfileWizard/MobileLauncherProfileWizard.uplugin
LogPluginManager: Loaded Plugin PluginBrowser, From D:/Epic Games/4.14/Engine/Plugins/Editor/PluginBrowser/PluginBrowser.uplugin
LogPluginManager: Loaded Plugin SpeedTreeImporter, From D:/Epic Games/4.14/Engine/Plugins/Editor/SpeedTreeImporter/SpeedTreeImporter.uplugin
LogPluginManager: Loaded Plugin SuperSearchEditor, From D:/Epic Games/4.14/Engine/Plugins/Editor/SuperSearchEditor/SuperSearchEditor.uplugin
LogPluginManager: Loaded Plugin AlembicImporter, From D:/Epic Games/4.14/Engine/Plugins/Experimental/AlembicImporter/AlembicImporter.uplugin
LogPluginManager: Loaded Plugin BlueprintStats, From D:/Epic Games/4.14/Engine/Plugins/Experimental/BlueprintStats/BlueprintStats.uplugin
LogPluginManager: Loaded Plugin CharacterAI, From D:/Epic Games/4.14/Engine/Plugins/Experimental/CharacterAI/CharacterAI.uplugin
LogPluginManager: Loaded Plugin CodeEditor, From D:/Epic Games/4.14/Engine/Plugins/Experimental/CodeEditor/CodeEditor.uplugin
LogPluginManager: Loaded Plugin CodeView, From D:/Epic Games/4.14/Engine/Plugins/Experimental/CodeView/CodeView.uplugin
LogPluginManager: Loaded Plugin HTML5Networking, From D:/Epic Games/4.14/Engine/Plugins/Experimental/HTML5Networking/HTML5Networking.uplugin
LogPluginManager: Loaded Plugin OSVR, From D:/Epic Games/4.14/Engine/Plugins/Experimental/OSVR/OSVR.uplugin
LogPluginManager: Loaded Plugin Phya, From D:/Epic Games/4.14/Engine/Plugins/Experimental/Phya/Phya.uplugin
LogPluginManager: Loaded Plugin SignificanceManager, From D:/Epic Games/4.14/Engine/Plugins/Experimental/SignificanceManager/SignificanceManager.uplugin
LogPluginManager: Loaded Plugin SimpleHMD, From D:/Epic Games/4.14/Engine/Plugins/Experimental/SimpleHMD/SimpleHMD.uplugin
LogPluginManager: Loaded Plugin StereoPanorama, From D:/Epic Games/4.14/Engine/Plugins/Experimental/StereoPanorama/StereoPanorama.uplugin
LogPluginManager: Loaded Plugin StructBox, From D:/Epic Games/4.14/Engine/Plugins/Experimental/StructBox/StructBox.uplugin
LogPluginManager: Loaded Plugin Substance, From D:/Epic Games/4.14/Engine/Plugins/Marketplace/Substance/Substance.uplugin
LogPluginManager: Loaded Plugin AndroidMedia, From D:/Epic Games/4.14/Engine/Plugins/Media/AndroidMedia/AndroidMedia.uplugin
LogPluginManager: Loaded Plugin AvfMedia, From D:/Epic Games/4.14/Engine/Plugins/Media/AvfMedia/AvfMedia.uplugin
LogPluginManager: Loaded Plugin MediaPlayerEditor, From D:/Epic Games/4.14/Engine/Plugins/Media/MediaPlayerEditor/MediaPlayerEditor.uplugin
LogPluginManager: Loaded Plugin WmfMedia, From D:/Epic Games/4.14/Engine/Plugins/Media/WmfMedia/WmfMedia.uplugin
LogPluginManager: Loaded Plugin MessagingDebugger, From D:/Epic Games/4.14/Engine/Plugins/Messaging/MessagingDebugger/MessagingDebugger.uplugin
LogPluginManager: Loaded Plugin TcpMessaging, From D:/Epic Games/4.14/Engine/Plugins/Messaging/TcpMessaging/TcpMessaging.uplugin
LogPluginManager: Loaded Plugin UdpMessaging, From D:/Epic Games/4.14/Engine/Plugins/Messaging/UdpMessaging/UdpMessaging.uplugin
LogPluginManager: Loaded Plugin LevelSequenceEditor, From D:/Epic Games/4.14/Engine/Plugins/MovieScene/LevelSequenceEditor/LevelSequenceEditor.uplugin
LogPluginManager: Loaded Plugin MatineeToLevelSequence, From D:/Epic Games/4.14/Engine/Plugins/MovieScene/MatineeToLevelSequence/MatineeToLevelSequence.uplugin
LogPluginManager: Loaded Plugin NetcodeUnitTest, From D:/Epic Games/4.14/Engine/Plugins/NetcodeUnitTest/NetcodeUnitTest/NetcodeUnitTest.uplugin
LogPluginManager: Loaded Plugin NUTUnrealEngine4, From D:/Epic Games/4.14/Engine/Plugins/NetcodeUnitTest/NUTUnrealEngine4/NUTUnrealEngine4.uplugin
LogPluginManager: Loaded Plugin OnlineSubsystemGameCircle, From D:/Epic Games/4.14/Engine/Plugins/Online/Android/OnlineSubsystemGameCircle/OnlineSubsystemGameCircle.uplugin
LogPluginManager: Loaded Plugin OnlineSubsystemGooglePlay, From D:/Epic Games/4.14/Engine/Plugins/Online/Android/OnlineSubsystemGooglePlay/OnlineSubsystemGooglePlay.uplugin
LogPluginManager: Loaded Plugin OnlineSubsystemIOS, From D:/Epic Games/4.14/Engine/Plugins/Online/IOS/OnlineSubsystemIOS/OnlineSubsystemIOS.uplugin
LogPluginManager: Loaded Plugin OnlineFramework, From D:/Epic Games/4.14/Engine/Plugins/Online/OnlineFramework/OnlineFramework.uplugin
LogPluginManager: Loaded Plugin OnlineSubsystem, From D:/Epic Games/4.14/Engine/Plugins/Online/OnlineSubsystem/OnlineSubsystem.uplugin
LogPluginManager: Loaded Plugin OnlineSubsystemAmazon, From D:/Epic Games/4.14/Engine/Plugins/Online/OnlineSubsystemAmazon/OnlineSubsystemAmazon.uplugin
LogPluginManager: Loaded Plugin OnlineSubsystemFacebook, From D:/Epic Games/4.14/Engine/Plugins/Online/OnlineSubsystemFacebook/OnlineSubsystemFacebook.uplugin
LogPluginManager: Loaded Plugin OnlineSubsystemNull, From D:/Epic Games/4.14/Engine/Plugins/Online/OnlineSubsystemNull/OnlineSubsystemNull.uplugin
LogPluginManager: Loaded Plugin OnlineSubsystemOculus, From D:/Epic Games/4.14/Engine/Plugins/Online/OnlineSubsystemOculus/OnlineSubsystemOculus.uplugin
LogPluginManager: Loaded Plugin OnlineSubsystemSteam, From D:/Epic Games/4.14/Engine/Plugins/Online/OnlineSubsystemSteam/OnlineSubsystemSteam.uplugin
LogPluginManager: Loaded Plugin OnlineSubsystemUtils, From D:/Epic Games/4.14/Engine/Plugins/Online/OnlineSubsystemUtils/OnlineSubsystemUtils.uplugin
LogPluginManager: Loaded Plugin IOSTapJoy, From D:/Epic Games/4.14/Engine/Plugins/Runtime/Advertising/IOSTapJoy/IOSTapJoy.uplugin
LogPluginManager: Loaded Plugin AnalyticsBlueprintLibrary, From D:/Epic Games/4.14/Engine/Plugins/Runtime/Analytics/AnalyticsBlueprintLibrary/AnalyticsBlueprintLibrary.uplugin
LogPluginManager: Loaded Plugin AnalyticsMulticast, From D:/Epic Games/4.14/Engine/Plugins/Runtime/Analytics/AnalyticsMulticast/AnalyticsMulticast.uplugin
LogPluginManager: Loaded Plugin Apsalar, From D:/Epic Games/4.14/Engine/Plugins/Runtime/Analytics/Apsalar/Apsalar.uplugin
LogPluginManager: Loaded Plugin FileLogging, From D:/Epic Games/4.14/Engine/Plugins/Runtime/Analytics/FileLogging/FileLogging.uplugin
LogPluginManager: Loaded Plugin Flurry, From D:/Epic Games/4.14/Engine/Plugins/Runtime/Analytics/Flurry/Flurry.uplugin
LogPluginManager: Loaded Plugin AndroidDeviceProfileSelector, From D:/Epic Games/4.14/Engine/Plugins/Runtime/AndroidDeviceProfileSelector/AndroidDeviceProfileSelector.uplugin
LogPluginManager: Loaded Plugin AndroidMoviePlayer, From D:/Epic Games/4.14/Engine/Plugins/Runtime/AndroidMoviePlayer/AndroidMoviePlayer.uplugin
LogPluginManager: Loaded Plugin AppleMoviePlayer, From D:/Epic Games/4.14/Engine/Plugins/Runtime/AppleMoviePlayer/AppleMoviePlayer.uplugin
LogPluginManager: Loaded Plugin ArchVisCharacter, From D:/Epic Games/4.14/Engine/Plugins/Runtime/ArchVisCharacter/ArchVisCharacter.uplugin
LogPluginManager: Loaded Plugin CableComponent, From D:/Epic Games/4.14/Engine/Plugins/Runtime/CableComponent/CableComponent.uplugin
LogPluginManager: Loaded Plugin CustomMeshComponent, From D:/Epic Games/4.14/Engine/Plugins/Runtime/CustomMeshComponent/CustomMeshComponent.uplugin
LogPluginManager: Loaded Plugin ExampleDeviceProfileSelector, From D:/Epic Games/4.14/Engine/Plugins/Runtime/ExampleDeviceProfileSelector/ExampleDeviceProfileSelector.uplugin
LogPluginManager: Loaded Plugin GearVR, From D:/Epic Games/4.14/Engine/Plugins/Runtime/GearVR/GearVR.uplugin
LogPluginManager: Loaded Plugin GoogleVRController, From D:/Epic Games/4.14/Engine/Plugins/Runtime/GoogleVR/GoogleVRController/GoogleVRController.uplugin
LogPluginManager: Loaded Plugin GoogleVRHMD, From D:/Epic Games/4.14/Engine/Plugins/Runtime/GoogleVR/GoogleVRHMD/GoogleVRHMD.uplugin
LogPluginManager: Loaded Plugin IOSDeviceProfileSelector, From D:/Epic Games/4.14/Engine/Plugins/Runtime/IOSDeviceProfileSelector/IOSDeviceProfileSelector.uplugin
LogPluginManager: Loaded Plugin LeapMotion, From D:/Epic Games/4.14/Engine/Plugins/Runtime/LeapMotion/LeapMotion.uplugin
LogPluginManager: Loaded Plugin LinuxDeviceProfileSelector, From D:/Epic Games/4.14/Engine/Plugins/Runtime/LinuxDeviceProfileSelector/LinuxDeviceProfileSelector.uplugin
LogPluginManager: Loaded Plugin MIDIDevice, From D:/Epic Games/4.14/Engine/Plugins/Runtime/MIDIDevice/MIDIDevice.uplugin
LogPluginManager: Loaded Plugin MobilePatchingUtils, From D:/Epic Games/4.14/Engine/Plugins/Runtime/MobilePatchingUtils/MobilePatchingUtils.uplugin
LogPluginManager: Loaded Plugin Ansel, From D:/Epic Games/4.14/Engine/Plugins/Runtime/Nvidia/Ansel/Ansel.uplugin
LogPluginManager: Loaded Plugin OculusAudio, From D:/Epic Games/4.14/Engine/Plugins/Runtime/OculusAudio/OculusAudio.uplugin
LogPluginManager: Loaded Plugin OculusInput, From D:/Epic Games/4.14/Engine/Plugins/Runtime/OculusInput/OculusInput.uplugin
LogPluginManager: Loaded Plugin OculusLibrary, From D:/Epic Games/4.14/Engine/Plugins/Runtime/OculusLibrary/OculusLibrary.uplugin
LogPluginManager: Loaded Plugin OculusRift, From D:/Epic Games/4.14/Engine/Plugins/Runtime/OculusRift/OculusRift.uplugin
LogPluginManager: Loaded Plugin Oodle, From D:/Epic Games/4.14/Engine/Plugins/Runtime/PacketHandlers/CompressionComponents/Oodle/Oodle.uplugin
LogPluginManager: Loaded Plugin ProceduralMeshComponent, From D:/Epic Games/4.14/Engine/Plugins/Runtime/ProceduralMeshComponent/ProceduralMeshComponent.uplugin
LogPluginManager: Loaded Plugin SoundMod, From D:/Epic Games/4.14/Engine/Plugins/Runtime/SoundMod/SoundMod.uplugin
LogPluginManager: Loaded Plugin SoundVisualizations, From D:/Epic Games/4.14/Engine/Plugins/Runtime/SoundVisualizations/SoundVisualizations.uplugin
LogPluginManager: Loaded Plugin SteamController, From D:/Epic Games/4.14/Engine/Plugins/Runtime/Steam/SteamController/SteamController.uplugin
LogPluginManager: Loaded Plugin SteamVR, From D:/Epic Games/4.14/Engine/Plugins/Runtime/Steam/SteamVR/SteamVR.uplugin
LogPluginManager: Loaded Plugin WebBrowserWidget, From D:/Epic Games/4.14/Engine/Plugins/Runtime/WebBrowserWidget/WebBrowserWidget.uplugin
LogPluginManager: Loaded Plugin WindowsDeviceProfileSelector, From D:/Epic Games/4.14/Engine/Plugins/Runtime/WindowsDeviceProfileSelector/WindowsDeviceProfileSelector.uplugin
LogPluginManager: Loaded Plugin WindowsMoviePlayer, From D:/Epic Games/4.14/Engine/Plugins/Runtime/WindowsMoviePlayer/WindowsMoviePlayer.uplugin
LogPluginManager: Loaded Plugin ScriptPlugin, From D:/Epic Games/4.14/Engine/Plugins/ScriptPlugin/ScriptPlugin.uplugin
LogPluginManager: Loaded Plugin SlateRemote, From D:/Epic Games/4.14/Engine/Plugins/Slate/SlateRemote/SlateRemote.uplugin
LogPluginManager: Loaded Plugin EditorTests, From D:/Epic Games/4.14/Engine/Plugins/Tests/EditorTests/EditorTests.uplugin
LogPluginManager: Loaded Plugin FbxAutomationTestBuilder, From D:/Epic Games/4.14/Engine/Plugins/Tests/FbxAutomationTestBuilder/FbxAutomationTestBuilder.uplugin
LogPluginManager: Loaded Plugin FunctionalTestingEditor, From D:/Epic Games/4.14/Engine/Plugins/Tests/FunctionalTestingEditor/FunctionalTestingEditor.uplugin
LogPluginManager: Loaded Plugin RuntimeTests, From D:/Epic Games/4.14/Engine/Plugins/Tests/RuntimeTests/RuntimeTests.uplugin
LogPluginManager: Loaded Plugin ScreenshotTools, From D:/Epic Games/4.14/Engine/Plugins/Tests/ScreenshotTools/ScreenshotTools.uplugin
LogInit: Using libcurl 7.47.1
LogInit:  - built for x86_64-pc-win32
LogInit:  - supports SSL with OpenSSL/1.0.2g
LogInit:  - supports HTTP deflate (compression) using libz 1.2.8
LogInit:  - other features:
LogInit:      CURL_VERSION_SSL
LogInit:      CURL_VERSION_LIBZ
LogInit:      CURL_VERSION_IPV6
LogInit:      CURL_VERSION_ASYNCHDNS
LogInit:      CURL_VERSION_LARGEFILE
LogInit:      CURL_VERSION_IDN
LogInit:  CurlRequestOptions (configurable via config and command line):
LogInit:  - bVerifyPeer = false  - Libcurl will NOT verify peer certificate
LogInit:  - bUseHttpProxy = false  - Libcurl will NOT use HTTP proxy
LogInit:  - bDontReuseConnections = false  - Libcurl will reuse connections
LogInit:  - CertBundlePath = nullptr  - Libcurl will use whatever was configured at build time.
LogInit: Build: ++UE4+Release-4.14-CL-3224400
LogInit: Engine Version: 4.14.1-3224400+++UE4+Release-4.14
LogInit: Compatible Engine Version: 4.14.0-3195953+++UE4+Release-4.14
LogInit: Net CL: 3195953
LogDevObjectVersion: Number of dev versions registered: 13
LogDevObjectVersion:   Dev-Blueprints (B0D832E4-1F89-4F0D-ACCF-7EB736FD4AA2): 7
LogDevObjectVersion:   Dev-Build (E1C64328-A22C-4D53-A36C-8E866417BD8C): 0
LogDevObjectVersion:   Dev-Core (375EC13C-06E4-48FB-B500-84F0262A717E): 1
LogDevObjectVersion:   Dev-Editor (E4B068ED-F494-42E9-A231-DA0B2E46BB41): 8
LogDevObjectVersion:   Dev-Framework (CFFC743F-43B0-4480-9391-14DF171D2073): 17
LogDevObjectVersion:   Dev-Mobile (B02B49B5-BB20-44E9-A304-32B752E40360): 0
LogDevObjectVersion:   Dev-Networking (A4E4105C-59A1-49B5-A7C5-40C4547EDFEE): 0
LogDevObjectVersion:   Dev-Online (39C831C9-5AE6-47DC-9A44-9C173E1C8E7C): 0
LogDevObjectVersion:   Dev-Physics (78F01B33-EBEA-4F98-B9B4-84EACCB95AA2): 0
LogDevObjectVersion:   Dev-Platform (6631380F-2D4D-43E0-8009-CF276956A95A): 0
LogDevObjectVersion:   Dev-Rendering (12F88B9F-8875-4AFC-A67C-D90C383ABD29): 12
LogDevObjectVersion:   Dev-Sequencer (7B5AE74C-D270-4C10-A958-57980B212A5A): 1
LogDevObjectVersion:   Dev-VR (D7296918-1DD6-4BDD-9DE2-64A83CC13884): 0
LogInit: Compiled (64-bit): Dec  7 2016 02:14:32
LogInit: Compiled with Visual C++: 19.00.23026.00
LogInit: Build Configuration: Development
LogInit: Branch Name: ++UE4+Release-4.14
LogInit: Command line:  
LogInit: Base directory: D:/Epic Games/4.14/Engine/Binaries/Win64/
LogInit: Installed Engine Build: 1
LogInit: Presizing for max 8388607 objects, including 0 objects not considered by GC, pre-allocating 0 bytes for permanent pool.
LogInit: Object subsystem initialized
[2016.12.16-19.56.09:962][  0]LogInit: Selected Device Profile: [Windows]
[2016.12.16-19.56.09:962][  0]LogInit: Applying CVar settings loaded from the selected device profile: [Windows]
[2016.12.16-19.56.10:127][  0]LogInit: Computer: DESKTOP-UFE5BAF
[2016.12.16-19.56.10:127][  0]LogInit: User: Alleluia
[2016.12.16-19.56.10:127][  0]LogInit: CPU Page size=65536, Cores=4
[2016.12.16-19.56.10:127][  0]LogInit: High frequency timer resolution =3.903998 MHz
[2016.12.16-19.56.10:128][  0]LogMemory: Memory total: Physical=15.9GB (16GB approx)
[2016.12.16-19.56.10:128][  0]LogMemory: Platform Memory Stats for Windows
[2016.12.16-19.56.10:128][  0]LogMemory: Process Physical Memory: 266.59 MB used, 266.59 MB peak
[2016.12.16-19.56.10:128][  0]LogMemory: Process Virtual Memory: 262.82 MB used, 262.82 MB peak
[2016.12.16-19.56.10:128][  0]LogMemory: Physical Memory: 5452.26 MB used,  10873.79 MB free, 16326.04 MB total
[2016.12.16-19.56.10:128][  0]LogMemory: Virtual Memory: 681.68 MB used,  10873.79 MB free, 134217728.00 MB total
[2016.12.16-19.56.11:208][  0]LogTextLocalizationManager: No specific translations for ('en-GB') exist, so ('en') translations will be used.
[2016.12.16-19.56.13:620][  0]LogD3D11RHI: D3D11 adapters:
[2016.12.16-19.56.14:086][  0]LogD3D11RHI:    0. 'NVIDIA GeForce GTX 970' (Feature Level 11_0)
[2016.12.16-19.56.14:086][  0]LogD3D11RHI:       4059/0/8163 MB DedicatedVideo/DedicatedSystem/SharedSystem, Outputs:1, VendorId:0x10de
[2016.12.16-19.56.14:525][  0]LogD3D11RHI:    1. 'NVIDIA GeForce GTX 650' (Feature Level 11_0)
[2016.12.16-19.56.14:525][  0]LogD3D11RHI:       2017/0/8163 MB DedicatedVideo/DedicatedSystem/SharedSystem, Outputs:0, VendorId:0x10de
[2016.12.16-19.56.14:526][  0]LogD3D11RHI:    2. 'Microsoft Basic Render Driver' (Feature Level 11_0)
[2016.12.16-19.56.14:526][  0]LogD3D11RHI:       0/0/8163 MB DedicatedVideo/DedicatedSystem/SharedSystem, Outputs:0, VendorId:0x1414
[2016.12.16-19.56.14:526][  0]LogD3D11RHI: Chosen D3D11 Adapter: 0
[2016.12.16-19.56.14:531][  0]LogD3D11RHI: Creating new Direct3DDevice
[2016.12.16-19.56.14:531][  0]LogD3D11RHI:     GPU DeviceId: 0x13c2 (for the marketing name, search the web for "GPU Device Id")
[2016.12.16-19.56.14:531][  0]LogWindows: EnumDisplayDevices:
[2016.12.16-19.56.14:531][  0]LogWindows:    0. 'NVIDIA GeForce GTX 970' (P:1 D:1)
[2016.12.16-19.56.14:531][  0]LogWindows:    1. 'NVIDIA GeForce GTX 970' (P:0 D:0)
[2016.12.16-19.56.14:531][  0]LogWindows:    2. 'NVIDIA GeForce GTX 970' (P:0 D:0)
[2016.12.16-19.56.14:531][  0]LogWindows:    3. 'NVIDIA GeForce GTX 970' (P:0 D:0)
[2016.12.16-19.56.14:531][  0]LogWindows:    4. 'NVIDIA GeForce GTX 650' (P:0 D:0)
[2016.12.16-19.56.14:531][  0]LogWindows:    5. 'NVIDIA GeForce GTX 650' (P:0 D:0)
[2016.12.16-19.56.14:532][  0]LogWindows:    6. 'NVIDIA GeForce GTX 650' (P:0 D:0)
[2016.12.16-19.56.14:532][  0]LogWindows: DebugString: PrimaryIsNotTheChoosenAdapter PrimaryIsNotTheChoosenAdapter PrimaryIsNotTheChoosenAdapter FoundDriverCount:4 
[2016.12.16-19.56.14:532][  0]LogD3D11RHI:     Adapter Name: NVIDIA GeForce GTX 970
[2016.12.16-19.56.14:532][  0]LogD3D11RHI:   Driver Version: 373.06 (internal:21.21.13.7306, unified:373.06)
[2016.12.16-19.56.14:532][  0]LogD3D11RHI:      Driver Date: 10-1-2016
[2016.12.16-19.56.14:543][  0]LogRHI: Texture pool is 1361 MB (70% of 1945 MB)
[2016.12.16-19.56.14:961][  0]LogD3D11RHI: Async texture creation enabled
[2016.12.16-19.56.15:324][  0]LogD3D11RHI: GPU Timing Frequency: 1000.000000 (Debug: 2 1)
[2016.12.16-19.56.15:470][  0]LogShaderCompilers: Guid format shader working directory is 5 characters bigger than the processId version (E:/Uni Stuff/Media Studio/startingfrommidway/Intermediate/Shaders/WorkingDirectory/8916/).
[2016.12.16-19.56.15:470][  0]LogShaderCompilers: Cleaned the shader compiler working directory 'C:/Users/Alleluia/AppData/Local/Temp/UnrealShaderWorkingDir/A229E1ED486537CA132B34B03F386460/'.
[2016.12.16-19.56.15:483][  0]LogShaderCompilers:Display: Using Local Shader Compiler.
[2016.12.16-19.56.18:097][  0]LogTemp:Display: Loaded TP AllDesktopTargetPlatform
[2016.12.16-19.56.18:131][  0]LogTemp:Display: Loaded TP MacClientTargetPlatform
[2016.12.16-19.56.18:169][  0]LogTemp:Display: Loaded TP MacNoEditorTargetPlatform
[2016.12.16-19.56.18:202][  0]LogTemp:Display: Loaded TP MacServerTargetPlatform
[2016.12.16-19.56.18:254][  0]LogTemp:Display: Loaded TP MacTargetPlatform
[2016.12.16-19.56.18:287][  0]LogTemp:Display: Loaded TP WindowsClientTargetPlatform
[2016.12.16-19.56.18:321][  0]LogTemp:Display: Loaded TP WindowsNoEditorTargetPlatform
[2016.12.16-19.56.18:354][  0]LogTemp:Display: Loaded TP WindowsServerTargetPlatform
[2016.12.16-19.56.18:382][  0]LogTemp:Display: Loaded TP WindowsTargetPlatform
[2016.12.16-19.56.18:434][  0]LogTemp:Display: Loaded TP AndroidTargetPlatform
[2016.12.16-19.56.18:509][  0]LogTemp:Display: Loaded TP Android_ASTCTargetPlatform
[2016.12.16-19.56.18:558][  0]LogTemp:Display: Loaded TP Android_ATCTargetPlatform
[2016.12.16-19.56.18:595][  0]LogTemp:Display: Loaded TP Android_DXTTargetPlatform
[2016.12.16-19.56.18:644][  0]LogTemp:Display: Loaded TP Android_ETC1TargetPlatform
[2016.12.16-19.56.18:685][  0]LogTemp:Display: Loaded TP Android_ETC2TargetPlatform
[2016.12.16-19.56.18:772][  0]LogTemp:Display: Loaded TP Android_MultiTargetPlatform
[2016.12.16-19.56.18:772][  0]LogTemp:Display: Loaded TP Android_PVRTCTargetPlatform
[2016.12.16-19.56.18:791][  0]LogTemp:Display: Loaded TP HTML5TargetPlatform
[2016.12.16-19.56.18:981][  0]LogTemp:Display: Loaded TP IOSTargetPlatform
[2016.12.16-19.56.19:006][  0]LogTemp:Display: Loaded TP TVOSTargetPlatform
[2016.12.16-19.56.19:037][  0]LogTemp:Display: Loaded TP LinuxClientTargetPlatform
[2016.12.16-19.56.19:069][  0]LogTemp:Display: Loaded TP LinuxNoEditorTargetPlatform
[2016.12.16-19.56.19:100][  0]LogTemp:Display: Loaded TP LinuxServerTargetPlatform
[2016.12.16-19.56.19:135][  0]LogTemp:Display: Loaded TP LinuxTargetPlatform
[2016.12.16-19.56.19:135][  0]LogTargetPlatformManager:Display: Building Assets For Windows
[2016.12.16-19.56.20:148][  0]LogDerivedDataCache:Display: Max Cache Size: 512 MB
[2016.12.16-19.56.20:148][  0]LogDerivedDataCache:Display: Starting with empty Boot cache
[2016.12.16-19.56.20:148][  0]LogDerivedDataCache: FDerivedDataBackendGraph:  Pak pak cache file E:/Uni Stuff/Media Studio/startingfrommidway/DerivedDataCache/DDC.ddp not found, will not use a pak cache.
[2016.12.16-19.56.20:148][  0]LogDerivedDataCache: Unable to find inner node Pak for hierarchical cache Hierarchy.
[2016.12.16-19.56.20:148][  0]LogDerivedDataCache: FDerivedDataBackendGraph:  CompressedPak pak cache file E:/Uni Stuff/Media Studio/startingfrommidway/DerivedDataCache/Compressed.ddp not found, will not use a pak cache.
[2016.12.16-19.56.20:148][  0]LogDerivedDataCache: Unable to find inner node CompressedPak for hierarchical cache Hierarchy.
[2016.12.16-19.56.20:178][  0]LogDerivedDataCache:Display: Pak cache opened for reading ../../../Engine/DerivedDataCache/Compressed.ddp.
[2016.12.16-19.56.20:189][  0]LogDerivedDataCache: Using Local data cache path C:/Users/Alleluia/AppData/Local/UnrealEngine/Common/DerivedDataCache: Writable
[2016.12.16-19.56.28:533][  0]LogInit: Selected Device Profile: [Windows]
[2016.12.16-19.56.28:618][  0]LogContentStreaming: Texture pool size is 0.00 MB
[2016.12.16-19.56.29:503][  0]LogMeshUtilities: Using QuadricMeshReduction for automatic static mesh reduction
[2016.12.16-19.56.29:647][  0]LogSimplygon: Simplygon DLL not present - disabling.
[2016.12.16-19.56.29:735][  0]LogMeshUtilities: Using SimplygonSwarm for distributed automatic mesh merging
[2016.12.16-19.56.29:735][  0]LogMeshUtilities: No automatic skeletal mesh reduction module available
[2016.12.16-19.56.29:735][  0]LogMeshUtilities: No automatic mesh merging module available
[2016.12.16-19.56.35:658][  0]LogTexture:Display: Building textures: S_LightDirectional (BGRA8)
[2016.12.16-19.56.35:682][  0]LogTexture:Display: Building textures: S_LightDirectionalMove (BGRA8)
[2016.12.16-19.56.36:993][  0]LogNetVersion: GetLocalNetworkVersion: CL: 3195953, ProjectName: ryans, ProjectVersion: , EngineNetworkVersion: 2, GameNetworkVersion: 0, NetworkChecksum: 563776025
[2016.12.16-19.56.37:279][  0]LogAssetRegistry: FAssetRegistry took 0.0744 seconds to start up
[2016.12.16-19.56.37:472][  0]LogPackageLocalizationCache: Processed 3 localized package path(s) for 2 prioritized culture(s) in 0.137259 seconds
[2016.12.16-19.56.37:496][  0]LogUObjectArray: 31946 objects as part of root set at end of initial load.
[2016.12.16-19.56.37:496][  0]LogUObjectAllocator: 6935840 out of 0 bytes used by permanent object pool.
[2016.12.16-19.56.37:496][  0]LogUObjectArray: CloseDisregardForGC: 0/0 objects in disregard for GC pool
[2016.12.16-19.56.37:558][  0]LogInit: WinSock: version 1.1 (2.2), MaxSocks=32767, MaxUdp=65467
[2016.12.16-19.56.41:882][  0]LogSlate: Using Freetype 2.6.0
[2016.12.16-19.56.41:942][  0]LogSlate: SlateFontCache - WITH_FREETYPE: 1, WITH_HARFBUZZ: 1
[2016.12.16-19.56.41:942][  0]LogSlate: SlateFontCache - WITH_FREETYPE: 1, WITH_HARFBUZZ: 1
[2016.12.16-19.56.51:440][  0]LogSubstanceCoreModule: Substance CPU Engine Loaded, Max Texture Size 2048
[2016.12.16-19.56.51:457][  0]LogTcpMessaging: Initializing TcpMessaging bridge
[2016.12.16-19.56.51:499][  0]LogUdpMessaging: Initializing bridge on interface 0.0.0.0:0 to multicast group 230.0.0.1:6666.
[2016.12.16-19.56.53:824][  0]LogMaterial: Uniform references updated for custom material expression Custom.
[2016.12.16-19.56.56:040][  0]SourceControl: Info Source control is disabled
[2016.12.16-19.56.56:043][  0]SourceControl: Info Source control is disabled
[2016.12.16-19.56.56:077][  0]SourceControl: Info Source control is disabled
[2016.12.16-19.56.56:102][  0]SourceControl: Info Source control is disabled
[2016.12.16-19.56.58:665][  0]LogEngine: Initializing Engine...
[2016.12.16-19.56.58:673][  0]LogHMD: Failed to initialize OpenVR with code 110
[2016.12.16-19.57.01:143][  0]LogAIModule: Creating AISystem for world Untitled
[2016.12.16-19.57.01:508][  0]LogInit: XAudio2 using 'Speakers (Realtek High Definition Audio)' : 2 channels at 48 kHz using 32 bits per sample (channel mask 0x3)
[2016.12.16-19.57.01:717][  0]LogInit: FAudioDevice initialized.
[2016.12.16-19.57.01:767][  0]LogDerivedDataCache: Saved boot cache 0.05s 50MB C:/Users/Alleluia/AppData/Local/UnrealEngine/4.14/DerivedDataCache/Boot.ddc.
[2016.12.16-19.57.01:778][  0]LogInit: Texture streaming: Enabled
[2016.12.16-19.57.02:464][  0]LogInit: Transaction tracking system initialized
[2016.12.16-19.57.03:452][  0]BlueprintLog: New page: Editor Load
[2016.12.16-19.57.05:193][  0]LocalizationService: Info Localization service is disabled
[2016.12.16-19.57.06:745][  0]LogConsoleResponse:Display: 
[2016.12.16-19.57.07:606][  0]LogFileCache: Scanning file cache for directory 'E:/Uni Stuff/Media Studio/startingfrommidway/Content/' took 0.32s
[2016.12.16-19.57.07:606][  0]LogCook:Display: Max memory allowance for cook 16384mb min free memory 0mb
[2016.12.16-19.57.07:606][  0]LogCook:Display: Mobile HDR setting 1
[2016.12.16-19.57.07:777][  0]LogTexture:Display: Building textures: Countdown (AutoDXT)
[2016.12.16-19.57.08:962][  0]SourceControl: Info Source control is disabled
[2016.12.16-19.57.08:989][  0]Cmd: MAP LOAD FILE="E:/Uni Stuff/Media Studio/startingfrommidway/Content/Level1.umap" TEMPLATE=0 SHOWPROGRESS=1 FEATURELEVEL=3
[2016.12.16-19.57.08:999][  0]LightingResults: New page: Lighting Build
[2016.12.16-19.57.09:175][  0]MapCheck: New page: Map Check
[2016.12.16-19.57.09:175][  0]LightingResults: New page: Lighting Build
[2016.12.16-19.57.11:340][  0]LogAIModule: Creating AISystem for world Level1
[2016.12.16-19.57.11:706][  0]LogEditorServer: Finished looking for orphan Actors (0.000 secs)
[2016.12.16-19.57.11:736][  0]Cmd: MAP CHECKDEP NOCLEARLOG
[2016.12.16-19.57.11:811][  0]MapCheck: Info Map check complete: 0 Error(s), 0 Warning(s), took 74.908ms to complete.
[2016.12.16-19.57.11:811][  0]LogFileHelpers: Loading map 'Level1' took 2.833
[2016.12.16-19.57.13:204][  0]LogCollectionManager: Loaded 0 collections in 0.003324 seconds
[2016.12.16-19.57.13:541][  0]LogFileCache: Scanning file cache for directory 'E:/Uni Stuff/Media Studio/startingfrommidway/Saved/Collections/' took 0.08s
[2016.12.16-19.57.13:541][  0]LogFileCache: Scanning file cache for directory 'E:/Uni Stuff/Media Studio/startingfrommidway/Content/Developers/Alleluia/Collections/' took 0.01s
[2016.12.16-19.57.13:541][  0]LogFileCache: Scanning file cache for directory 'E:/Uni Stuff/Media Studio/startingfrommidway/Content/Collections/' took 0.01s
[2016.12.16-19.57.13:541][  0]LogCollectionManager: Rebuilt the GUID cache for 0 collections in 0.000002 seconds
[2016.12.16-19.57.13:561][  0]LogContentBrowser: Native class hierarchy populated in 0.0160 seconds. Added 2205 classes and 434 folders.
[2016.12.16-19.57.13:597][  0]LogStats: UGameplayTagsManager::ConstructGameplayTagTree: Construct from data asset -  0.000 s
[2016.12.16-19.57.13:597][  0]LogStats: UGameplayTagsManager::ConstructGameplayTagTree: GameplayTagTreeChangedEvent.Broadcast -  0.000 s
[2016.12.16-19.57.13:598][  0]LogContentBrowser: Native class hierarchy updated for 'GameplayTags' in 0.0005 seconds. Added 13 classes and 0 folders.
[2016.12.16-19.57.13:646][  0]LogContentBrowser: Native class hierarchy updated for 'WidgetCarousel' in 0.0004 seconds. Added 0 classes and 0 folders.
[2016.12.16-19.57.13:783][  0]LogContentBrowser: Native class hierarchy updated for 'AddContentDialog' in 0.0004 seconds. Added 0 classes and 0 folders.
[2016.12.16-19.57.13:863][  0]LogContentBrowser: Native class hierarchy updated for 'SceneOutliner' in 0.0004 seconds. Added 1 classes and 2 folders.
[2016.12.16-19.57.14:390][  0]LogCrashTracker: Crashtracker disabled due to settings.
[2016.12.16-19.57.15:061][  0]LogContentBrowser: Native class hierarchy updated for 'HierarchicalLODOutliner' in 0.0006 seconds. Added 1 classes and 2 folders.
[2016.12.16-19.57.15:061][  0]LogLoad: (Engine Initialization) Total time: 73.88 seconds
[2016.12.16-19.57.15:061][  0]LogLoad: (Engine Initialization) Total Blueprint compile time: 0.59 seconds
[2016.12.16-19.57.15:061][  0]LogExternalProfiler: Found external profiler: VSPerf
[2016.12.16-19.57.15:061][  0]LogExternalProfiler: Using external profiler: VSPerf
[2016.12.16-19.57.15:402][  0]LogOcInput: OculusInput pre-init called
[2016.12.16-19.57.15:620][  0]LogContentStreaming: Texture pool size now 1000 MB
[2016.12.16-19.57.16:498][  0]LogRenderer: Reallocating scene render targets to support 1208x576 NumSamples 1 (Frame:2).
[2016.12.16-19.57.17:540][  3]LogAssetRegistry: Asset discovery search completed in 40.3266 seconds
[2016.12.16-19.57.17:575][  3]LogCollectionManager: Rebuilt the object cache for 0 collections in 0.000001 seconds (found 0 objects)
[2016.12.16-19.57.17:575][  3]LogCollectionManager: Fixed up redirectors for 0 collections in 0.034707 seconds (updated 0 objects)
[2016.12.16-19.57.54:152][566]LogTexture:Display: Building textures: Run (AutoDXT)
[2016.12.16-20.11.37:796][561]Cmd: TRANSACTION UNDO
[2016.12.16-20.11.37:796][561]LogEditorTransaction: Undo Create Actors
[2016.12.16-20.11.38:655][651]LogEditorViewport: Clicking on Actor (LMB): PaperSpriteActor (BlockA0_Sprite27)
[2016.12.16-20.11.39:387][726]LogEditorViewport: Clicking on Actor (LMB): PaperSpriteActor (BlockA0_Sprite26)
[2016.12.16-20.11.40:263][828]Cmd: EDIT COPY
[2016.12.16-20.11.40:563][847]Cmd: EDIT PASTE
[2016.12.16-20.12.01:353][315]LogEditorViewport: Clicking on Actor (LMB): PaperSpriteActor (background0_Sprite)
[2016.12.16-20.12.17:909][286]LogEditorViewport: Clicking on Actor (LMB): PaperSpriteActor (BlockA0_Sprite31)
[2016.12.16-20.12.18:388][340]LogEditorViewport: Clicking on Actor (LMB): PaperSpriteActor (BlockA0_Sprite30)
[2016.12.16-20.12.18:972][407]LogEditorViewport: Clicking on Actor (LMB): PaperSpriteActor (BlockA0_Sprite39)
[2016.12.16-20.12.19:784][497]Cmd: DELETE
[2016.12.16-20.12.19:784][497]Cmd: ACTOR DELETE
[2016.12.16-20.12.19:785][497]LogEditorActor: Deleted Actor: PaperSpriteActor
[2016.12.16-20.12.19:801][497]LogEditorActor: Deleted 1 Actors (0.016 secs)
[2016.12.16-20.12.21:033][643]LogEditorViewport: Clicking on Actor (LMB): PaperSpriteActor (BlockA0_Sprite29)
[2016.12.16-20.12.21:738][724]LogEditorViewport: Clicking on Actor (LMB): PaperSpriteActor (BlockA0_Sprite30)
[2016.12.16-20.12.27:367][373]Cmd: DELETE
[2016.12.16-20.12.27:367][373]Cmd: ACTOR DELETE
[2016.12.16-20.12.27:367][373]LogEditorActor: Deleted Actor: PaperSpriteActor
[2016.12.16-20.12.27:367][373]LogEditorActor: Deleted Actor: PaperSpriteActor
[2016.12.16-20.12.27:368][373]LogEditorActor: Deleted Actor: PaperSpriteActor
[2016.12.16-20.12.27:368][373]LogEditorActor: Deleted Actor: PaperSpriteActor
[2016.12.16-20.12.27:368][373]LogEditorActor: Deleted Actor: PaperSpriteActor
[2016.12.16-20.12.27:368][373]LogEditorActor: Deleted Actor: PaperSpriteActor
[2016.12.16-20.12.27:375][373]LogEditorActor: Deleted 6 Actors (0.008 secs)
[2016.12.16-20.12.32:952][ 41]LogEditorViewport: Clicking on Actor (LMB): PaperSpriteActor (background0_Sprite)
[2016.12.16-20.12.34:920][272]LogTexture:Display: Building textures: bridgeLogs (BGRA8)
[2016.12.16-20.12.42:522][154]LogEditorViewport: Clicking on Actor (LMB): PaperSpriteActor (background0_Sprite)
[2016.12.16-20.12.43:245][237]LogEditorViewport: Clicking on Actor (LMB): PaperSpriteActor (background0_Sprite2)
[2016.12.16-20.12.46:238][589]LogEditorViewport: Clicking Background
[2016.12.16-20.12.47:822][778]LogEditorViewport: Clicking on Actor (LMB): PaperSpriteActor (bridgeLogs_Sprite)
[2016.12.16-20.12.48:865][899]LogEditorViewport: Clicking on Actor (LMB): PaperSpriteActor (bridgeLogs_Sprite)
[2016.12.16-20.13.27:913][548]LogEditorViewport: Clicking on Actor (LMB): PaperSpriteActor (bridgeLogs_Sprite)
[2016.12.16-20.13.30:755][883]Cmd: EDIT COPY
[2016.12.16-20.13.30:971][908]Cmd: EDIT PASTE
[2016.12.16-20.13.35:088][393]LogEditorViewport: Clicking on Actor (LMB): PaperSpriteActor (bridgeLogs_Sprite4)
[2016.12.16-20.13.35:870][484]Cmd: EDIT COPY
[2016.12.16-20.13.36:091][510]Cmd: EDIT PASTE
[2016.12.16-20.13.41:291][129]LogEditorViewport: Clicking on Actor (LMB): PaperSpriteActor (BlockA0_Sprite38)
[2016.12.16-20.13.45:903][667]LogEditorViewport: Clicking Background
[2016.12.16-20.14.40:791][841]Cmd: OBJ SAVEPACKAGE PACKAGE="/Game/Level1" FILE="E:/Uni Stuff/Media Studio/startingfrommidway/Saved/Autosaves/Game/Level1_Auto1.umap" SILENT=true AUTOSAVING=true KEEPDIRTY=false
[2016.12.16-20.14.40:985][841]LogSavePackage: Save=84.35ms
[2016.12.16-20.14.40:985][841]LogSavePackage: Moving 'E:/Uni Stuff/Media Studio/startingfrommidway/Saved/Level1_Auto1189CDF8E46FC2B9BBF4E2AAE283432E4.tmp' to 'E:/Uni Stuff/Media Studio/startingfrommidway/Saved/Autosaves/Game/Level1_Auto1.umap'
[2016.12.16-20.14.40:987][841]LogSavePackage:Display: Finished SavePackage E:/Uni Stuff/Media Studio/startingfrommidway/Saved/Autosaves/Game/Level1_Auto1.umap
[2016.12.16-20.14.41:008][841]LogFileHelpers: Editor autosave (incl. sublevels) for '/Game/Level1' took 0.526
[2016.12.16-20.14.41:009][841]LogFileHelpers: Editor autosave (incl. sublevels) for all levels took 0.526
[2016.12.16-20.43.14:185][652]LogContentBrowser: Native class hierarchy updated for 'BlueprintGraph' in 0.0013 seconds. Added 111 classes and 0 folders.
[2016.12.16-20.43.27:292][  3]BlueprintLog: New page: Compile Enemy
[2016.12.16-20.43.39:616][424]BlueprintLog: New page: Compile Enemy
[2016.12.16-20.44.05:615][462]Cmd: OBJ SAVEPACKAGE PACKAGE="/Game/NewSprites/Blueprints/Enemy" FILE="E:/Uni Stuff/Media Studio/startingfrommidway/Content/NewSprites/Blueprints/Enemy.uasset" SILENT=true
[2016.12.16-20.44.05:949][462]LogSavePackage: Save=323.80ms
[2016.12.16-20.44.05:949][462]LogSavePackage: Moving 'E:/Uni Stuff/Media Studio/startingfrommidway/Saved/EnemyCF57DEDC4C9AAF976A26338D33CBC29B.tmp' to 'E:/Uni Stuff/Media Studio/startingfrommidway/Content/NewSprites/Blueprints/Enemy.uasset'
[2016.12.16-20.44.05:954][462]LogSavePackage:Display: Finished SavePackage E:/Uni Stuff/Media Studio/startingfrommidway/Content/NewSprites/Blueprints/Enemy.uasset
[2016.12.16-20.44.08:862][807]LogEditorViewport: Clicking on Actor (LMB): Enemy_C (Enemy)
[2016.12.16-20.44.08:899][810]Cmd: DELETE
[2016.12.16-20.44.08:899][810]Cmd: ACTOR DELETE
[2016.12.16-20.44.08:899][810]LogEditorActor: Deleted Actor: Enemy_C
[2016.12.16-20.44.08:912][810]LogEditorActor: Deleted 1 Actors (0.013 secs)
[2016.12.16-20.45.02:723][334]Cmd: OBJ SAVEPACKAGE PACKAGE="/Game/Level1" FILE="E:/Uni Stuff/Media Studio/startingfrommidway/Saved/Autosaves/Game/Level1_Auto2.umap" SILENT=true AUTOSAVING=true KEEPDIRTY=false
