Log file open, 12/16/16 21:20:51
LogInit:Display: Running engine for game: Ryans
LogPlatformFile: Not using cached read wrapper
LogInit:Display: RandInit(-1084010702) SRandInit(-1084010701).
LogTaskGraph: Started task graph with 5 named threads and 8 total threads with 1 sets of task threads.
LogStats: Stats thread started at 0.067223
LogPluginManager: Loaded Plugin Paper2D, From D:/Epic Games/4.14/Engine/Plugins/2D/Paper2D/Paper2D.uplugin
LogPluginManager: Loaded Plugin LightPropagationVolume, From D:/Epic Games/4.14/Engine/Plugins/Blendables/LightPropagationVolume/LightPropagationVolume.uplugin
LogPluginManager: Loaded Plugin BlankPlugin, From D:/Epic Games/4.14/Engine/Plugins/Developer/BlankPlugin/BlankPlugin.uplugin
LogPluginManager: Loaded Plugin CodeLiteSourceCodeAccess, From D:/Epic Games/4.14/Engine/Plugins/Developer/CodeLiteSourceCodeAccess/CodeLiteSourceCodeAccess.uplugin
LogPluginManager: Loaded Plugin GitSourceControl, From D:/Epic Games/4.14/Engine/Plugins/Developer/GitSourceControl/GitSourceControl.uplugin
LogPluginManager: Loaded Plugin KDevelopSourceCodeAccess, From D:/Epic Games/4.14/Engine/Plugins/Developer/KDevelopSourceCodeAccess/KDevelopSourceCodeAccess.uplugin
LogPluginManager: Loaded Plugin NullSourceCodeAccess, From D:/Epic Games/4.14/Engine/Plugins/Developer/NullSourceCodeAccess/NullSourceCodeAccess.uplugin
LogPluginManager: Loaded Plugin OneSkyLocalizationService, From D:/Epic Games/4.14/Engine/Plugins/Developer/OneSkyLocalizationService/OneSkyLocalizationService.uplugin
LogPluginManager: Loaded Plugin PerforceSourceControl, From D:/Epic Games/4.14/Engine/Plugins/Developer/PerforceSourceControl/PerforceSourceControl.uplugin
LogPluginManager: Loaded Plugin SubversionSourceControl, From D:/Epic Games/4.14/Engine/Plugins/Developer/SubversionSourceControl/SubversionSourceControl.uplugin
LogPluginManager: Loaded Plugin UObjectPlugin, From D:/Epic Games/4.14/Engine/Plugins/Developer/UObjectPlugin/UObjectPlugin.uplugin
LogPluginManager: Loaded Plugin VisualStudioSourceCodeAccess, From D:/Epic Games/4.14/Engine/Plugins/Developer/VisualStudioSourceCodeAccess/VisualStudioSourceCodeAccess.uplugin
LogPluginManager: Loaded Plugin XCodeSourceCodeAccess, From D:/Epic Games/4.14/Engine/Plugins/Developer/XCodeSourceCodeAccess/XCodeSourceCodeAccess.uplugin
LogPluginManager: Loaded Plugin AudioCapture, From D:/Epic Games/4.14/Engine/Plugins/Editor/AudioCapture/AudioCapture.uplugin
LogPluginManager: Loaded Plugin EpicSurvey, From D:/Epic Games/4.14/Engine/Plugins/Editor/EpicSurvey/EpicSurvey.uplugin
LogPluginManager: Loaded Plugin MacGraphicsSwitching, From D:/Epic Games/4.14/Engine/Plugins/Editor/MacGraphicsSwitching/MacGraphicsSwitching.uplugin
LogPluginManager: Loaded Plugin MobileLauncherProfileWizard, From D:/Epic Games/4.14/Engine/Plugins/Editor/MobileLauncherProfileWizard/MobileLauncherProfileWizard.uplugin
LogPluginManager: Loaded Plugin PluginBrowser, From D:/Epic Games/4.14/Engine/Plugins/Editor/PluginBrowser/PluginBrowser.uplugin
LogPluginManager: Loaded Plugin SpeedTreeImporter, From D:/Epic Games/4.14/Engine/Plugins/Editor/SpeedTreeImporter/SpeedTreeImporter.uplugin
LogPluginManager: Loaded Plugin SuperSearchEditor, From D:/Epic Games/4.14/Engine/Plugins/Editor/SuperSearchEditor/SuperSearchEditor.uplugin
LogPluginManager: Loaded Plugin AlembicImporter, From D:/Epic Games/4.14/Engine/Plugins/Experimental/AlembicImporter/AlembicImporter.uplugin
LogPluginManager: Loaded Plugin BlueprintStats, From D:/Epic Games/4.14/Engine/Plugins/Experimental/BlueprintStats/BlueprintStats.uplugin
LogPluginManager: Loaded Plugin CharacterAI, From D:/Epic Games/4.14/Engine/Plugins/Experimental/CharacterAI/CharacterAI.uplugin
LogPluginManager: Loaded Plugin CodeEditor, From D:/Epic Games/4.14/Engine/Plugins/Experimental/CodeEditor/CodeEditor.uplugin
LogPluginManager: Loaded Plugin CodeView, From D:/Epic Games/4.14/Engine/Plugins/Experimental/CodeView/CodeView.uplugin
LogPluginManager: Loaded Plugin HTML5Networking, From D:/Epic Games/4.14/Engine/Plugins/Experimental/HTML5Networking/HTML5Networking.uplugin
LogPluginManager: Loaded Plugin OSVR, From D:/Epic Games/4.14/Engine/Plugins/Experimental/OSVR/OSVR.uplugin
LogPluginManager: Loaded Plugin Phya, From D:/Epic Games/4.14/Engine/Plugins/Experimental/Phya/Phya.uplugin
LogPluginManager: Loaded Plugin SignificanceManager, From D:/Epic Games/4.14/Engine/Plugins/Experimental/SignificanceManager/SignificanceManager.uplugin
LogPluginManager: Loaded Plugin SimpleHMD, From D:/Epic Games/4.14/Engine/Plugins/Experimental/SimpleHMD/SimpleHMD.uplugin
LogPluginManager: Loaded Plugin StereoPanorama, From D:/Epic Games/4.14/Engine/Plugins/Experimental/StereoPanorama/StereoPanorama.uplugin
LogPluginManager: Loaded Plugin StructBox, From D:/Epic Games/4.14/Engine/Plugins/Experimental/StructBox/StructBox.uplugin
LogPluginManager: Loaded Plugin Substance, From D:/Epic Games/4.14/Engine/Plugins/Marketplace/Substance/Substance.uplugin
LogPluginManager: Loaded Plugin AndroidMedia, From D:/Epic Games/4.14/Engine/Plugins/Media/AndroidMedia/AndroidMedia.uplugin
LogPluginManager: Loaded Plugin AvfMedia, From D:/Epic Games/4.14/Engine/Plugins/Media/AvfMedia/AvfMedia.uplugin
LogPluginManager: Loaded Plugin MediaPlayerEditor, From D:/Epic Games/4.14/Engine/Plugins/Media/MediaPlayerEditor/MediaPlayerEditor.uplugin
LogPluginManager: Loaded Plugin WmfMedia, From D:/Epic Games/4.14/Engine/Plugins/Media/WmfMedia/WmfMedia.uplugin
LogPluginManager: Loaded Plugin MessagingDebugger, From D:/Epic Games/4.14/Engine/Plugins/Messaging/MessagingDebugger/MessagingDebugger.uplugin
LogPluginManager: Loaded Plugin TcpMessaging, From D:/Epic Games/4.14/Engine/Plugins/Messaging/TcpMessaging/TcpMessaging.uplugin
LogPluginManager: Loaded Plugin UdpMessaging, From D:/Epic Games/4.14/Engine/Plugins/Messaging/UdpMessaging/UdpMessaging.uplugin
LogPluginManager: Loaded Plugin LevelSequenceEditor, From D:/Epic Games/4.14/Engine/Plugins/MovieScene/LevelSequenceEditor/LevelSequenceEditor.uplugin
LogPluginManager: Loaded Plugin MatineeToLevelSequence, From D:/Epic Games/4.14/Engine/Plugins/MovieScene/MatineeToLevelSequence/MatineeToLevelSequence.uplugin
LogPluginManager: Loaded Plugin NetcodeUnitTest, From D:/Epic Games/4.14/Engine/Plugins/NetcodeUnitTest/NetcodeUnitTest/NetcodeUnitTest.uplugin
LogPluginManager: Loaded Plugin NUTUnrealEngine4, From D:/Epic Games/4.14/Engine/Plugins/NetcodeUnitTest/NUTUnrealEngine4/NUTUnrealEngine4.uplugin
LogPluginManager: Loaded Plugin OnlineSubsystemGameCircle, From D:/Epic Games/4.14/Engine/Plugins/Online/Android/OnlineSubsystemGameCircle/OnlineSubsystemGameCircle.uplugin
LogPluginManager: Loaded Plugin OnlineSubsystemGooglePlay, From D:/Epic Games/4.14/Engine/Plugins/Online/Android/OnlineSubsystemGooglePlay/OnlineSubsystemGooglePlay.uplugin
LogPluginManager: Loaded Plugin OnlineSubsystemIOS, From D:/Epic Games/4.14/Engine/Plugins/Online/IOS/OnlineSubsystemIOS/OnlineSubsystemIOS.uplugin
LogPluginManager: Loaded Plugin OnlineFramework, From D:/Epic Games/4.14/Engine/Plugins/Online/OnlineFramework/OnlineFramework.uplugin
LogPluginManager: Loaded Plugin OnlineSubsystem, From D:/Epic Games/4.14/Engine/Plugins/Online/OnlineSubsystem/OnlineSubsystem.uplugin
LogPluginManager: Loaded Plugin OnlineSubsystemAmazon, From D:/Epic Games/4.14/Engine/Plugins/Online/OnlineSubsystemAmazon/OnlineSubsystemAmazon.uplugin
LogPluginManager: Loaded Plugin OnlineSubsystemFacebook, From D:/Epic Games/4.14/Engine/Plugins/Online/OnlineSubsystemFacebook/OnlineSubsystemFacebook.uplugin
LogPluginManager: Loaded Plugin OnlineSubsystemNull, From D:/Epic Games/4.14/Engine/Plugins/Online/OnlineSubsystemNull/OnlineSubsystemNull.uplugin
LogPluginManager: Loaded Plugin OnlineSubsystemOculus, From D:/Epic Games/4.14/Engine/Plugins/Online/OnlineSubsystemOculus/OnlineSubsystemOculus.uplugin
LogPluginManager: Loaded Plugin OnlineSubsystemSteam, From D:/Epic Games/4.14/Engine/Plugins/Online/OnlineSubsystemSteam/OnlineSubsystemSteam.uplugin
LogPluginManager: Loaded Plugin OnlineSubsystemUtils, From D:/Epic Games/4.14/Engine/Plugins/Online/OnlineSubsystemUtils/OnlineSubsystemUtils.uplugin
LogPluginManager: Loaded Plugin IOSTapJoy, From D:/Epic Games/4.14/Engine/Plugins/Runtime/Advertising/IOSTapJoy/IOSTapJoy.uplugin
LogPluginManager: Loaded Plugin AnalyticsBlueprintLibrary, From D:/Epic Games/4.14/Engine/Plugins/Runtime/Analytics/AnalyticsBlueprintLibrary/AnalyticsBlueprintLibrary.uplugin
LogPluginManager: Loaded Plugin AnalyticsMulticast, From D:/Epic Games/4.14/Engine/Plugins/Runtime/Analytics/AnalyticsMulticast/AnalyticsMulticast.uplugin
LogPluginManager: Loaded Plugin Apsalar, From D:/Epic Games/4.14/Engine/Plugins/Runtime/Analytics/Apsalar/Apsalar.uplugin
LogPluginManager: Loaded Plugin FileLogging, From D:/Epic Games/4.14/Engine/Plugins/Runtime/Analytics/FileLogging/FileLogging.uplugin
LogPluginManager: Loaded Plugin Flurry, From D:/Epic Games/4.14/Engine/Plugins/Runtime/Analytics/Flurry/Flurry.uplugin
LogPluginManager: Loaded Plugin AndroidDeviceProfileSelector, From D:/Epic Games/4.14/Engine/Plugins/Runtime/AndroidDeviceProfileSelector/AndroidDeviceProfileSelector.uplugin
LogPluginManager: Loaded Plugin AndroidMoviePlayer, From D:/Epic Games/4.14/Engine/Plugins/Runtime/AndroidMoviePlayer/AndroidMoviePlayer.uplugin
LogPluginManager: Loaded Plugin AppleMoviePlayer, From D:/Epic Games/4.14/Engine/Plugins/Runtime/AppleMoviePlayer/AppleMoviePlayer.uplugin
LogPluginManager: Loaded Plugin ArchVisCharacter, From D:/Epic Games/4.14/Engine/Plugins/Runtime/ArchVisCharacter/ArchVisCharacter.uplugin
LogPluginManager: Loaded Plugin CableComponent, From D:/Epic Games/4.14/Engine/Plugins/Runtime/CableComponent/CableComponent.uplugin
LogPluginManager: Loaded Plugin CustomMeshComponent, From D:/Epic Games/4.14/Engine/Plugins/Runtime/CustomMeshComponent/CustomMeshComponent.uplugin
LogPluginManager: Loaded Plugin ExampleDeviceProfileSelector, From D:/Epic Games/4.14/Engine/Plugins/Runtime/ExampleDeviceProfileSelector/ExampleDeviceProfileSelector.uplugin
LogPluginManager: Loaded Plugin GearVR, From D:/Epic Games/4.14/Engine/Plugins/Runtime/GearVR/GearVR.uplugin
LogPluginManager: Loaded Plugin GoogleVRController, From D:/Epic Games/4.14/Engine/Plugins/Runtime/GoogleVR/GoogleVRController/GoogleVRController.uplugin
LogPluginManager: Loaded Plugin GoogleVRHMD, From D:/Epic Games/4.14/Engine/Plugins/Runtime/GoogleVR/GoogleVRHMD/GoogleVRHMD.uplugin
LogPluginManager: Loaded Plugin IOSDeviceProfileSelector, From D:/Epic Games/4.14/Engine/Plugins/Runtime/IOSDeviceProfileSelector/IOSDeviceProfileSelector.uplugin
LogPluginManager: Loaded Plugin LeapMotion, From D:/Epic Games/4.14/Engine/Plugins/Runtime/LeapMotion/LeapMotion.uplugin
LogPluginManager: Loaded Plugin LinuxDeviceProfileSelector, From D:/Epic Games/4.14/Engine/Plugins/Runtime/LinuxDeviceProfileSelector/LinuxDeviceProfileSelector.uplugin
LogPluginManager: Loaded Plugin MIDIDevice, From D:/Epic Games/4.14/Engine/Plugins/Runtime/MIDIDevice/MIDIDevice.uplugin
LogPluginManager: Loaded Plugin MobilePatchingUtils, From D:/Epic Games/4.14/Engine/Plugins/Runtime/MobilePatchingUtils/MobilePatchingUtils.uplugin
LogPluginManager: Loaded Plugin Ansel, From D:/Epic Games/4.14/Engine/Plugins/Runtime/Nvidia/Ansel/Ansel.uplugin
LogPluginManager: Loaded Plugin OculusAudio, From D:/Epic Games/4.14/Engine/Plugins/Runtime/OculusAudio/OculusAudio.uplugin
LogPluginManager: Loaded Plugin OculusInput, From D:/Epic Games/4.14/Engine/Plugins/Runtime/OculusInput/OculusInput.uplugin
LogPluginManager: Loaded Plugin OculusLibrary, From D:/Epic Games/4.14/Engine/Plugins/Runtime/OculusLibrary/OculusLibrary.uplugin
LogPluginManager: Loaded Plugin OculusRift, From D:/Epic Games/4.14/Engine/Plugins/Runtime/OculusRift/OculusRift.uplugin
LogPluginManager: Loaded Plugin Oodle, From D:/Epic Games/4.14/Engine/Plugins/Runtime/PacketHandlers/CompressionComponents/Oodle/Oodle.uplugin
LogPluginManager: Loaded Plugin ProceduralMeshComponent, From D:/Epic Games/4.14/Engine/Plugins/Runtime/ProceduralMeshComponent/ProceduralMeshComponent.uplugin
LogPluginManager: Loaded Plugin SoundMod, From D:/Epic Games/4.14/Engine/Plugins/Runtime/SoundMod/SoundMod.uplugin
LogPluginManager: Loaded Plugin SoundVisualizations, From D:/Epic Games/4.14/Engine/Plugins/Runtime/SoundVisualizations/SoundVisualizations.uplugin
LogPluginManager: Loaded Plugin SteamController, From D:/Epic Games/4.14/Engine/Plugins/Runtime/Steam/SteamController/SteamController.uplugin
LogPluginManager: Loaded Plugin SteamVR, From D:/Epic Games/4.14/Engine/Plugins/Runtime/Steam/SteamVR/SteamVR.uplugin
LogPluginManager: Loaded Plugin WebBrowserWidget, From D:/Epic Games/4.14/Engine/Plugins/Runtime/WebBrowserWidget/WebBrowserWidget.uplugin
LogPluginManager: Loaded Plugin WindowsDeviceProfileSelector, From D:/Epic Games/4.14/Engine/Plugins/Runtime/WindowsDeviceProfileSelector/WindowsDeviceProfileSelector.uplugin
LogPluginManager: Loaded Plugin WindowsMoviePlayer, From D:/Epic Games/4.14/Engine/Plugins/Runtime/WindowsMoviePlayer/WindowsMoviePlayer.uplugin
LogPluginManager: Loaded Plugin ScriptPlugin, From D:/Epic Games/4.14/Engine/Plugins/ScriptPlugin/ScriptPlugin.uplugin
LogPluginManager: Loaded Plugin SlateRemote, From D:/Epic Games/4.14/Engine/Plugins/Slate/SlateRemote/SlateRemote.uplugin
LogPluginManager: Loaded Plugin EditorTests, From D:/Epic Games/4.14/Engine/Plugins/Tests/EditorTests/EditorTests.uplugin
LogPluginManager: Loaded Plugin FbxAutomationTestBuilder, From D:/Epic Games/4.14/Engine/Plugins/Tests/FbxAutomationTestBuilder/FbxAutomationTestBuilder.uplugin
LogPluginManager: Loaded Plugin FunctionalTestingEditor, From D:/Epic Games/4.14/Engine/Plugins/Tests/FunctionalTestingEditor/FunctionalTestingEditor.uplugin
LogPluginManager: Loaded Plugin RuntimeTests, From D:/Epic Games/4.14/Engine/Plugins/Tests/RuntimeTests/RuntimeTests.uplugin
LogPluginManager: Loaded Plugin ScreenshotTools, From D:/Epic Games/4.14/Engine/Plugins/Tests/ScreenshotTools/ScreenshotTools.uplugin
LogInit: Using libcurl 7.47.1
LogInit:  - built for x86_64-pc-win32
LogInit:  - supports SSL with OpenSSL/1.0.2g
LogInit:  - supports HTTP deflate (compression) using libz 1.2.8
LogInit:  - other features:
LogInit:      CURL_VERSION_SSL
LogInit:      CURL_VERSION_LIBZ
LogInit:      CURL_VERSION_IPV6
LogInit:      CURL_VERSION_ASYNCHDNS
LogInit:      CURL_VERSION_LARGEFILE
LogInit:      CURL_VERSION_IDN
LogInit:  CurlRequestOptions (configurable via config and command line):
LogInit:  - bVerifyPeer = false  - Libcurl will NOT verify peer certificate
LogInit:  - bUseHttpProxy = false  - Libcurl will NOT use HTTP proxy
LogInit:  - bDontReuseConnections = false  - Libcurl will reuse connections
LogInit:  - CertBundlePath = nullptr  - Libcurl will use whatever was configured at build time.
LogInit: Build: ++UE4+Release-4.14-CL-3224400
LogInit: Engine Version: 4.14.1-3224400+++UE4+Release-4.14
LogInit: Compatible Engine Version: 4.14.0-3195953+++UE4+Release-4.14
LogInit: Net CL: 3195953
LogDevObjectVersion: Number of dev versions registered: 13
LogDevObjectVersion:   Dev-Blueprints (B0D832E4-1F89-4F0D-ACCF-7EB736FD4AA2): 7
LogDevObjectVersion:   Dev-Build (E1C64328-A22C-4D53-A36C-8E866417BD8C): 0
LogDevObjectVersion:   Dev-Core (375EC13C-06E4-48FB-B500-84F0262A717E): 1
LogDevObjectVersion:   Dev-Editor (E4B068ED-F494-42E9-A231-DA0B2E46BB41): 8
LogDevObjectVersion:   Dev-Framework (CFFC743F-43B0-4480-9391-14DF171D2073): 17
LogDevObjectVersion:   Dev-Mobile (B02B49B5-BB20-44E9-A304-32B752E40360): 0
LogDevObjectVersion:   Dev-Networking (A4E4105C-59A1-49B5-A7C5-40C4547EDFEE): 0
LogDevObjectVersion:   Dev-Online (39C831C9-5AE6-47DC-9A44-9C173E1C8E7C): 0
LogDevObjectVersion:   Dev-Physics (78F01B33-EBEA-4F98-B9B4-84EACCB95AA2): 0
LogDevObjectVersion:   Dev-Platform (6631380F-2D4D-43E0-8009-CF276956A95A): 0
LogDevObjectVersion:   Dev-Rendering (12F88B9F-8875-4AFC-A67C-D90C383ABD29): 12
LogDevObjectVersion:   Dev-Sequencer (7B5AE74C-D270-4C10-A958-57980B212A5A): 1
LogDevObjectVersion:   Dev-VR (D7296918-1DD6-4BDD-9DE2-64A83CC13884): 0
LogInit: Compiled (64-bit): Dec  7 2016 02:14:32
LogInit: Compiled with Visual C++: 19.00.23026.00
LogInit: Build Configuration: Development
LogInit: Branch Name: ++UE4+Release-4.14
LogInit: Command line:  
LogInit: Base directory: D:/Epic Games/4.14/Engine/Binaries/Win64/
LogInit: Installed Engine Build: 1
LogInit: Presizing for max 8388607 objects, including 0 objects not considered by GC, pre-allocating 0 bytes for permanent pool.
LogInit: Object subsystem initialized
[2016.12.16-21.20.51:735][  0]LogInit: Selected Device Profile: [Windows]
[2016.12.16-21.20.51:735][  0]LogInit: Applying CVar settings loaded from the selected device profile: [Windows]
[2016.12.16-21.20.51:762][  0]LogInit: Computer: DESKTOP-UFE5BAF
[2016.12.16-21.20.51:762][  0]LogInit: User: Alleluia
[2016.12.16-21.20.51:762][  0]LogInit: CPU Page size=65536, Cores=4
[2016.12.16-21.20.51:762][  0]LogInit: High frequency timer resolution =3.903998 MHz
[2016.12.16-21.20.51:762][  0]LogMemory: Memory total: Physical=15.9GB (16GB approx)
[2016.12.16-21.20.51:762][  0]LogMemory: Platform Memory Stats for Windows
[2016.12.16-21.20.51:762][  0]LogMemory: Process Physical Memory: 264.60 MB used, 264.60 MB peak
[2016.12.16-21.20.51:762][  0]LogMemory: Process Virtual Memory: 262.80 MB used, 262.80 MB peak
[2016.12.16-21.20.51:762][  0]LogMemory: Physical Memory: 5446.86 MB used,  10879.18 MB free, 16326.04 MB total
[2016.12.16-21.20.51:762][  0]LogMemory: Virtual Memory: 676.39 MB used,  10879.18 MB free, 134217728.00 MB total
[2016.12.16-21.20.51:783][  0]LogTextLocalizationManager: No specific translations for ('en-GB') exist, so ('en') translations will be used.
[2016.12.16-21.20.52:724][  0]LogD3D11RHI: D3D11 adapters:
[2016.12.16-21.20.53:156][  0]LogD3D11RHI:    0. 'NVIDIA GeForce GTX 970' (Feature Level 11_0)
[2016.12.16-21.20.53:156][  0]LogD3D11RHI:       4059/0/8163 MB DedicatedVideo/DedicatedSystem/SharedSystem, Outputs:1, VendorId:0x10de
[2016.12.16-21.20.53:594][  0]LogD3D11RHI:    1. 'NVIDIA GeForce GTX 650' (Feature Level 11_0)
[2016.12.16-21.20.53:594][  0]LogD3D11RHI:       2017/0/8163 MB DedicatedVideo/DedicatedSystem/SharedSystem, Outputs:0, VendorId:0x10de
[2016.12.16-21.20.53:596][  0]LogD3D11RHI:    2. 'Microsoft Basic Render Driver' (Feature Level 11_0)
[2016.12.16-21.20.53:596][  0]LogD3D11RHI:       0/0/8163 MB DedicatedVideo/DedicatedSystem/SharedSystem, Outputs:0, VendorId:0x1414
[2016.12.16-21.20.53:596][  0]LogD3D11RHI: Chosen D3D11 Adapter: 0
[2016.12.16-21.20.53:603][  0]LogD3D11RHI: Creating new Direct3DDevice
[2016.12.16-21.20.53:603][  0]LogD3D11RHI:     GPU DeviceId: 0x13c2 (for the marketing name, search the web for "GPU Device Id")
[2016.12.16-21.20.53:603][  0]LogWindows: EnumDisplayDevices:
[2016.12.16-21.20.53:603][  0]LogWindows:    0. 'NVIDIA GeForce GTX 970' (P:1 D:1)
[2016.12.16-21.20.53:603][  0]LogWindows:    1. 'NVIDIA GeForce GTX 970' (P:0 D:0)
[2016.12.16-21.20.53:603][  0]LogWindows:    2. 'NVIDIA GeForce GTX 970' (P:0 D:0)
[2016.12.16-21.20.53:604][  0]LogWindows:    3. 'NVIDIA GeForce GTX 970' (P:0 D:0)
[2016.12.16-21.20.53:604][  0]LogWindows:    4. 'NVIDIA GeForce GTX 650' (P:0 D:0)
[2016.12.16-21.20.53:604][  0]LogWindows:    5. 'NVIDIA GeForce GTX 650' (P:0 D:0)
[2016.12.16-21.20.53:604][  0]LogWindows:    6. 'NVIDIA GeForce GTX 650' (P:0 D:0)
[2016.12.16-21.20.53:605][  0]LogWindows: DebugString: PrimaryIsNotTheChoosenAdapter PrimaryIsNotTheChoosenAdapter PrimaryIsNotTheChoosenAdapter FoundDriverCount:4 
[2016.12.16-21.20.53:605][  0]LogD3D11RHI:     Adapter Name: NVIDIA GeForce GTX 970
[2016.12.16-21.20.53:605][  0]LogD3D11RHI:   Driver Version: 373.06 (internal:21.21.13.7306, unified:373.06)
[2016.12.16-21.20.53:605][  0]LogD3D11RHI:      Driver Date: 10-1-2016
[2016.12.16-21.20.53:605][  0]LogRHI: Texture pool is 1361 MB (70% of 1945 MB)
[2016.12.16-21.20.54:010][  0]LogD3D11RHI: Async texture creation enabled
[2016.12.16-21.20.54:035][  0]LogD3D11RHI: GPU Timing Frequency: 1000.000000 (Debug: 2 1)
[2016.12.16-21.20.54:036][  0]LogShaderCompilers: Guid format shader working directory is 5 characters bigger than the processId version (E:/Uni Stuff/Media Studio/startingfrommidway/Intermediate/Shaders/WorkingDirectory/4180/).
[2016.12.16-21.20.54:036][  0]LogShaderCompilers: Cleaned the shader compiler working directory 'C:/Users/Alleluia/AppData/Local/Temp/UnrealShaderWorkingDir/FC5393484DFE61C4D0C84C984DF1DC86/'.
[2016.12.16-21.20.54:036][  0]LogShaderCompilers:Display: Using Local Shader Compiler.
[2016.12.16-21.20.54:957][  0]LogTemp:Display: Loaded TP AllDesktopTargetPlatform
[2016.12.16-21.20.54:990][  0]LogTemp:Display: Loaded TP MacClientTargetPlatform
[2016.12.16-21.20.55:022][  0]LogTemp:Display: Loaded TP MacNoEditorTargetPlatform
[2016.12.16-21.20.55:054][  0]LogTemp:Display: Loaded TP MacServerTargetPlatform
[2016.12.16-21.20.55:086][  0]LogTemp:Display: Loaded TP MacTargetPlatform
[2016.12.16-21.20.55:118][  0]LogTemp:Display: Loaded TP WindowsClientTargetPlatform
[2016.12.16-21.20.55:150][  0]LogTemp:Display: Loaded TP WindowsNoEditorTargetPlatform
[2016.12.16-21.20.55:182][  0]LogTemp:Display: Loaded TP WindowsServerTargetPlatform
[2016.12.16-21.20.55:211][  0]LogTemp:Display: Loaded TP WindowsTargetPlatform
[2016.12.16-21.20.55:243][  0]LogTemp:Display: Loaded TP AndroidTargetPlatform
[2016.12.16-21.20.55:275][  0]LogTemp:Display: Loaded TP Android_ASTCTargetPlatform
[2016.12.16-21.20.55:308][  0]LogTemp:Display: Loaded TP Android_ATCTargetPlatform
[2016.12.16-21.20.55:339][  0]LogTemp:Display: Loaded TP Android_DXTTargetPlatform
[2016.12.16-21.20.55:371][  0]LogTemp:Display: Loaded TP Android_ETC1TargetPlatform
[2016.12.16-21.20.55:402][  0]LogTemp:Display: Loaded TP Android_ETC2TargetPlatform
[2016.12.16-21.20.55:464][  0]LogTemp:Display: Loaded TP Android_MultiTargetPlatform
[2016.12.16-21.20.55:464][  0]LogTemp:Display: Loaded TP Android_PVRTCTargetPlatform
[2016.12.16-21.20.55:484][  0]LogTemp:Display: Loaded TP HTML5TargetPlatform
[2016.12.16-21.20.55:537][  0]LogTemp:Display: Loaded TP IOSTargetPlatform
[2016.12.16-21.20.55:559][  0]LogTemp:Display: Loaded TP TVOSTargetPlatform
[2016.12.16-21.20.55:590][  0]LogTemp:Display: Loaded TP LinuxClientTargetPlatform
[2016.12.16-21.20.55:622][  0]LogTemp:Display: Loaded TP LinuxNoEditorTargetPlatform
[2016.12.16-21.20.55:654][  0]LogTemp:Display: Loaded TP LinuxServerTargetPlatform
[2016.12.16-21.20.55:685][  0]LogTemp:Display: Loaded TP LinuxTargetPlatform
[2016.12.16-21.20.55:685][  0]LogTargetPlatformManager:Display: Building Assets For Windows
[2016.12.16-21.20.55:885][  0]LogDerivedDataCache:Display: Max Cache Size: 512 MB
[2016.12.16-21.20.55:929][  0]LogDerivedDataCache: Loaded boot cache 0.04s 50MB C:/Users/Alleluia/AppData/Local/UnrealEngine/4.14/DerivedDataCache/Boot.ddc.
[2016.12.16-21.20.55:929][  0]LogDerivedDataCache:Display: Loaded Boot cache: C:/Users/Alleluia/AppData/Local/UnrealEngine/4.14/DerivedDataCache/Boot.ddc
[2016.12.16-21.20.55:930][  0]LogDerivedDataCache: FDerivedDataBackendGraph:  Pak pak cache file E:/Uni Stuff/Media Studio/startingfrommidway/DerivedDataCache/DDC.ddp not found, will not use a pak cache.
[2016.12.16-21.20.55:930][  0]LogDerivedDataCache: Unable to find inner node Pak for hierarchical cache Hierarchy.
[2016.12.16-21.20.55:930][  0]LogDerivedDataCache: FDerivedDataBackendGraph:  CompressedPak pak cache file E:/Uni Stuff/Media Studio/startingfrommidway/DerivedDataCache/Compressed.ddp not found, will not use a pak cache.
[2016.12.16-21.20.55:930][  0]LogDerivedDataCache: Unable to find inner node CompressedPak for hierarchical cache Hierarchy.
[2016.12.16-21.20.55:943][  0]LogDerivedDataCache:Display: Pak cache opened for reading ../../../Engine/DerivedDataCache/Compressed.ddp.
[2016.12.16-21.20.55:955][  0]LogDerivedDataCache: Using Local data cache path C:/Users/Alleluia/AppData/Local/UnrealEngine/Common/DerivedDataCache: Writable
[2016.12.16-21.20.56:100][  0]LogInit: Selected Device Profile: [Windows]
[2016.12.16-21.20.56:102][  0]LogContentStreaming: Texture pool size is 0.00 MB
[2016.12.16-21.20.56:230][  0]LogMeshUtilities: Using QuadricMeshReduction for automatic static mesh reduction
[2016.12.16-21.20.56:252][  0]LogSimplygon: Simplygon DLL not present - disabling.
[2016.12.16-21.20.56:275][  0]LogMeshUtilities: Using SimplygonSwarm for distributed automatic mesh merging
[2016.12.16-21.20.56:275][  0]LogMeshUtilities: No automatic skeletal mesh reduction module available
[2016.12.16-21.20.56:275][  0]LogMeshUtilities: No automatic mesh merging module available
[2016.12.16-21.20.56:638][  0]LogNetVersion: GetLocalNetworkVersion: CL: 3195953, ProjectName: ryans, ProjectVersion: , EngineNetworkVersion: 2, GameNetworkVersion: 0, NetworkChecksum: 563776025
[2016.12.16-21.20.56:684][  0]LogAssetRegistry: FAssetRegistry took 0.0211 seconds to start up
[2016.12.16-21.20.56:721][  0]LogPackageLocalizationCache: Processed 3 localized package path(s) for 2 prioritized culture(s) in 0.024722 seconds
[2016.12.16-21.20.56:726][  0]LogUObjectArray: 31946 objects as part of root set at end of initial load.
[2016.12.16-21.20.56:726][  0]LogUObjectAllocator: 6935840 out of 0 bytes used by permanent object pool.
[2016.12.16-21.20.56:726][  0]LogUObjectArray: CloseDisregardForGC: 0/0 objects in disregard for GC pool
[2016.12.16-21.20.56:757][  0]LogInit: WinSock: version 1.1 (2.2), MaxSocks=32767, MaxUdp=65467
[2016.12.16-21.20.57:174][  0]LogSlate: Using Freetype 2.6.0
[2016.12.16-21.20.57:175][  0]LogSlate: SlateFontCache - WITH_FREETYPE: 1, WITH_HARFBUZZ: 1
[2016.12.16-21.20.57:175][  0]LogSlate: SlateFontCache - WITH_FREETYPE: 1, WITH_HARFBUZZ: 1
[2016.12.16-21.20.57:763][  0]LogSubstanceCoreModule: Substance CPU Engine Loaded, Max Texture Size 2048
[2016.12.16-21.20.57:778][  0]LogTcpMessaging: Initializing TcpMessaging bridge
[2016.12.16-21.20.57:802][  0]LogUdpMessaging: Initializing bridge on interface 0.0.0.0:0 to multicast group 230.0.0.1:6666.
[2016.12.16-21.20.58:364][  0]LogMaterial: Uniform references updated for custom material expression Custom.
[2016.12.16-21.20.59:138][  0]SourceControl: Info Source control is disabled
[2016.12.16-21.20.59:139][  0]SourceControl: Info Source control is disabled
[2016.12.16-21.20.59:177][  0]SourceControl: Info Source control is disabled
[2016.12.16-21.20.59:201][  0]SourceControl: Info Source control is disabled
[2016.12.16-21.21.00:189][  0]LogEngine: Initializing Engine...
[2016.12.16-21.21.00:189][  0]LogHMD: Failed to initialize OpenVR with code 110
[2016.12.16-21.21.00:341][  0]LogAIModule: Creating AISystem for world Untitled
[2016.12.16-21.21.00:353][  0]LogInit: XAudio2 using 'Speakers (Realtek High Definition Audio)' : 2 channels at 48 kHz using 32 bits per sample (channel mask 0x3)
[2016.12.16-21.21.00:363][  0]LogInit: FAudioDevice initialized.
[2016.12.16-21.21.00:385][  0]LogDerivedDataCache: Saved boot cache 0.02s 50MB C:/Users/Alleluia/AppData/Local/UnrealEngine/4.14/DerivedDataCache/Boot.ddc.
[2016.12.16-21.21.00:393][  0]LogInit: Texture streaming: Enabled
[2016.12.16-21.21.00:511][  0]LogWindowsTextInputMethodSystem:Display: IME system now deactivated.
[2016.12.16-21.21.00:557][  0]LogInit: Transaction tracking system initialized
[2016.12.16-21.21.00:743][  0]BlueprintLog: New page: Editor Load
[2016.12.16-21.21.01:625][  0]LocalizationService: Info Localization service is disabled
[2016.12.16-21.21.02:402][  0]LogConsoleResponse:Display: 
[2016.12.16-21.21.02:518][  0]LogCook:Display: Max memory allowance for cook 16384mb min free memory 0mb
[2016.12.16-21.21.02:518][  0]LogCook:Display: Mobile HDR setting 1
[2016.12.16-21.21.02:819][  0]LogFileCache: Scanning file cache for directory 'E:/Uni Stuff/Media Studio/startingfrommidway/Content/' took 0.06s
[2016.12.16-21.21.03:046][  0]SourceControl: Info Source control is disabled
[2016.12.16-21.21.03:046][  0]Cmd: MAP LOAD FILE="E:/Uni Stuff/Media Studio/startingfrommidway/Content/Level1.umap" TEMPLATE=0 SHOWPROGRESS=1 FEATURELEVEL=3
[2016.12.16-21.21.03:046][  0]LightingResults: New page: Lighting Build
[2016.12.16-21.21.03:067][  0]MapCheck: New page: Map Check
[2016.12.16-21.21.03:067][  0]LightingResults: New page: Lighting Build
[2016.12.16-21.21.03:400][  0]LogAIModule: Creating AISystem for world Level1
[2016.12.16-21.21.03:406][  0]LogEditorServer: Finished looking for orphan Actors (0.000 secs)
[2016.12.16-21.21.03:407][  0]Cmd: MAP CHECKDEP NOCLEARLOG
[2016.12.16-21.21.03:440][  0]MapCheck: Info Map check complete: 0 Error(s), 0 Warning(s), took 32.991ms to complete.
[2016.12.16-21.21.03:440][  0]LogFileHelpers: Loading map 'Level1' took 0.394
[2016.12.16-21.21.03:551][  0]LogCollectionManager: Loaded 0 collections in 0.000651 seconds
[2016.12.16-21.21.03:607][  0]LogFileCache: Scanning file cache for directory 'E:/Uni Stuff/Media Studio/startingfrommidway/Saved/Collections/' took 0.01s
[2016.12.16-21.21.03:607][  0]LogFileCache: Scanning file cache for directory 'E:/Uni Stuff/Media Studio/startingfrommidway/Content/Developers/Alleluia/Collections/' took 0.01s
[2016.12.16-21.21.03:607][  0]LogFileCache: Scanning file cache for directory 'E:/Uni Stuff/Media Studio/startingfrommidway/Content/Collections/' took 0.01s
[2016.12.16-21.21.03:607][  0]LogCollectionManager: Rebuilt the GUID cache for 0 collections in 0.000001 seconds
[2016.12.16-21.21.03:614][  0]LogContentBrowser: Native class hierarchy populated in 0.0069 seconds. Added 2205 classes and 434 folders.
[2016.12.16-21.21.03:642][  0]LogStats: UGameplayTagsManager::ConstructGameplayTagTree: Construct from data asset -  0.000 s
[2016.12.16-21.21.03:642][  0]LogStats: UGameplayTagsManager::ConstructGameplayTagTree: GameplayTagTreeChangedEvent.Broadcast -  0.000 s
[2016.12.16-21.21.03:642][  0]LogContentBrowser: Native class hierarchy updated for 'GameplayTags' in 0.0006 seconds. Added 13 classes and 0 folders.
[2016.12.16-21.21.03:679][  0]LogContentBrowser: Native class hierarchy updated for 'WidgetCarousel' in 0.0004 seconds. Added 0 classes and 0 folders.
[2016.12.16-21.21.03:703][  0]LogContentBrowser: Native class hierarchy updated for 'AddContentDialog' in 0.0005 seconds. Added 0 classes and 0 folders.
[2016.12.16-21.21.03:730][  0]LogContentBrowser: Native class hierarchy updated for 'SceneOutliner' in 0.0006 seconds. Added 1 classes and 2 folders.
[2016.12.16-21.21.03:755][  0]LogCrashTracker: Crashtracker disabled due to settings.
[2016.12.16-21.21.03:821][  0]LogContentBrowser: Native class hierarchy updated for 'HierarchicalLODOutliner' in 0.0004 seconds. Added 1 classes and 2 folders.
[2016.12.16-21.21.03:821][  0]LogLoad: (Engine Initialization) Total time: 14.37 seconds
[2016.12.16-21.21.03:821][  0]LogLoad: (Engine Initialization) Total Blueprint compile time: 0.06 seconds
[2016.12.16-21.21.03:821][  0]LogExternalProfiler: Found external profiler: VSPerf
[2016.12.16-21.21.03:821][  0]LogExternalProfiler: Using external profiler: VSPerf
[2016.12.16-21.21.03:830][  0]LogOcInput: OculusInput pre-init called
[2016.12.16-21.21.03:849][  0]LogContentStreaming: Texture pool size now 1000 MB
[2016.12.16-21.21.03:972][  0]LogRenderer: Reallocating scene render targets to support 1208x576 NumSamples 1 (Frame:2).
[2016.12.16-21.21.04:017][  1]LogAssetRegistry: Asset discovery search completed in 7.3538 seconds
[2016.12.16-21.21.04:017][  1]LogCollectionManager: Rebuilt the object cache for 0 collections in 0.000001 seconds (found 0 objects)
[2016.12.16-21.21.04:017][  1]LogCollectionManager: Fixed up redirectors for 0 collections in 0.000016 seconds (updated 0 objects)
[2016.12.16-21.21.05:913][222]LogLinker:Warning: Can't find file '/Game/HighResolutionContent/Sprites/MonsterA/Run2'
[2016.12.16-21.21.05:913][222]LogLinker:Warning: Can't find file for asset '/Game/HighResolutionContent/Sprites/MonsterA/Run2' while loading E:/Uni Stuff/Media Studio/startingfrommidway/Content/NewSprites/Blueprints/Enemy.uasset.
[2016.12.16-21.21.05:929][222]LoadErrors:Error: Error /Game/NewSprites/Blueprints/Enemy : Can't find file for asset. /Game/HighResolutionContent/Sprites/MonsterA/Run2
[2016.12.16-21.21.05:929][222]LogLinker:Warning: Can't find file '/Game/HighResolutionContent/Sprites/MonsterA/Run2'
[2016.12.16-21.21.05:929][222]LogLinker:Warning: Can't find file for asset '/Game/HighResolutionContent/Sprites/MonsterA/Run2' while loading E:/Uni Stuff/Media Studio/startingfrommidway/Content/NewSprites/Blueprints/Enemy.uasset.
[2016.12.16-21.21.05:930][222]LogLinker:Warning: Can't find file '/Game/HighResolutionContent/Sprites/MonsterA/Run2'
[2016.12.16-21.21.05:930][222]LogLinker:Warning: Can't find file for asset '/Game/HighResolutionContent/Sprites/MonsterA/Run2' while loading NULL.
[2016.12.16-21.21.05:930][222]LogLinker:Warning: Can't find file '/Game/HighResolutionContent/Sprites/MonsterA/Run2'
[2016.12.16-21.21.05:930][222]LogLinker:Warning: Can't find file for asset '/Game/HighResolutionContent/Sprites/MonsterA/Run2' while loading NULL.
[2016.12.16-21.21.05:930][222]LogLinker:Warning: Can't find file '/Game/HighResolutionContent/Sprites/MonsterA/Run2'
[2016.12.16-21.21.05:930][222]LoadErrors: Info Failed to load /Game/HighResolutionContent/Sprites/MonsterA/Run2.Run2 Referenced by Default__Enemy_C
[2016.12.16-21.21.05:930][222]LogLinker:Warning: Can't find file for asset '/Game/HighResolutionContent/Sprites/MonsterA/Run2' while loading NULL.
[2016.12.16-21.21.06:311][222]LogContentBrowser: Native class hierarchy updated for 'BlueprintGraph' in 0.0007 seconds. Added 111 classes and 0 folders.
[2016.12.16-21.21.54:681][901]BlueprintLog: New page: Compile Enemy
[2016.12.16-21.22.15:592][325]LogTemp: Repeting last play command: Selected Viewport
[2016.12.16-21.22.15:982][325]LogPlayLevel: PlayLevel: No blueprints needed recompiling
[2016.12.16-21.22.15:983][325]PIE: New page: PIE session: Level1 (16 Dec 2016 21:22:15)
[2016.12.16-21.22.15:983][325]LogPlayLevel: Creating play world package: /Game/UEDPIE_0_Level1
[2016.12.16-21.22.15:988][325]LogPlayLevel: PIE: StaticDuplicateObject took: (0.004689s)
[2016.12.16-21.22.15:988][325]LogAIModule: Creating AISystem for world Level1
[2016.12.16-21.22.15:989][325]LogPlayLevel: PIE: World Init took: (0.000909s)
[2016.12.16-21.22.15:989][325]LogPlayLevel: PIE: Created PIE world by copying editor world from /Game/Level1.Level1 to /Game/UEDPIE_0_Level1.Level1 (0.005948s)
[2016.12.16-21.22.16:015][325]LogInit: XAudio2 using 'Speakers (Realtek High Definition Audio)' : 2 channels at 48 kHz using 32 bits per sample (channel mask 0x3)
[2016.12.16-21.22.16:024][325]LogInit: FAudioDevice initialized.
[2016.12.16-21.22.16:074][325]LogLoad: Game class is 'My2DGame_C'
[2016.12.16-21.22.16:077][325]LogWorld: Bringing World /Game/UEDPIE_0_Level1.Level1 up for play (max tick rate 0) at 2016.12.16-21.22.16
[2016.12.16-21.22.16:077][325]LogWorld: Bringing up level for play took: 0.001731
[2016.12.16-21.22.16:130][325]LogContentBrowser: Native class hierarchy updated for 'MovieSceneCapture' in 0.0006 seconds. Added 11 classes and 0 folders.
[2016.12.16-21.22.16:130][325]LogGameMode:Display: Match State Changed from EnteringMap to WaitingToStart
[2016.12.16-21.22.16:130][325]LogGameState: Match State Changed from EnteringMap to WaitingToStart
[2016.12.16-21.22.16:130][325]LogGameMode:Display: Match State Changed from WaitingToStart to InProgress
[2016.12.16-21.22.16:131][325]LogGameState: Match State Changed from WaitingToStart to InProgress
[2016.12.16-21.22.16:132][325]PIE: Info Play in editor start time for /Game/UEDPIE_0_Level1 0.346
[2016.12.16-21.22.16:157][326]LogCharacterMovement:Warning: GetSimulationTimeStep() - Max iterations 8 hit while remaining time 0.080409 > MaxSimulationTimeStep (0.050) for 'Dave_C_0', movement 'Walking'
[2016.12.16-21.23.49:115][612]LogTemp: Repeting last play command: Selected Viewport
[2016.12.16-21.23.49:128][612]LogPlayLevel: PlayLevel: No blueprints needed recompiling
[2016.12.16-21.23.49:128][612]PIE: New page: PIE session: Level1 (16 Dec 2016 21:23:49)
[2016.12.16-21.23.49:128][612]LogPlayLevel: Creating play world package: /Game/UEDPIE_0_Level1
[2016.12.16-21.23.49:130][612]LogPlayLevel: PIE: StaticDuplicateObject took: (0.002211s)
[2016.12.16-21.23.49:131][612]LogAIModule: Creating AISystem for world Level1
[2016.12.16-21.23.49:131][612]LogPlayLevel: PIE: World Init took: (0.000552s)
[2016.12.16-21.23.49:131][612]LogPlayLevel: PIE: Created PIE world by copying editor world from /Game/Level1.Level1 to /Game/UEDPIE_0_Level1.Level1 (0.002969s)
[2016.12.16-21.23.49:152][612]LogInit: XAudio2 using 'Speakers (Realtek High Definition Audio)' : 2 channels at 48 kHz using 32 bits per sample (channel mask 0x3)
[2016.12.16-21.23.49:160][612]LogInit: FAudioDevice initialized.
[2016.12.16-21.23.49:188][612]LogLoad: Game class is 'My2DGame_C'
[2016.12.16-21.23.49:191][612]LogWorld: Bringing World /Game/UEDPIE_0_Level1.Level1 up for play (max tick rate 0) at 2016.12.16-21.23.49
[2016.12.16-21.23.49:191][612]LogWorld: Bringing up level for play took: 0.002085
[2016.12.16-21.23.49:192][612]LogGameMode:Display: Match State Changed from EnteringMap to WaitingToStart
[2016.12.16-21.23.49:192][612]LogGameState: Match State Changed from EnteringMap to WaitingToStart
[2016.12.16-21.23.49:192][612]LogGameMode:Display: Match State Changed from WaitingToStart to InProgress
[2016.12.16-21.23.49:192][612]LogGameState: Match State Changed from WaitingToStart to InProgress
[2016.12.16-21.23.49:192][612]PIE: Info Play in editor start time for /Game/UEDPIE_0_Level1 -0.593
[2016.12.16-21.24.02:612][200]LogEditorViewport: Clicking on Actor (LMB): PaperSpriteActor (background0_Sprite2)
[2016.12.16-21.24.03:053][249]LogEditorViewport: Clicking on Actor (LMB): PaperSpriteActor (background0_Sprite2)
[2016.12.16-21.24.04:494][420]LogEditorViewport: Clicking Background
[2016.12.16-21.24.06:442][651]LogEditorViewport: Clicking on Actor (LMB): PaperSpriteActor (background0_Sprite2)
[2016.12.16-21.24.07:467][770]LogEditorViewport: Clicking Background
[2016.12.16-21.24.08:164][853]LogEditorViewport: Clicking on Actor (LMB): Enemy_C (Enemy)
[2016.12.16-21.24.14:005][524]LogEditorViewport: Clicking on Actor (LMB): PaperSpriteActor (background0_Sprite)
[2016.12.16-21.24.14:400][567]LogEditorViewport: Clicking on Actor (LMB): PlayerStart (PlayerStart)
[2016.12.16-21.24.16:466][811]LogNavigationPoint: PostEditMove Clear paths rebuilt
[2016.12.16-21.24.17:729][961]LogNavigationPoint: PostEditMove Clear paths rebuilt
[2016.12.16-21.24.19:374][157]LogTemp: Repeting last play command: Selected Viewport
[2016.12.16-21.24.19:785][157]LogPlayLevel: PlayLevel: No blueprints needed recompiling
[2016.12.16-21.24.19:785][157]PIE: New page: PIE session: Level1 (16 Dec 2016 21:24:19)
[2016.12.16-21.24.19:785][157]LogPlayLevel: Creating play world package: /Game/UEDPIE_0_Level1
[2016.12.16-21.24.19:791][157]LogPlayLevel: PIE: StaticDuplicateObject took: (0.005624s)
[2016.12.16-21.24.19:792][157]LogAIModule: Creating AISystem for world Level1
[2016.12.16-21.24.19:792][157]LogPlayLevel: PIE: World Init took: (0.001153s)
[2016.12.16-21.24.19:793][157]LogPlayLevel: PIE: Created PIE world by copying editor world from /Game/Level1.Level1 to /Game/UEDPIE_0_Level1.Level1 (0.007126s)
[2016.12.16-21.24.19:857][157]LogInit: XAudio2 using 'Speakers (Realtek High Definition Audio)' : 2 channels at 48 kHz using 32 bits per sample (channel mask 0x3)
[2016.12.16-21.24.19:867][157]LogInit: FAudioDevice initialized.
[2016.12.16-21.24.19:897][157]LogLoad: Game class is 'My2DGame_C'
[2016.12.16-21.24.19:900][157]LogWorld: Bringing World /Game/UEDPIE_0_Level1.Level1 up for play (max tick rate 0) at 2016.12.16-21.24.19
[2016.12.16-21.24.19:900][157]LogWorld: Bringing up level for play took: 0.002081
[2016.12.16-21.24.19:901][157]LogGameMode:Display: Match State Changed from EnteringMap to WaitingToStart
[2016.12.16-21.24.19:901][157]LogGameState: Match State Changed from EnteringMap to WaitingToStart
[2016.12.16-21.24.19:901][157]LogGameMode:Display: Match State Changed from WaitingToStart to InProgress
[2016.12.16-21.24.19:902][157]LogGameState: Match State Changed from WaitingToStart to InProgress
[2016.12.16-21.24.19:902][157]PIE: Info Play in editor start time for /Game/UEDPIE_0_Level1 0.116
[2016.12.16-21.24.43:577][977]LogRenderer: Reallocating scene render targets to support 1208x900 NumSamples 1 (Frame:9154).
[2016.12.16-21.24.52:899][ 87]BlueprintLog: New page: Compile Enemy
[2016.12.16-21.24.57:734][643]LogTemp: Repeting last play command: Selected Viewport
[2016.12.16-21.24.57:967][643]LogPlayLevel: PlayLevel: No blueprints needed recompiling
[2016.12.16-21.24.57:968][643]PIE: New page: PIE session: Level1 (16 Dec 2016 21:24:57)
[2016.12.16-21.24.57:968][643]LogPlayLevel: Creating play world package: /Game/UEDPIE_0_Level1
[2016.12.16-21.24.57:977][643]LogPlayLevel: PIE: StaticDuplicateObject took: (0.009267s)
[2016.12.16-21.24.57:979][643]LogAIModule: Creating AISystem for world Level1
[2016.12.16-21.24.57:979][643]LogPlayLevel: PIE: World Init took: (0.001625s)
[2016.12.16-21.24.57:980][643]LogPlayLevel: PIE: Created PIE world by copying editor world from /Game/Level1.Level1 to /Game/UEDPIE_0_Level1.Level1 (0.011452s)
[2016.12.16-21.24.58:030][643]LogInit: XAudio2 using 'Speakers (Realtek High Definition Audio)' : 2 channels at 48 kHz using 32 bits per sample (channel mask 0x3)
[2016.12.16-21.24.58:047][643]LogInit: FAudioDevice initialized.
[2016.12.16-21.24.58:083][643]LogLoad: Game class is 'My2DGame_C'
[2016.12.16-21.24.58:086][643]LogWorld: Bringing World /Game/UEDPIE_0_Level1.Level1 up for play (max tick rate 0) at 2016.12.16-21.24.58
[2016.12.16-21.24.58:087][643]LogWorld: Bringing up level for play took: 0.002402
[2016.12.16-21.24.58:087][643]LogGameMode:Display: Match State Changed from EnteringMap to WaitingToStart
[2016.12.16-21.24.58:087][643]LogGameState: Match State Changed from EnteringMap to WaitingToStart
[2016.12.16-21.24.58:088][643]LogGameMode:Display: Match State Changed from WaitingToStart to InProgress
[2016.12.16-21.24.58:088][643]LogGameState: Match State Changed from WaitingToStart to InProgress
[2016.12.16-21.24.58:088][643]PIE: Info Play in editor start time for /Game/UEDPIE_0_Level1 0.303
[2016.12.16-21.25.11:728][268]Cmd: SELECT NONE
[2016.12.16-21.25.12:320][339]Cmd: SELECT NONE
[2016.12.16-21.26.02:398][761]LogTexture:Display: Building textures: Layer0_2 (AutoDXT)
[2016.12.16-21.26.02:698][761]LogContentBrowser: Native class hierarchy updated for 'TextureEditor' in 0.0008 seconds. Added 1 classes and 2 folders.
[2016.12.16-21.26.15:904][130]LogSavePackage: Save=21.16ms
[2016.12.16-21.26.15:904][130]LogSavePackage: Moving 'E:/Uni Stuff/Media Studio/startingfrommidway/Saved/Layer0_0_SpriteF6269B44458D8798D38100843F599679.tmp' to 'E:/Uni Stuff/Media Studio/startingfrommidway/Content/HighResolutionContent/Backgrounds/Sprites/Layer0_0_Sprite.uasset'
[2016.12.16-21.26.15:907][130]LogSavePackage:Display: Finished SavePackage E:/Uni Stuff/Media Studio/startingfrommidway/Content/HighResolutionContent/Backgrounds/Sprites/Layer0_0_Sprite.uasset
[2016.12.16-21.26.21:978][837]LogTexture:Display: Building textures: Layer1_0 (AutoDXT)
[2016.12.16-21.26.30:059][662]LogTexture:Display: Building textures: Layer1_1 (AutoDXT)
[2016.12.16-21.26.35:032][119]LogTexture:Display: Building textures: Layer1_2 (AutoDXT)
[2016.12.16-21.26.44:042][ 66]LogSavePackage: Save=11.60ms
[2016.12.16-21.26.44:042][ 66]LogSavePackage: Moving 'E:/Uni Stuff/Media Studio/startingfrommidway/Saved/Layer1_0_Sprite70E1BF764248B2121EC4548BAC28632B.tmp' to 'E:/Uni Stuff/Media Studio/startingfrommidway/Content/HighResolutionContent/Backgrounds/Sprites/Layer1_0_Sprite.uasset'
[2016.12.16-21.26.44:044][ 66]LogSavePackage:Display: Finished SavePackage E:/Uni Stuff/Media Studio/startingfrommidway/Content/HighResolutionContent/Backgrounds/Sprites/Layer1_0_Sprite.uasset
[2016.12.16-21.26.44:069][ 66]LogSavePackage: Save=10.87ms
[2016.12.16-21.26.44:069][ 66]LogSavePackage: Moving 'E:/Uni Stuff/Media Studio/startingfrommidway/Saved/Layer1_1_Sprite6A2D222644B5E17E47B4F78B4D4FF037.tmp' to 'E:/Uni Stuff/Media Studio/startingfrommidway/Content/HighResolutionContent/Backgrounds/Sprites/Layer1_1_Sprite.uasset'
[2016.12.16-21.26.44:071][ 66]LogSavePackage:Display: Finished SavePackage E:/Uni Stuff/Media Studio/startingfrommidway/Content/HighResolutionContent/Backgrounds/Sprites/Layer1_1_Sprite.uasset
[2016.12.16-21.26.44:095][ 66]LogSavePackage: Save=11.05ms
[2016.12.16-21.26.44:095][ 66]LogSavePackage: Moving 'E:/Uni Stuff/Media Studio/startingfrommidway/Saved/Layer1_2_Sprite9551CEF74F60FBB59D818ABFA32BCE71.tmp' to 'E:/Uni Stuff/Media Studio/startingfrommidway/Content/HighResolutionContent/Backgrounds/Sprites/Layer1_2_Sprite.uasset'
[2016.12.16-21.26.44:098][ 66]LogSavePackage:Display: Finished SavePackage E:/Uni Stuff/Media Studio/startingfrommidway/Content/HighResolutionContent/Backgrounds/Sprites/Layer1_2_Sprite.uasset
[2016.12.16-21.27.06:809][759]Cmd: EDIT COPY
[2016.12.16-21.27.07:216][807]Cmd: EDIT PASTE
[2016.12.16-21.27.12:102][389]Cmd: EDIT COPY
[2016.12.16-21.27.12:308][413]Cmd: EDIT PASTE
[2016.12.16-21.27.18:249][121]Cmd: EDIT COPY
[2016.12.16-21.27.18:504][151]Cmd: EDIT PASTE
[2016.12.16-21.27.25:231][949]LogEditorViewport: Clicking on Actor (LMB): PaperSpriteActor (Layer0_0_Sprite2)
[2016.12.16-21.27.36:105][167]LogTexture:Display: Building textures: Layer0_1 (AutoDXT)
[2016.12.16-21.27.50:943][780]LogSavePackage: Save=25.07ms
[2016.12.16-21.27.50:943][780]LogSavePackage: Moving 'E:/Uni Stuff/Media Studio/startingfrommidway/Saved/Layer0_1_SpriteCE95607F4784DADDDB1C5F8495C9CD21.tmp' to 'E:/Uni Stuff/Media Studio/startingfrommidway/Content/HighResolutionContent/Backgrounds/Sprites/Layer0_1_Sprite.uasset'
[2016.12.16-21.27.50:946][780]LogSavePackage:Display: Finished SavePackage E:/Uni Stuff/Media Studio/startingfrommidway/Content/HighResolutionContent/Backgrounds/Sprites/Layer0_1_Sprite.uasset
[2016.12.16-21.27.50:975][780]LogSavePackage: Save=13.55ms
[2016.12.16-21.27.50:975][780]LogSavePackage: Moving 'E:/Uni Stuff/Media Studio/startingfrommidway/Saved/Layer0_2_Sprite88EED57C4897FFC395EDBFA8C84FA028.tmp' to 'E:/Uni Stuff/Media Studio/startingfrommidway/Content/HighResolutionContent/Backgrounds/Sprites/Layer0_2_Sprite.uasset'
[2016.12.16-21.27.50:977][780]LogSavePackage:Display: Finished SavePackage E:/Uni Stuff/Media Studio/startingfrommidway/Content/HighResolutionContent/Backgrounds/Sprites/Layer0_2_Sprite.uasset
[2016.12.16-21.27.57:592][556]LogEditorViewport: Clicking on Actor (LMB): PaperSpriteActor (Layer0_0_Sprite2)
[2016.12.16-21.27.57:784][578]Cmd: DELETE
[2016.12.16-21.27.57:784][578]Cmd: ACTOR DELETE
[2016.12.16-21.27.57:784][578]LogEditorActor: Deleted Actor: PaperSpriteActor
[2016.12.16-21.27.57:796][578]LogEditorActor: Deleted 1 Actors (0.012 secs)
[2016.12.16-21.27.58:579][672]LogEditorViewport: Clicking on Actor (LMB): PaperSpriteActor (Layer0_0_Sprite3)
[2016.12.16-21.27.58:739][688]Cmd: DELETE
[2016.12.16-21.27.58:739][688]Cmd: ACTOR DELETE
[2016.12.16-21.27.58:739][688]LogEditorActor: Deleted Actor: PaperSpriteActor
[2016.12.16-21.27.58:750][688]LogEditorActor: Deleted 1 Actors (0.010 secs)
[2016.12.16-21.28.01:286][992]LogEditorViewport: Clicking on Actor (LMB): PaperSpriteActor (Layer0_0_Sprite)
[2016.12.16-21.28.01:383][  0]Cmd: DELETE
[2016.12.16-21.28.01:383][  0]Cmd: ACTOR DELETE
[2016.12.16-21.28.01:383][  0]LogEditorActor: Deleted Actor: PaperSpriteActor
[2016.12.16-21.28.01:393][  0]LogEditorActor: Deleted 1 Actors (0.011 secs)
[2016.12.16-21.28.39:629][508]LogEditorViewport: Clicking Background
[2016.12.16-21.28.41:234][700]LogEditorViewport: Clicking on Actor (LMB): PaperSpriteActor (Layer0_1_Sprite)
[2016.12.16-21.28.42:214][813]LogEditorViewport: Clicking Background
[2016.12.16-21.28.42:919][897]LogEditorViewport: Clicking on Actor (LMB): PaperSpriteActor (Layer0_1_Sprite)
[2016.12.16-21.28.43:376][948]LogEditorViewport: Clicking Background
[2016.12.16-21.28.52:721][ 62]LogEditorViewport: Clicking Background
[2016.12.16-21.29.16:625][894]LogEditorViewport: Clicking Background
[2016.12.16-21.29.17:504][999]LogEditorViewport: Clicking on Actor (LMB): PaperSpriteActor (Layer1_1_Sprite)
[2016.12.16-21.29.21:071][423]LogEditorViewport: Clicking Background
[2016.12.16-21.29.21:574][483]LogEditorViewport: Clicking on Actor (LMB): PaperSpriteActor (Layer1_1_Sprite)
[2016.12.16-21.29.22:696][610]LogEditorViewport: Clicking Background
[2016.12.16-21.29.23:456][701]LogEditorViewport: Clicking on Actor (LMB): PaperSpriteActor (Layer1_1_Sprite)
[2016.12.16-21.29.24:220][789]LogEditorViewport: Clicking Background
[2016.12.16-21.29.25:923][993]LogEditorViewport: Clicking on Actor (LMB): PaperSpriteActor (Layer1_1_Sprite)
[2016.12.16-21.29.27:911][226]LogEditorViewport: Clicking Background
[2016.12.16-21.29.31:015][598]LogEditorViewport: Clicking on Actor (LMB): PaperSpriteActor (Layer1_1_Sprite)
[2016.12.16-21.29.37:692][393]LogEditorViewport: Clicking Background
[2016.12.16-21.29.45:937][379]LogEditorViewport: Clicking on Actor (LMB): PaperSpriteActor (Layer1_1_Sprite)
[2016.12.16-21.30.13:493][669]LogEditorViewport: Clicking Background
[2016.12.16-21.30.16:940][ 82]LogEditorViewport: Clicking on Actor (LMB): PaperSpriteActor (Layer1_1_Sprite)
[2016.12.16-21.30.18:319][243]LogEditorViewport: Clicking on Actor (LMB): PaperSpriteActor (Layer1_1_Sprite)
[2016.12.16-21.30.19:139][340]LogEditorViewport: Clicking on Actor (LMB): PaperSpriteActor (Layer1_1_Sprite)
[2016.12.16-21.30.25:100][ 50]LogEditorViewport: Clicking on Actor (LMB): PaperSpriteActor (Layer1_1_Sprite)
[2016.12.16-21.30.48:322][824]LogEditorViewport: Clicking Background
[2016.12.16-21.30.48:559][852]Cmd: TRANSACTION UNDO
[2016.12.16-21.30.48:559][852]LogEditorTransaction: Undo Clicking Background
[2016.12.16-21.30.49:505][957]Cmd: TRANSACTION UNDO
[2016.12.16-21.30.49:505][957]LogEditorTransaction: Undo Set actor location
[2016.12.16-21.30.51:367][175]LogEditorViewport: Clicking on Actor (LMB): PaperSpriteActor (Layer1_0_Sprite)
[2016.12.16-21.30.52:193][268]LogEditorViewport: Clicking on Actor (LMB): PaperSpriteActor (Layer1_1_Sprite)
[2016.12.16-21.30.53:832][451]LogEditorViewport: Clicking on Actor (LMB): PaperSpriteActor (Layer1_1_Sprite)
[2016.12.16-21.30.54:659][546]LogEditorViewport: Clicking on Actor (LMB): PaperSpriteActor (Layer0_1_Sprite)
[2016.12.16-21.30.56:742][786]LogEditorViewport: Clicking on Actor (LMB): PaperSpriteActor (Layer1_1_Sprite)
[2016.12.16-21.30.57:561][877]LogEditorViewport: Clicking on Actor (LMB): PaperSpriteActor (Layer0_1_Sprite)
[2016.12.16-21.31.03:182][520]LogEditorViewport: Clicking on Actor (LMB): Rope_Climb_C (Rope_Climb)
[2016.12.16-21.31.03:919][603]LogEditorViewport: Clicking on Actor (LMB): PaperSpriteActor (Layer1_1_Sprite)
[2016.12.16-21.31.17:136][139]LogEditorViewport: Clicking on Actor (LMB): PaperSpriteActor (Layer1_1_Sprite)
[2016.12.16-21.31.17:535][185]LogEditorViewport: Clicking on Actor (LMB): PaperSpriteActor (Layer1_0_Sprite)
[2016.12.16-21.31.18:937][344]LogEditorViewport: Clicking on Actor (LMB): PaperSpriteActor (Layer1_1_Sprite)
[2016.12.16-21.31.21:087][591]LogEditorViewport: Clicking Background
[2016.12.16-21.31.24:657][ 14]LogEditorViewport: Clicking on Actor (LMB): PaperSpriteActor (Layer1_1_Sprite)
[2016.12.16-21.32.12:404][607]LogEditorViewport: Clicking Background
[2016.12.16-21.32.47:718][827]LogEditorViewport: Clicking Background
[2016.12.16-21.32.49:364][ 24]LogEditorViewport: Clicking on Actor (LMB): PaperSpriteActor (Layer1_2_Sprite)
[2016.12.16-21.32.55:358][737]LogEditorViewport: Clicking Background
[2016.12.16-21.32.57:946][ 45]LogEditorViewport: Clicking on Actor (LMB): PaperSpriteActor (Layer1_2_Sprite)
[2016.12.16-21.33.00:908][395]LogEditorViewport: Clicking Background
[2016.12.16-21.33.07:309][162]LogEditorViewport: Clicking on Actor (LMB): PaperSpriteActor (Layer1_2_Sprite)
[2016.12.16-21.33.17:292][348]LogEditorViewport: Clicking on Actor (LMB): PaperSpriteActor (Layer0_2_Sprite)
[2016.12.16-21.33.24:033][151]LogEditorViewport: Clicking Background
[2016.12.16-21.33.43:821][ 91]LogEditorViewport: Clicking on Actor (context menu): PaperSpriteActor (Layer1_1_Sprite)
[2016.12.16-21.33.44:582][166]LogEditorViewport: Clicking on Actor (LMB): PaperSpriteActor (Layer1_1_Sprite)
[2016.12.16-21.33.45:149][233]LogEditorViewport: Clicking on Actor (LMB): Enemy_C (Enemy)
[2016.12.16-21.34.47:088][436]LogEditorViewport: Clicking on Actor (LMB): PaperSpriteActor (Layer0_0_Sprite4)
[2016.12.16-21.34.48:546][607]Cmd: DELETE
[2016.12.16-21.34.48:546][607]Cmd: ACTOR DELETE
[2016.12.16-21.34.48:547][607]LogEditorActor: Deleted Actor: PaperSpriteActor
[2016.12.16-21.34.48:558][607]LogEditorActor: Deleted 1 Actors (0.012 secs)
[2016.12.16-21.34.56:815][595]LogEditorViewport: Clicking on Actor (LMB): PlayerStart (PlayerStart)
[2016.12.16-21.34.58:480][792]LogNavigationPoint: PostEditMove Clear paths rebuilt
[2016.12.16-21.35.00:606][ 46]LogNavigationPoint: PostEditMove Clear paths rebuilt
[2016.12.16-21.35.01:281][126]LogNavigationPoint: PostEditMove Clear paths rebuilt
[2016.12.16-21.35.03:189][354]LogNavigationPoint: PostEditMove Clear paths rebuilt
[2016.12.16-21.35.03:891][437]LogNavigationPoint: PostEditMove Clear paths rebuilt
[2016.12.16-21.35.04:475][506]LogNavigationPoint: PostEditMove Clear paths rebuilt
[2016.12.16-21.35.08:018][928]LogNavigationPoint: PostEditMove Clear paths rebuilt
[2016.12.16-21.35.12:855][506]LogNavigationPoint: PostEditMove Clear paths rebuilt
[2016.12.16-21.35.20:375][397]LogEditorViewport: Clicking on Actor (LMB): PaperSpriteActor (Layer1_1_Sprite)
[2016.12.16-21.35.20:872][453]LogEditorViewport: Clicking on Actor (LMB): Rope_Climb_C (Rope_Climb)
[2016.12.16-21.35.29:261][444]Cmd: EDIT COPY
[2016.12.16-21.35.29:944][525]Cmd: EDIT PASTE
[2016.12.16-21.35.58:454][910]LogEditorViewport: Clicking on Actor (LMB): PaperSpriteActor (BlockA0_Sprite)
[2016.12.16-21.36.07:008][889]Cmd: EDIT COPY
[2016.12.16-21.36.07:869][991]Cmd: EDIT PASTE
[2016.12.16-21.36.35:869][256]LogEditorViewport: Clicking Background
[2016.12.16-21.36.56:178][784]Cmd: OBJ SAVEPACKAGE PACKAGE="/Game/Level1" FILE="E:/Uni Stuff/Media Studio/startingfrommidway/Content/Level1.umap" SILENT=true AUTOSAVING=false KEEPDIRTY=false
[2016.12.16-21.36.56:637][784]LogSavePackage: Save=58.83ms
[2016.12.16-21.36.56:637][784]LogSavePackage: Moving 'E:/Uni Stuff/Media Studio/startingfrommidway/Saved/Level1EE52F5654A2B1A105896609C4EEE5CD1.tmp' to 'E:/Uni Stuff/Media Studio/startingfrommidway/Content/Level1.umap'
[2016.12.16-21.36.56:640][784]LogSavePackage:Display: Finished SavePackage E:/Uni Stuff/Media Studio/startingfrommidway/Content/Level1.umap
[2016.12.16-21.36.56:663][784]LogFileHelpers: Saving map 'Level1' took 0.519
[2016.12.16-21.36.56:667][784]Cmd: OBJ SAVEPACKAGE PACKAGE="/Game/NewSprites/Blueprints/Enemy" FILE="E:/Uni Stuff/Media Studio/startingfrommidway/Content/NewSprites/Blueprints/Enemy.uasset" SILENT=true
[2016.12.16-21.36.56:699][784]LogSavePackage: Save=21.01ms
[2016.12.16-21.36.56:699][784]LogSavePackage: Moving 'E:/Uni Stuff/Media Studio/startingfrommidway/Saved/Enemy23891FC8475D7C1E350622A5EBD8192C.tmp' to 'E:/Uni Stuff/Media Studio/startingfrommidway/Content/NewSprites/Blueprints/Enemy.uasset'
[2016.12.16-21.36.56:701][784]LogSavePackage:Display: Finished SavePackage E:/Uni Stuff/Media Studio/startingfrommidway/Content/NewSprites/Blueprints/Enemy.uasset
[2016.12.16-21.36.56:708][784]LogSavePackage: Save=3.40ms
[2016.12.16-21.36.56:708][784]LogSavePackage: Moving 'E:/Uni Stuff/Media Studio/startingfrommidway/Saved/Layer1_0_SpriteCD165E7E4E553FD036F5E39BBE3F41A6.tmp' to 'E:/Uni Stuff/Media Studio/startingfrommidway/Content/HighResolutionContent/Backgrounds/Layer1_0_Sprite.uasset'
[2016.12.16-21.36.56:711][784]LogSavePackage:Display: Finished SavePackage E:/Uni Stuff/Media Studio/startingfrommidway/Content/HighResolutionContent/Backgrounds/Layer1_0_Sprite.uasset
[2016.12.16-21.36.56:721][784]LogSavePackage: Save=4.83ms
[2016.12.16-21.36.56:721][784]LogSavePackage: Moving 'E:/Uni Stuff/Media Studio/startingfrommidway/Saved/Layer1_1_SpriteE79E466248F929040BA0ACA0B1EE3B5C.tmp' to 'E:/Uni Stuff/Media Studio/startingfrommidway/Content/HighResolutionContent/Backgrounds/Layer1_1_Sprite.uasset'
[2016.12.16-21.36.56:725][784]LogSavePackage:Display: Finished SavePackage E:/Uni Stuff/Media Studio/startingfrommidway/Content/HighResolutionContent/Backgrounds/Layer1_1_Sprite.uasset
[2016.12.16-21.36.56:733][784]LogSavePackage: Save=4.14ms
[2016.12.16-21.36.56:733][784]LogSavePackage: Moving 'E:/Uni Stuff/Media Studio/startingfrommidway/Saved/Layer1_2_SpriteF63349384784981B5EF6DFB0AE392614.tmp' to 'E:/Uni Stuff/Media Studio/startingfrommidway/Content/HighResolutionContent/Backgrounds/Layer1_2_Sprite.uasset'
[2016.12.16-21.36.56:735][784]LogSavePackage:Display: Finished SavePackage E:/Uni Stuff/Media Studio/startingfrommidway/Content/HighResolutionContent/Backgrounds/Layer1_2_Sprite.uasset
[2016.12.16-21.36.56:764][784]LogSavePackage: Save=4.02ms
[2016.12.16-21.36.56:764][784]LogSavePackage: Moving 'E:/Uni Stuff/Media Studio/startingfrommidway/Saved/Layer0_1_Sprite68DA10074B3A8BC52AD555AC5ECFFAE5.tmp' to 'E:/Uni Stuff/Media Studio/startingfrommidway/Content/HighResolutionContent/Backgrounds/Layer0_1_Sprite.uasset'
[2016.12.16-21.36.56:766][784]LogSavePackage:Display: Finished SavePackage E:/Uni Stuff/Media Studio/startingfrommidway/Content/HighResolutionContent/Backgrounds/Layer0_1_Sprite.uasset
[2016.12.16-21.36.56:776][784]LogSavePackage: Save=4.44ms
[2016.12.16-21.36.56:776][784]LogSavePackage: Moving 'E:/Uni Stuff/Media Studio/startingfrommidway/Saved/Layer0_2_Sprite81747ACC4055D77C9B089EA533B9588A.tmp' to 'E:/Uni Stuff/Media Studio/startingfrommidway/Content/HighResolutionContent/Backgrounds/Layer0_2_Sprite.uasset'
[2016.12.16-21.36.56:778][784]LogSavePackage:Display: Finished SavePackage E:/Uni Stuff/Media Studio/startingfrommidway/Content/HighResolutionContent/Backgrounds/Layer0_2_Sprite.uasset
[2016.12.16-21.37.02:426][387]Cmd: QUIT_EDITOR
[2016.12.16-21.37.02:498][387]LogWindowsTextInputMethodSystem:Display: IME system now deactivated.
[2016.12.16-21.37.02:517][387]LogExit: Preparing to exit.
[2016.12.16-21.37.03:294][387]LogExit: Editor shut down
[2016.12.16-21.37.03:294][387]LogExit: Transaction tracking system shut down
[2016.12.16-21.37.03:374][387]LogObj: Freed 0b from 0 cluster array pools.
[2016.12.16-21.37.03:374][387]LogExit: Object subsystem successfully closed.
[2016.12.16-21.37.03:396][387]LogD3D11RHI: Shutdown
[2016.12.16-21.37.03:396][387]LogD3D11RHI: CleanupD3DDevice
[2016.12.16-21.37.03:442][387]LogD3D11RHI: ~FD3D11DynamicRHI
[2016.12.16-21.37.03:448][387]LogHttp:Display: Http module shutting down, but needs to wait on 1 outstanding Http requests:
[2016.12.16-21.37.03:448][387]LogHttp:Display: 	verb=[POST] url=[https://datarouter.ol.epicgames.com/datarouter/api/v1/public/data?SessionID=%7B2061DE88-4113-5FF6-621D-7B8D77E24E95%7D&AppID=UEEditor.Rocket.Release&AppVersion=4.14.1-3224400%2B%2B%2BUE4%2BRelease-4.14&UserID=dc139048458ae0004cea1fbca4a2ae60%7Cf144a0489f9b4e94af1da2a2ffa9e273%7Cfaa2fc26-7a2e-4778-bd61-aabdbcf8af26&AppEnvironment=datacollector-binary&UploadType=eteventstream] status=Processing
[2016.12.16-21.37.03:480][387]LogModuleManager: Shutting down and abandoning module TextureEditor (247)
[2016.12.16-21.37.03:480][387]LogModuleManager: Shutting down and abandoning module MovieSceneCapture (246)
[2016.12.16-21.37.03:480][387]LogModuleManager: Shutting down and abandoning module BlueprintGraph (245)
[2016.12.16-21.37.03:480][387]LogModuleManager: Shutting down and abandoning module BlueprintProfiler (244)
[2016.12.16-21.37.03:480][387]LogModuleManager: Shutting down and abandoning module HierarchicalLODOutliner (243)
[2016.12.16-21.37.03:480][387]LogModuleManager: Shutting down and abandoning module CrashTracker (242)
[2016.12.16-21.37.03:480][387]LogModuleManager: Shutting down and abandoning module SceneOutliner (241)
[2016.12.16-21.37.03:480][387]LogModuleManager: Shutting down and abandoning module WidgetCarousel (240)
[2016.12.16-21.37.03:480][387]LogModuleManager: Shutting down and abandoning module AddContentDialog (239)
[2016.12.16-21.37.03:480][387]LogDirectoryWatcher: A directory notification for 'D:/Epic Games/4.14/FeaturePacks/' was aborted.
[2016.12.16-21.37.03:481][387]LogModuleManager: Shutting down and abandoning module GameplayTags (238)
[2016.12.16-21.37.03:481][387]LogModuleManager: Shutting down and abandoning module EditorWidgets (237)
[2016.12.16-21.37.03:481][387]LogModuleManager: Shutting down and abandoning module CollectionManager (236)
[2016.12.16-21.37.03:481][387]LogDirectoryWatcher: A directory notification for 'E:/Uni Stuff/Media Studio/startingfrommidway/Content/Collections/' was aborted.
[2016.12.16-21.37.03:481][387]LogDirectoryWatcher: A directory notification for 'E:/Uni Stuff/Media Studio/startingfrommidway/Content/Developers/Alleluia/Collections/' was aborted.
[2016.12.16-21.37.03:481][387]LogDirectoryWatcher: A directory notification for 'E:/Uni Stuff/Media Studio/startingfrommidway/Saved/Collections/' was aborted.
[2016.12.16-21.37.03:481][387]LogModuleManager: Shutting down and abandoning module StatsViewer (235)
[2016.12.16-21.37.03:481][387]LogModuleManager: Shutting down and abandoning module FoliageEdit (234)
[2016.12.16-21.37.03:481][387]LogModuleManager: Shutting down and abandoning module LandscapeEditor (233)
[2016.12.16-21.37.03:481][387]LogModuleManager: Shutting down and abandoning module SceneDepthPickerMode (232)
[2016.12.16-21.37.03:481][387]LogModuleManager: Shutting down and abandoning module ActorPickerMode (231)
[2016.12.16-21.37.03:481][387]LogModuleManager: Shutting down and abandoning module GeometryMode (230)
[2016.12.16-21.37.03:481][387]LogModuleManager: Shutting down and abandoning module TextureAlignMode (229)
[2016.12.16-21.37.03:481][387]LogModuleManager: Shutting down and abandoning module BspMode (228)
[2016.12.16-21.37.03:481][387]LogModuleManager: Shutting down and abandoning module HardwareSurvey (227)
[2016.12.16-21.37.03:481][387]LogModuleManager: Shutting down and abandoning module SequenceRecorderSections (226)
[2016.12.16-21.37.03:481][387]LogModuleManager: Shutting down and abandoning module AutomationWorker (225)
[2016.12.16-21.37.03:481][387]LogModuleManager: Shutting down and abandoning module MatineeToLevelSequence (224)
[2016.12.16-21.37.03:481][387]LogModuleManager: Shutting down and abandoning module PlacementMode (223)
[2016.12.16-21.37.03:481][387]LogModuleManager: Shutting down and abandoning module LevelSequenceEditor (222)
[2016.12.16-21.37.03:481][387]LogModuleManager: Shutting down and abandoning module WmfMediaFactory (221)
[2016.12.16-21.37.03:481][387]LogModuleManager: Shutting down and abandoning module WmfMediaEditor (220)
[2016.12.16-21.37.03:481][387]LogModuleManager: Shutting down and abandoning module AvfMediaFactory (219)
[2016.12.16-21.37.03:481][387]LogModuleManager: Shutting down and abandoning module AvfMediaEditor (218)
[2016.12.16-21.37.03:481][387]LogModuleManager: Shutting down and abandoning module Media (217)
[2016.12.16-21.37.03:481][387]LogModuleManager: Shutting down and abandoning module AndroidMediaFactory (216)
[2016.12.16-21.37.03:481][387]LogModuleManager: Shutting down and abandoning module AndroidMediaEditor (215)
[2016.12.16-21.37.03:481][387]LogModuleManager: Shutting down and abandoning module CharacterAI (214)
[2016.12.16-21.37.03:481][387]LogModuleManager: Shutting down and abandoning module SequenceRecorder (213)
[2016.12.16-21.37.03:481][387]LogModuleManager: Shutting down and abandoning module AudioCapture (212)
[2016.12.16-21.37.03:481][387]LogModuleManager: Shutting down and abandoning module SmartSnapping (211)
[2016.12.16-21.37.03:481][387]LogModuleManager: Shutting down and abandoning module SessionServices (210)
[2016.12.16-21.37.03:481][387]LogModuleManager: Shutting down and abandoning module ViewportSnapping (209)
[2016.12.16-21.37.03:481][387]LogModuleManager: Shutting down and abandoning module ViewportInteraction (208)
[2016.12.16-21.37.03:481][387]LogModuleManager: Shutting down and abandoning module LogVisualizer (207)
[2016.12.16-21.37.03:481][387]LogModuleManager: Shutting down and abandoning module GameProjectGeneration (206)
[2016.12.16-21.37.03:481][387]LogModuleManager: Shutting down and abandoning module IntroTutorials (205)
[2016.12.16-21.37.03:481][387]LogModuleManager: Shutting down and abandoning module EditorLiveStreaming (204)
[2016.12.16-21.37.03:481][387]LogModuleManager: Shutting down and abandoning module IOSPlatformEditor (203)
[2016.12.16-21.37.03:481][387]LogModuleManager: Shutting down and abandoning module HTML5PlatformEditor (202)
[2016.12.16-21.37.03:481][387]LogModuleManager: Shutting down and abandoning module AndroidDeviceDetection (201)
[2016.12.16-21.37.04:083][387]LogModuleManager: Shutting down and abandoning module AndroidPlatformEditor (200)
[2016.12.16-21.37.04:083][387]LogModuleManager: Shutting down and abandoning module IOSRuntimeSettings (199)
[2016.12.16-21.37.04:083][387]LogModuleManager: Shutting down and abandoning module AndroidRuntimeSettings (198)
[2016.12.16-21.37.04:083][387]LogModuleManager: Shutting down and abandoning module InputBindingEditor (197)
[2016.12.16-21.37.04:083][387]LogModuleManager: Shutting down and abandoning module NiagaraEditor (196)
[2016.12.16-21.37.04:083][387]LogModuleManager: Shutting down and abandoning module MergeActors (195)
[2016.12.16-21.37.04:083][387]LogModuleManager: Shutting down and abandoning module SizeMap (194)
[2016.12.16-21.37.04:083][387]LogModuleManager: Shutting down and abandoning module TreeMap (193)
[2016.12.16-21.37.04:083][387]LogModuleManager: Shutting down and abandoning module ReferenceViewer (192)
[2016.12.16-21.37.04:083][387]LogModuleManager: Shutting down and abandoning module LocalizationService (191)
[2016.12.16-21.37.04:083][387]LogModuleManager: Shutting down and abandoning module LocalizationDashboard (190)
[2016.12.16-21.37.04:083][387]LogModuleManager: Shutting down and abandoning module HardwareTargeting (189)
[2016.12.16-21.37.04:083][387]LogModuleManager: Shutting down and abandoning module DeviceProfileEditor (188)
[2016.12.16-21.37.04:083][387]LogModuleManager: Shutting down and abandoning module UndoHistory (187)
[2016.12.16-21.37.04:084][387]LogModuleManager: Shutting down and abandoning module UserFeedback (186)
[2016.12.16-21.37.04:084][387]LogModuleManager: Shutting down and abandoning module XmlParser (185)
[2016.12.16-21.37.04:084][387]LogModuleManager: Shutting down and abandoning module Blutility (184)
[2016.12.16-21.37.04:084][387]LogModuleManager: Shutting down and abandoning module ProjectTargetPlatformEditor (183)
[2016.12.16-21.37.04:084][387]LogModuleManager: Shutting down and abandoning module ProjectSettingsViewer (182)
[2016.12.16-21.37.04:084][387]LogModuleManager: Shutting down and abandoning module EditorSettingsViewer (181)
[2016.12.16-21.37.04:084][387]LogModuleManager: Shutting down and abandoning module SettingsEditor (180)
[2016.12.16-21.37.04:084][387]LogModuleManager: Shutting down and abandoning module ProjectLauncher (179)
[2016.12.16-21.37.04:084][387]LogModuleManager: Shutting down and abandoning module SessionFrontend (178)
[2016.12.16-21.37.04:084][387]LogModuleManager: Shutting down and abandoning module ProfilerClient (177)
[2016.12.16-21.37.04:084][387]LogModuleManager: Shutting down and abandoning module TargetDeviceServices (176)
[2016.12.16-21.37.04:085][387]LogModuleManager: Shutting down and abandoning module DeviceManager (175)
[2016.12.16-21.37.04:127][387]LogModuleManager: Shutting down and abandoning module AutomationController (174)
[2016.12.16-21.37.04:127][387]LogModuleManager: Shutting down and abandoning module AutomationWindow (173)
[2016.12.16-21.37.04:127][387]LogModuleManager: Shutting down and abandoning module Layers (172)
[2016.12.16-21.37.04:127][387]LogModuleManager: Shutting down and abandoning module ComponentVisualizers (171)
[2016.12.16-21.37.04:127][387]LogModuleManager: Shutting down and abandoning module DetailCustomizations (170)
[2016.12.16-21.37.04:127][387]LogModuleManager: Shutting down and abandoning module PackagesDialog (169)
[2016.12.16-21.37.04:127][387]LogModuleManager: Shutting down and abandoning module AnimGraph (168)
[2016.12.16-21.37.04:127][387]LogModuleManager: Shutting down and abandoning module Persona (167)
[2016.12.16-21.37.04:127][387]LogModuleManager: Shutting down and abandoning module Kismet (166)
[2016.12.16-21.37.04:135][387]LogModuleManager: Shutting down and abandoning module GraphEditor (165)
[2016.12.16-21.37.04:135][387]LogModuleManager: Shutting down and abandoning module ClassViewer (164)
[2016.12.16-21.37.04:135][387]LogModuleManager: Shutting down and abandoning module Toolbox (163)
[2016.12.16-21.37.04:135][387]LogModuleManager: Shutting down and abandoning module ModuleUI (162)
[2016.12.16-21.37.04:135][387]LogModuleManager: Shutting down and abandoning module MovieSceneTools (161)
[2016.12.16-21.37.04:135][387]LogModuleManager: Shutting down and abandoning module OutputLog (160)
[2016.12.16-21.37.04:135][387]LogModuleManager: Shutting down and abandoning module GammaUI (159)
[2016.12.16-21.37.04:135][387]LogModuleManager: Shutting down and abandoning module Documentation (158)
[2016.12.16-21.37.04:135][387]LogModuleManager: Shutting down and abandoning module Niagara (157)
[2016.12.16-21.37.04:135][387]LogModuleManager: Shutting down and abandoning module StreamingPauseRendering (156)
[2016.12.16-21.37.04:135][387]LogModuleManager: Shutting down and abandoning module AnalyticsET (155)
[2016.12.16-21.37.04:135][387]LogModuleManager: Shutting down and abandoning module PortalServices (154)
[2016.12.16-21.37.04:135][387]LogModuleManager: Shutting down and abandoning module PortalRpc (153)
[2016.12.16-21.37.04:135][387]LogModuleManager: Shutting down and abandoning module MessagingRpc (152)
[2016.12.16-21.37.04:135][387]LogModuleManager: Shutting down and abandoning module GameplayDebugger (151)
[2016.12.16-21.37.04:135][387]LogModuleManager: Shutting down and abandoning module AITestSuite (150)
[2016.12.16-21.37.04:135][387]LogModuleManager: Shutting down and abandoning module AIModule (149)
[2016.12.16-21.37.04:135][387]LogModuleManager: Shutting down and abandoning module ProfilerService (148)
[2016.12.16-21.37.04:333][387]LogModuleManager: Shutting down and abandoning module TaskGraph (147)
[2016.12.16-21.37.04:333][387]LogModuleManager: Shutting down and abandoning module SubstanceEditor (146)
[2016.12.16-21.37.04:333][387]LogModuleManager: Shutting down and abandoning module SlateRemote (145)
[2016.12.16-21.37.04:333][387]LogModuleManager: Shutting down and abandoning module SteamVRController (144)
[2016.12.16-21.37.04:333][387]LogModuleManager: Shutting down and abandoning module SteamVR (143)
[2016.12.16-21.37.04:333][387]LogModuleManager: Shutting down and abandoning module ProceduralMeshComponentEditor (142)
[2016.12.16-21.37.04:333][387]LogModuleManager: Shutting down and abandoning module ProceduralMeshComponent (141)
[2016.12.16-21.37.04:333][387]LogModuleManager: Shutting down and abandoning module OculusLibrary (140)
[2016.12.16-21.37.04:333][387]LogModuleManager: Shutting down and abandoning module OculusInput (139)
[2016.12.16-21.37.04:333][387]LogModuleManager: Shutting down and abandoning module MobilePatchingUtils (138)
[2016.12.16-21.37.04:333][387]LogModuleManager: Shutting down and abandoning module CustomMeshComponent (137)
[2016.12.16-21.37.04:333][387]LogModuleManager: Shutting down and abandoning module CableComponent (136)
[2016.12.16-21.37.04:333][387]LogModuleManager: Shutting down and abandoning module ArchVisCharacter (135)
[2016.12.16-21.37.04:333][387]LogModuleManager: Shutting down and abandoning module MediaPlayerEditor (133)
[2016.12.16-21.37.04:333][387]LogModuleManager: Shutting down and abandoning module HTML5Networking (132)
[2016.12.16-21.37.04:333][387]LogModuleManager: Shutting down and abandoning module GeometryCacheEd (131)
[2016.12.16-21.37.04:333][387]LogModuleManager: Shutting down and abandoning module GeometryCache (130)
[2016.12.16-21.37.04:333][387]LogModuleManager: Shutting down and abandoning module AlembicLibrary (129)
[2016.12.16-21.37.04:333][387]LogModuleManager: Shutting down and abandoning module AlembicImporter (128)
[2016.12.16-21.37.04:333][387]LogModuleManager: Shutting down and abandoning module SuperSearch (127)
[2016.12.16-21.37.04:333][387]LogModuleManager: Shutting down and abandoning module SuperSearchEditor (126)
[2016.12.16-21.37.04:333][387]LogModuleManager: Shutting down and abandoning module SpeedTreeImporter (125)
[2016.12.16-21.37.04:333][387]LogModuleManager: Shutting down and abandoning module PluginBrowser (124)
[2016.12.16-21.37.04:333][387]LogModuleManager: Shutting down and abandoning module MobileLauncherProfileWizard (123)
[2016.12.16-21.37.04:333][387]LogModuleManager: Shutting down and abandoning module EpicSurvey (122)
[2016.12.16-21.37.04:333][387]LogModuleManager: Shutting down and abandoning module DesktopPlatform (121)
[2016.12.16-21.37.04:333][387]LogModuleManager: Shutting down and abandoning module VisualStudioSourceCodeAccess (120)
[2016.12.16-21.37.04:333][387]LogModuleManager: Shutting down and abandoning module UObjectPlugin (119)
[2016.12.16-21.37.04:333][387]LogModuleManager: Shutting down and abandoning module SubversionSourceControl (118)
[2016.12.16-21.37.04:333][387]LogModuleManager: Shutting down and abandoning module PerforceSourceControl (117)
[2016.12.16-21.37.04:333][387]LogModuleManager: Shutting down and abandoning module SourceControl (116)
[2016.12.16-21.37.04:333][387]LogModuleManager: Shutting down and abandoning module GitSourceControl (115)
[2016.12.16-21.37.04:333][387]LogModuleManager: Shutting down and abandoning module LightPropagationVolumeEditor (114)
[2016.12.16-21.37.04:333][387]LogModuleManager: Shutting down and abandoning module PaperTiledImporter (113)
[2016.12.16-21.37.04:333][387]LogModuleManager: Shutting down and abandoning module PaperSpriteSheetImporter (112)
[2016.12.16-21.37.04:333][387]LogModuleManager: Shutting down and abandoning module MeshPaint (111)
[2016.12.16-21.37.04:333][387]LogModuleManager: Shutting down and abandoning module PixelInspectorModule (110)
[2016.12.16-21.37.04:333][387]LogModuleManager: Shutting down and abandoning module HotReload (109)
[2016.12.16-21.37.04:334][387]LogModuleManager: Shutting down and abandoning module MainFrame (108)
[2016.12.16-21.37.04:334][387]LogModuleManager: Shutting down and abandoning module LevelEditor (107)
[2016.12.16-21.37.04:334][387]LogModuleManager: Shutting down and abandoning module ContentBrowser (106)
[2016.12.16-21.37.04:335][387]LogModuleManager: Shutting down and abandoning module Paper2DEditor (105)
[2016.12.16-21.37.04:335][387]LogModuleManager: Shutting down and abandoning module UdpMessaging (104)
[2016.12.16-21.37.04:436][387]LogModuleManager: Shutting down and abandoning module TcpMessaging (103)
[2016.12.16-21.37.04:536][387]LogModuleManager: Shutting down and abandoning module SubstanceCore (102)
[2016.12.16-21.37.04:536][387]LogModuleManager: Shutting down and abandoning module LightPropagationVolumeRuntime (101)
[2016.12.16-21.37.04:536][387]LogModuleManager: Shutting down and abandoning module Paper2D (100)
[2016.12.16-21.37.04:536][387]LogModuleManager: Shutting down and abandoning module WindowsMoviePlayer (99)
[2016.12.16-21.37.04:536][387]LogModuleManager: Shutting down and abandoning module WmfMedia (98)
[2016.12.16-21.37.04:537][387]LogModuleManager: Shutting down and abandoning module MediaAssets (97)
[2016.12.16-21.37.04:537][387]LogModuleManager: Shutting down and abandoning module GameLiveStreaming (96)
[2016.12.16-21.37.04:537][387]LogModuleManager: Shutting down and abandoning module GameplayTagsEditor (95)
[2016.12.16-21.37.04:537][387]LogModuleManager: Shutting down and abandoning module VREditor (94)
[2016.12.16-21.37.04:537][387]LogModuleManager: Shutting down and abandoning module GameplayTasksEditor (93)
[2016.12.16-21.37.04:537][387]LogModuleManager: Shutting down and abandoning module BehaviorTreeEditor (92)
[2016.12.16-21.37.04:537][387]LogModuleManager: Shutting down and abandoning module FunctionalTesting (91)
[2016.12.16-21.37.04:537][387]LogModuleManager: Shutting down and abandoning module CollisionAnalyzer (90)
[2016.12.16-21.37.04:537][387]LogModuleManager: Shutting down and abandoning module Sequencer (89)
[2016.12.16-21.37.04:537][387]LogModuleManager: Shutting down and abandoning module WorkspaceMenuStructure (88)
[2016.12.16-21.37.04:537][387]LogModuleManager: Shutting down and abandoning module MessageLog (87)
[2016.12.16-21.37.04:537][387]LogModuleManager: Shutting down and abandoning module AssetTools (86)
[2016.12.16-21.37.04:537][387]LogModuleManager: Shutting down and abandoning module UMGEditor (85)
[2016.12.16-21.37.04:537][387]LogModuleManager: Shutting down and abandoning module UMG (84)
[2016.12.16-21.37.04:537][387]LogModuleManager: Shutting down and abandoning module SlateReflector (83)
[2016.12.16-21.37.04:537][387]LogModuleManager: Shutting down and abandoning module Slate (82)
[2016.12.16-21.37.04:537][387]LogModuleManager: Shutting down and abandoning module EditorStyle (81)
[2016.12.16-21.37.04:541][387]LogModuleManager: Shutting down and abandoning module SourceCodeAccess (80)
[2016.12.16-21.37.04:541][387]LogModuleManager: Shutting down and abandoning module HeadMountedDisplay (79)
[2016.12.16-21.37.04:541][387]LogModuleManager: Shutting down and abandoning module XAudio2 (78)
[2016.12.16-21.37.04:541][387]LogModuleManager: Shutting down and abandoning module Networking (76)
[2016.12.16-21.37.04:541][387]LogModuleManager: Shutting down and abandoning module Core (75)
[2016.12.16-21.37.04:541][387]LogModuleManager: Shutting down and abandoning module DirectoryWatcher (74)
[2016.12.16-21.37.04:541][387]LogDirectoryWatcher: A directory notification for '../../../Engine/Content/' was aborted.
[2016.12.16-21.37.04:541][387]LogDirectoryWatcher: A directory notification for 'E:/Uni Stuff/Media Studio/startingfrommidway/Content/' was aborted.
[2016.12.16-21.37.04:541][387]LogDirectoryWatcher: A directory notification for '../../../Engine/Plugins/2D/Paper2D/Content/' was aborted.
[2016.12.16-21.37.04:542][387]LogModuleManager: Shutting down and abandoning module AssetRegistry (73)
[2016.12.16-21.37.04:725][387]LogModuleManager: Shutting down and abandoning module KismetCompiler (72)
[2016.12.16-21.37.04:725][387]LogModuleManager: Shutting down and abandoning module PhysXFormats (71)
[2016.12.16-21.37.04:725][387]LogModuleManager: Shutting down and abandoning module SimplygonSwarm (70)
[2016.12.16-21.37.04:725][387]LogModuleManager: Shutting down and abandoning module SimplygonMeshReduction (69)
[2016.12.16-21.37.04:725][387]LogModuleManager: Shutting down and abandoning module QuadricMeshReduction (68)
[2016.12.16-21.37.04:725][387]LogModuleManager: Shutting down and abandoning module PropertyEditor (67)
[2016.12.16-21.37.04:725][387]LogModuleManager: Shutting down and abandoning module MeshUtilities (66)
[2016.12.16-21.37.04:725][387]LogModuleManager: Shutting down and abandoning module DerivedDataCache (65)
[2016.12.16-21.37.04:768][387]LogDerivedDataCache: Shutdown
[2016.12.16-21.37.04:768][387]LogModuleManager: Shutting down and abandoning module VulkanShaderFormat (64)
[2016.12.16-21.37.04:768][387]LogModuleManager: Shutting down and abandoning module ShaderFormatOpenGL (63)
[2016.12.16-21.37.04:768][387]LogModuleManager: Shutting down and abandoning module ShaderFormatD3D (62)
[2016.12.16-21.37.04:768][387]LogModuleManager: Shutting down and abandoning module MetalShaderFormat (61)
[2016.12.16-21.37.04:769][387]LogModuleManager: Shutting down and abandoning module TextureFormatUncompressed (60)
[2016.12.16-21.37.04:769][387]LogModuleManager: Shutting down and abandoning module TextureFormatPVR (59)
[2016.12.16-21.37.04:769][387]LogModuleManager: Shutting down and abandoning module TextureFormatDXT (58)
[2016.12.16-21.37.04:769][387]LogModuleManager: Shutting down and abandoning module TextureFormatIntelISPCTexComp (57)
[2016.12.16-21.37.04:769][387]LogModuleManager: Shutting down and abandoning module ImageWrapper (56)
[2016.12.16-21.37.04:769][387]LogModuleManager: Shutting down and abandoning module TextureFormatASTC (55)
[2016.12.16-21.37.04:769][387]LogModuleManager: Shutting down and abandoning module TextureFormatAndroid (54)
[2016.12.16-21.37.04:769][387]LogModuleManager: Shutting down and abandoning module AudioFormatOpus (53)
[2016.12.16-21.37.04:769][387]LogModuleManager: Shutting down and abandoning module AudioFormatOgg (52)
[2016.12.16-21.37.04:769][387]LogModuleManager: Shutting down and abandoning module AudioFormatADPCM (51)
[2016.12.16-21.37.04:769][387]LogModuleManager: Shutting down and abandoning module LinuxTargetPlatform (50)
[2016.12.16-21.37.04:769][387]LogModuleManager: Shutting down and abandoning module LinuxServerTargetPlatform (49)
[2016.12.16-21.37.04:769][387]LogModuleManager: Shutting down and abandoning module LinuxNoEditorTargetPlatform (48)
[2016.12.16-21.37.04:769][387]LogModuleManager: Shutting down and abandoning module LinuxClientTargetPlatform (47)
[2016.12.16-21.37.04:769][387]LogModuleManager: Shutting down and abandoning module TVOSTargetPlatform (46)
[2016.12.16-21.37.04:769][387]LogModuleManager: Shutting down and abandoning module Messaging (45)
[2016.12.16-21.37.04:769][387]LogModuleManager: Shutting down and abandoning module IOSTargetPlatform (44)
[2016.12.16-21.37.04:769][387]LogModuleManager: Shutting down and abandoning module HTML5TargetPlatform (43)
[2016.12.16-21.37.04:769][387]LogModuleManager: Shutting down and abandoning module Android_PVRTCTargetPlatform (42)
[2016.12.16-21.37.04:769][387]LogModuleManager: Shutting down and abandoning module Android_MultiTargetPlatform (41)
[2016.12.16-21.37.04:769][387]LogModuleManager: Shutting down and abandoning module Android_ETC2TargetPlatform (40)
[2016.12.16-21.37.04:769][387]LogModuleManager: Shutting down and abandoning module Android_ETC1TargetPlatform (39)
[2016.12.16-21.37.04:769][387]LogModuleManager: Shutting down and abandoning module Android_DXTTargetPlatform (38)
[2016.12.16-21.37.04:769][387]LogModuleManager: Shutting down and abandoning module Android_ATCTargetPlatform (37)
[2016.12.16-21.37.04:769][387]LogModuleManager: Shutting down and abandoning module Android_ASTCTargetPlatform (36)
[2016.12.16-21.37.04:769][387]LogModuleManager: Shutting down and abandoning module AndroidTargetPlatform (35)
[2016.12.16-21.37.04:769][387]LogModuleManager: Shutting down and abandoning module WindowsTargetPlatform (34)
[2016.12.16-21.37.04:769][387]LogModuleManager: Shutting down and abandoning module WindowsServerTargetPlatform (33)
[2016.12.16-21.37.04:769][387]LogModuleManager: Shutting down and abandoning module WindowsNoEditorTargetPlatform (32)
[2016.12.16-21.37.04:769][387]LogModuleManager: Shutting down and abandoning module WindowsClientTargetPlatform (31)
[2016.12.16-21.37.04:769][387]LogModuleManager: Shutting down and abandoning module MacTargetPlatform (30)
[2016.12.16-21.37.04:769][387]LogModuleManager: Shutting down and abandoning module MacServerTargetPlatform (29)
[2016.12.16-21.37.04:769][387]LogModuleManager: Shutting down and abandoning module MacNoEditorTargetPlatform (28)
[2016.12.16-21.37.04:769][387]LogModuleManager: Shutting down and abandoning module MacClientTargetPlatform (27)
[2016.12.16-21.37.04:769][387]LogModuleManager: Shutting down and abandoning module AllDesktopTargetPlatform (26)
[2016.12.16-21.37.04:769][387]LogModuleManager: Shutting down and abandoning module TargetPlatform (25)
[2016.12.16-21.37.04:769][387]LogModuleManager: Shutting down and abandoning module InputCore (24)
[2016.12.16-21.37.04:769][387]LogModuleManager: Shutting down and abandoning module Settings (23)
[2016.12.16-21.37.04:770][387]LogModuleManager: Shutting down and abandoning module OculusRift (22)
[2016.12.16-21.37.04:770][387]LogModuleManager: Shutting down and abandoning module ExampleDeviceProfileSelector (21)
[2016.12.16-21.37.04:770][387]LogModuleManager: Shutting down and abandoning module OnlineBlueprintSupport (20)
[2016.12.16-21.37.04:770][387]LogModuleManager: Shutting down and abandoning module OnlineSubsystem (18)
[2016.12.16-21.37.04:770][387]LogOnline:Display: Unloading online subsystem: NULL
[2016.12.16-21.37.04:770][387]LogModuleManager: Shutting down and abandoning module SSL (17)
[2016.12.16-21.37.04:772][387]LogModuleManager: Shutting down and abandoning module HTTP (16)
[2016.12.16-21.37.04:772][387]LogModuleManager: Shutting down and abandoning module XMPP (15)
[2016.12.16-21.37.04:772][387]LogModuleManager: Shutting down and abandoning module TextureCompressor (14)
[2016.12.16-21.37.04:773][387]LogModuleManager: Shutting down and abandoning module ShaderCore (13)
[2016.12.16-21.37.04:773][387]LogModuleManager: Shutting down and abandoning module Landscape (12)
[2016.12.16-21.37.04:773][387]LogModuleManager: Shutting down and abandoning module SlateRHIRenderer (11)
[2016.12.16-21.37.04:778][387]LogModuleManager: Shutting down and abandoning module OpenGLDrv (10)
[2016.12.16-21.37.04:778][387]LogModuleManager: Shutting down and abandoning module D3D11RHI (9)
[2016.12.16-21.37.04:778][387]LogModuleManager: Shutting down and abandoning module AnimGraphRuntime (8)
[2016.12.16-21.37.04:778][387]LogModuleManager: Shutting down and abandoning module Renderer (7)
[2016.12.16-21.37.04:778][387]LogModuleManager: Shutting down and abandoning module Engine (6)
[2016.12.16-21.37.04:778][387]LogModuleManager: Shutting down and abandoning module CoreUObject (5)
[2016.12.16-21.37.04:778][387]LogModuleManager: Shutting down and abandoning module NetworkFile (4)
[2016.12.16-21.37.04:778][387]LogModuleManager: Shutting down and abandoning module StreamingFile (3)
[2016.12.16-21.37.04:778][387]LogModuleManager: Shutting down and abandoning module SandboxFile (2)
[2016.12.16-21.37.04:778][387]LogModuleManager: Shutting down and abandoning module PakFile (1)
[2016.12.16-21.37.04:781][387]LogExit: Exiting.
[2016.12.16-21.37.04:803][387]Log file closed, 12/16/16 21:37:04
