Log file open, 12/16/16 19:37:19
LogInit:Display: Running engine for game: Ryans
LogPlatformFile: Not using cached read wrapper
LogInit:Display: RandInit(424545803) SRandInit(424545803).
LogTaskGraph: Started task graph with 5 named threads and 8 total threads with 1 sets of task threads.
LogStats: Stats thread started at 0.087759
LogPluginManager: Loaded Plugin Paper2D, From D:/Epic Games/4.13/Engine/Plugins/2D/Paper2D/Paper2D.uplugin
LogPluginManager: Loaded Plugin LightPropagationVolume, From D:/Epic Games/4.13/Engine/Plugins/Blendables/LightPropagationVolume/LightPropagationVolume.uplugin
LogPluginManager: Loaded Plugin BlankPlugin, From D:/Epic Games/4.13/Engine/Plugins/Developer/BlankPlugin/BlankPlugin.uplugin
LogPluginManager: Loaded Plugin CodeLiteSourceCodeAccess, From D:/Epic Games/4.13/Engine/Plugins/Developer/CodeLiteSourceCodeAccess/CodeLiteSourceCodeAccess.uplugin
LogPluginManager: Loaded Plugin GitSourceControl, From D:/Epic Games/4.13/Engine/Plugins/Developer/GitSourceControl/GitSourceControl.uplugin
LogPluginManager: Loaded Plugin KDevelopSourceCodeAccess, From D:/Epic Games/4.13/Engine/Plugins/Developer/KDevelopSourceCodeAccess/KDevelopSourceCodeAccess.uplugin
LogPluginManager: Loaded Plugin NullSourceCodeAccess, From D:/Epic Games/4.13/Engine/Plugins/Developer/NullSourceCodeAccess/NullSourceCodeAccess.uplugin
LogPluginManager: Loaded Plugin OneSkyLocalizationService, From D:/Epic Games/4.13/Engine/Plugins/Developer/OneSkyLocalizationService/OneSkyLocalizationService.uplugin
LogPluginManager: Loaded Plugin PerforceSourceControl, From D:/Epic Games/4.13/Engine/Plugins/Developer/PerforceSourceControl/PerforceSourceControl.uplugin
LogPluginManager: Loaded Plugin SubversionSourceControl, From D:/Epic Games/4.13/Engine/Plugins/Developer/SubversionSourceControl/SubversionSourceControl.uplugin
LogPluginManager: Loaded Plugin UObjectPlugin, From D:/Epic Games/4.13/Engine/Plugins/Developer/UObjectPlugin/UObjectPlugin.uplugin
LogPluginManager: Loaded Plugin VisualStudioSourceCodeAccess, From D:/Epic Games/4.13/Engine/Plugins/Developer/VisualStudioSourceCodeAccess/VisualStudioSourceCodeAccess.uplugin
LogPluginManager: Loaded Plugin XCodeSourceCodeAccess, From D:/Epic Games/4.13/Engine/Plugins/Developer/XCodeSourceCodeAccess/XCodeSourceCodeAccess.uplugin
LogPluginManager: Loaded Plugin EpicSurvey, From D:/Epic Games/4.13/Engine/Plugins/Editor/EpicSurvey/EpicSurvey.uplugin
LogPluginManager: Loaded Plugin MacGraphicsSwitching, From D:/Epic Games/4.13/Engine/Plugins/Editor/MacGraphicsSwitching/MacGraphicsSwitching.uplugin
LogPluginManager: Loaded Plugin MobileLauncherProfileWizard, From D:/Epic Games/4.13/Engine/Plugins/Editor/MobileLauncherProfileWizard/MobileLauncherProfileWizard.uplugin
LogPluginManager: Loaded Plugin PluginBrowser, From D:/Epic Games/4.13/Engine/Plugins/Editor/PluginBrowser/PluginBrowser.uplugin
LogPluginManager: Loaded Plugin SpeedTreeImporter, From D:/Epic Games/4.13/Engine/Plugins/Editor/SpeedTreeImporter/SpeedTreeImporter.uplugin
LogPluginManager: Loaded Plugin SuperSearchEditor, From D:/Epic Games/4.13/Engine/Plugins/Editor/SuperSearchEditor/SuperSearchEditor.uplugin
LogPluginManager: Loaded Plugin AlembicImporter, From D:/Epic Games/4.13/Engine/Plugins/Experimental/AlembicImporter/AlembicImporter.uplugin
LogPluginManager: Loaded Plugin BlueprintStats, From D:/Epic Games/4.13/Engine/Plugins/Experimental/BlueprintStats/BlueprintStats.uplugin
LogPluginManager: Loaded Plugin CharacterAI, From D:/Epic Games/4.13/Engine/Plugins/Experimental/CharacterAI/CharacterAI.uplugin
LogPluginManager: Loaded Plugin CodeEditor, From D:/Epic Games/4.13/Engine/Plugins/Experimental/CodeEditor/CodeEditor.uplugin
LogPluginManager: Loaded Plugin CodeView, From D:/Epic Games/4.13/Engine/Plugins/Experimental/CodeView/CodeView.uplugin
LogPluginManager: Loaded Plugin HTML5Networking, From D:/Epic Games/4.13/Engine/Plugins/Experimental/HTML5Networking/HTML5Networking.uplugin
LogPluginManager: Loaded Plugin LiveEditor, From D:/Epic Games/4.13/Engine/Plugins/Experimental/LiveEditor/LiveEditor.uplugin
LogPluginManager: Loaded Plugin OSVR, From D:/Epic Games/4.13/Engine/Plugins/Experimental/OSVR/OSVR.uplugin
LogPluginManager: Loaded Plugin Phya, From D:/Epic Games/4.13/Engine/Plugins/Experimental/Phya/Phya.uplugin
LogPluginManager: Loaded Plugin SignificanceManager, From D:/Epic Games/4.13/Engine/Plugins/Experimental/SignificanceManager/SignificanceManager.uplugin
LogPluginManager: Loaded Plugin SimpleHMD, From D:/Epic Games/4.13/Engine/Plugins/Experimental/SimpleHMD/SimpleHMD.uplugin
LogPluginManager: Loaded Plugin StereoPanorama, From D:/Epic Games/4.13/Engine/Plugins/Experimental/StereoPanorama/StereoPanorama.uplugin
LogPluginManager: Loaded Plugin StructBox, From D:/Epic Games/4.13/Engine/Plugins/Experimental/StructBox/StructBox.uplugin
LogPluginManager: Loaded Plugin Substance, From D:/Epic Games/4.13/Engine/Plugins/Marketplace/Substance/Substance.uplugin
LogPluginManager: Loaded Plugin AndroidMedia, From D:/Epic Games/4.13/Engine/Plugins/Media/AndroidMedia/AndroidMedia.uplugin
LogPluginManager: Loaded Plugin AvfMedia, From D:/Epic Games/4.13/Engine/Plugins/Media/AvfMedia/AvfMedia.uplugin
LogPluginManager: Loaded Plugin MediaPlayerEditor, From D:/Epic Games/4.13/Engine/Plugins/Media/MediaPlayerEditor/MediaPlayerEditor.uplugin
LogPluginManager: Loaded Plugin WmfMedia, From D:/Epic Games/4.13/Engine/Plugins/Media/WmfMedia/WmfMedia.uplugin
LogPluginManager: Loaded Plugin MessagingDebugger, From D:/Epic Games/4.13/Engine/Plugins/Messaging/MessagingDebugger/MessagingDebugger.uplugin
LogPluginManager: Loaded Plugin TcpMessaging, From D:/Epic Games/4.13/Engine/Plugins/Messaging/TcpMessaging/TcpMessaging.uplugin
LogPluginManager: Loaded Plugin UdpMessaging, From D:/Epic Games/4.13/Engine/Plugins/Messaging/UdpMessaging/UdpMessaging.uplugin
LogPluginManager: Loaded Plugin LevelSequenceEditor, From D:/Epic Games/4.13/Engine/Plugins/MovieScene/LevelSequenceEditor/LevelSequenceEditor.uplugin
LogPluginManager: Loaded Plugin MatineeToLevelSequence, From D:/Epic Games/4.13/Engine/Plugins/MovieScene/MatineeToLevelSequence/MatineeToLevelSequence.uplugin
LogPluginManager: Loaded Plugin NetcodeUnitTest, From D:/Epic Games/4.13/Engine/Plugins/NetcodeUnitTest/NetcodeUnitTest/NetcodeUnitTest.uplugin
LogPluginManager: Loaded Plugin NUTUnrealEngine4, From D:/Epic Games/4.13/Engine/Plugins/NetcodeUnitTest/NUTUnrealEngine4/NUTUnrealEngine4.uplugin
LogPluginManager: Loaded Plugin OnlineSubsystemGooglePlay, From D:/Epic Games/4.13/Engine/Plugins/Online/Android/OnlineSubsystemGooglePlay/OnlineSubsystemGooglePlay.uplugin
LogPluginManager: Loaded Plugin OnlineSubsystemIOS, From D:/Epic Games/4.13/Engine/Plugins/Online/IOS/OnlineSubsystemIOS/OnlineSubsystemIOS.uplugin
LogPluginManager: Loaded Plugin OnlineFramework, From D:/Epic Games/4.13/Engine/Plugins/Online/OnlineFramework/OnlineFramework.uplugin
LogPluginManager: Loaded Plugin OnlineSubsystem, From D:/Epic Games/4.13/Engine/Plugins/Online/OnlineSubsystem/OnlineSubsystem.uplugin
LogPluginManager: Loaded Plugin OnlineSubsystemAmazon, From D:/Epic Games/4.13/Engine/Plugins/Online/OnlineSubsystemAmazon/OnlineSubsystemAmazon.uplugin
LogPluginManager: Loaded Plugin OnlineSubsystemFacebook, From D:/Epic Games/4.13/Engine/Plugins/Online/OnlineSubsystemFacebook/OnlineSubsystemFacebook.uplugin
LogPluginManager: Loaded Plugin OnlineSubsystemNull, From D:/Epic Games/4.13/Engine/Plugins/Online/OnlineSubsystemNull/OnlineSubsystemNull.uplugin
LogPluginManager: Loaded Plugin OnlineSubsystemOculus, From D:/Epic Games/4.13/Engine/Plugins/Online/OnlineSubsystemOculus/OnlineSubsystemOculus.uplugin
LogPluginManager: Loaded Plugin OnlineSubsystemSteam, From D:/Epic Games/4.13/Engine/Plugins/Online/OnlineSubsystemSteam/OnlineSubsystemSteam.uplugin
LogPluginManager: Loaded Plugin OnlineSubsystemUtils, From D:/Epic Games/4.13/Engine/Plugins/Online/OnlineSubsystemUtils/OnlineSubsystemUtils.uplugin
LogPluginManager: Loaded Plugin IOSTapJoy, From D:/Epic Games/4.13/Engine/Plugins/Runtime/Advertising/IOSTapJoy/IOSTapJoy.uplugin
LogPluginManager: Loaded Plugin AnalyticsBlueprintLibrary, From D:/Epic Games/4.13/Engine/Plugins/Runtime/Analytics/AnalyticsBlueprintLibrary/AnalyticsBlueprintLibrary.uplugin
LogPluginManager: Loaded Plugin AnalyticsMulticast, From D:/Epic Games/4.13/Engine/Plugins/Runtime/Analytics/AnalyticsMulticast/AnalyticsMulticast.uplugin
LogPluginManager: Loaded Plugin Apsalar, From D:/Epic Games/4.13/Engine/Plugins/Runtime/Analytics/Apsalar/Apsalar.uplugin
LogPluginManager: Loaded Plugin FileLogging, From D:/Epic Games/4.13/Engine/Plugins/Runtime/Analytics/FileLogging/FileLogging.uplugin
LogPluginManager: Loaded Plugin Flurry, From D:/Epic Games/4.13/Engine/Plugins/Runtime/Analytics/Flurry/Flurry.uplugin
LogPluginManager: Loaded Plugin AndroidDeviceProfileSelector, From D:/Epic Games/4.13/Engine/Plugins/Runtime/AndroidDeviceProfileSelector/AndroidDeviceProfileSelector.uplugin
LogPluginManager: Loaded Plugin AndroidMoviePlayer, From D:/Epic Games/4.13/Engine/Plugins/Runtime/AndroidMoviePlayer/AndroidMoviePlayer.uplugin
LogPluginManager: Loaded Plugin AppleMoviePlayer, From D:/Epic Games/4.13/Engine/Plugins/Runtime/AppleMoviePlayer/AppleMoviePlayer.uplugin
LogPluginManager: Loaded Plugin ArchVisCharacter, From D:/Epic Games/4.13/Engine/Plugins/Runtime/ArchVisCharacter/ArchVisCharacter.uplugin
LogPluginManager: Loaded Plugin CableComponent, From D:/Epic Games/4.13/Engine/Plugins/Runtime/CableComponent/CableComponent.uplugin
LogPluginManager: Loaded Plugin CustomMeshComponent, From D:/Epic Games/4.13/Engine/Plugins/Runtime/CustomMeshComponent/CustomMeshComponent.uplugin
LogPluginManager: Loaded Plugin ExampleDeviceProfileSelector, From D:/Epic Games/4.13/Engine/Plugins/Runtime/ExampleDeviceProfileSelector/ExampleDeviceProfileSelector.uplugin
LogPluginManager: Loaded Plugin GearVR, From D:/Epic Games/4.13/Engine/Plugins/Runtime/GearVR/GearVR.uplugin
LogPluginManager: Loaded Plugin GoogleVRController, From D:/Epic Games/4.13/Engine/Plugins/Runtime/GoogleVR/GoogleVRController/GoogleVRController.uplugin
LogPluginManager: Loaded Plugin GoogleVRHMD, From D:/Epic Games/4.13/Engine/Plugins/Runtime/GoogleVR/GoogleVRHMD/GoogleVRHMD.uplugin
LogPluginManager: Loaded Plugin IOSDeviceProfileSelector, From D:/Epic Games/4.13/Engine/Plugins/Runtime/IOSDeviceProfileSelector/IOSDeviceProfileSelector.uplugin
LogPluginManager: Loaded Plugin LeapMotion, From D:/Epic Games/4.13/Engine/Plugins/Runtime/LeapMotion/LeapMotion.uplugin
LogPluginManager: Loaded Plugin LinuxDeviceProfileSelector, From D:/Epic Games/4.13/Engine/Plugins/Runtime/LinuxDeviceProfileSelector/LinuxDeviceProfileSelector.uplugin
LogPluginManager: Loaded Plugin LiveEditorListenServer, From D:/Epic Games/4.13/Engine/Plugins/Runtime/LiveEditorListenServer/LiveEditorListenServer.uplugin
LogPluginManager: Loaded Plugin OculusAudio, From D:/Epic Games/4.13/Engine/Plugins/Runtime/OculusAudio/OculusAudio.uplugin
LogPluginManager: Loaded Plugin OculusInput, From D:/Epic Games/4.13/Engine/Plugins/Runtime/OculusInput/OculusInput.uplugin
LogPluginManager: Loaded Plugin OculusLibrary, From D:/Epic Games/4.13/Engine/Plugins/Runtime/OculusLibrary/OculusLibrary.uplugin
LogPluginManager: Loaded Plugin OculusRift, From D:/Epic Games/4.13/Engine/Plugins/Runtime/OculusRift/OculusRift.uplugin
LogPluginManager: Loaded Plugin Oodle, From D:/Epic Games/4.13/Engine/Plugins/Runtime/PacketHandlers/CompressionComponents/Oodle/Oodle.uplugin
LogPluginManager: Loaded Plugin ProceduralMeshComponent, From D:/Epic Games/4.13/Engine/Plugins/Runtime/ProceduralMeshComponent/ProceduralMeshComponent.uplugin
LogPluginManager: Loaded Plugin SoundMod, From D:/Epic Games/4.13/Engine/Plugins/Runtime/SoundMod/SoundMod.uplugin
LogPluginManager: Loaded Plugin SoundVisualizations, From D:/Epic Games/4.13/Engine/Plugins/Runtime/SoundVisualizations/SoundVisualizations.uplugin
LogPluginManager: Loaded Plugin SteamController, From D:/Epic Games/4.13/Engine/Plugins/Runtime/Steam/SteamController/SteamController.uplugin
LogPluginManager: Loaded Plugin SteamVR, From D:/Epic Games/4.13/Engine/Plugins/Runtime/Steam/SteamVR/SteamVR.uplugin
LogPluginManager: Loaded Plugin WebBrowserWidget, From D:/Epic Games/4.13/Engine/Plugins/Runtime/WebBrowserWidget/WebBrowserWidget.uplugin
LogPluginManager: Loaded Plugin WindowsDeviceProfileSelector, From D:/Epic Games/4.13/Engine/Plugins/Runtime/WindowsDeviceProfileSelector/WindowsDeviceProfileSelector.uplugin
LogPluginManager: Loaded Plugin WindowsMoviePlayer, From D:/Epic Games/4.13/Engine/Plugins/Runtime/WindowsMoviePlayer/WindowsMoviePlayer.uplugin
LogPluginManager: Loaded Plugin ScriptPlugin, From D:/Epic Games/4.13/Engine/Plugins/ScriptPlugin/ScriptPlugin.uplugin
LogPluginManager: Loaded Plugin SlateRemote, From D:/Epic Games/4.13/Engine/Plugins/Slate/SlateRemote/SlateRemote.uplugin
LogInit: Using libcurl 7.47.1
LogInit:  - built for x86_64-pc-win32
LogInit:  - supports SSL with WinSSL
LogInit:  - other features:
LogInit:      CURL_VERSION_SSL
LogInit:      CURL_VERSION_IPV6
LogInit:      CURL_VERSION_ASYNCHDNS
LogInit:      CURL_VERSION_LARGEFILE
LogInit:      CURL_VERSION_IDN
LogInit:  CurlRequestOptions (configurable via config and command line):
LogInit:  - bVerifyPeer = false  - Libcurl will NOT verify peer certificate
LogInit:  - bUseHttpProxy = false  - Libcurl will NOT use HTTP proxy
LogInit:  - bDontReuseConnections = false  - Libcurl will reuse connections
LogInit:  - CertBundlePath = nullptr  - Libcurl will use whatever was configured at build time.
LogInit: Build: ++UE4+Release-4.13-CL-3172292
LogInit: Engine Version: 4.13.2-3172292+++UE4+Release-4.13
LogInit: Compatible Engine Version: 4.13.0-3106830+++UE4+Release-4.13
LogInit: Net CL: 3172292
LogDevObjectVersion: Number of dev versions registered: 13
LogDevObjectVersion:   Dev-Blueprints (B0D832E4-1F89-4F0D-ACCF-7EB736FD4AA2): 5
LogDevObjectVersion:   Dev-Build (E1C64328-A22C-4D53-A36C-8E866417BD8C): 0
LogDevObjectVersion:   Dev-Core (375EC13C-06E4-48FB-B500-84F0262A717E): 1
LogDevObjectVersion:   Dev-Editor (E4B068ED-F494-42E9-A231-DA0B2E46BB41): 6
LogDevObjectVersion:   Dev-Framework (CFFC743F-43B0-4480-9391-14DF171D2073): 12
LogDevObjectVersion:   Dev-Mobile (B02B49B5-BB20-44E9-A304-32B752E40360): 0
LogDevObjectVersion:   Dev-Networking (A4E4105C-59A1-49B5-A7C5-40C4547EDFEE): 0
LogDevObjectVersion:   Dev-Online (39C831C9-5AE6-47DC-9A44-9C173E1C8E7C): 0
LogDevObjectVersion:   Dev-Physics (78F01B33-EBEA-4F98-B9B4-84EACCB95AA2): 0
LogDevObjectVersion:   Dev-Platform (6631380F-2D4D-43E0-8009-CF276956A95A): 0
LogDevObjectVersion:   Dev-Rendering (12F88B9F-8875-4AFC-A67C-D90C383ABD29): 4
LogDevObjectVersion:   Dev-Sequencer (7B5AE74C-D270-4C10-A958-57980B212A5A): 0
LogDevObjectVersion:   Dev-VR (D7296918-1DD6-4BDD-9DE2-64A83CC13884): 0
LogInit: Compiled (64-bit): Oct 24 2016 14:29:06
LogInit: Compiled with Visual C++: 19.00.23026.00
LogInit: Build Configuration: Development
LogInit: Branch Name: ++UE4+Release-4.13
LogInit: Command line:  
LogInit: Base directory: D:/Epic Games/4.13/Engine/Binaries/Win64/
LogInit: Installed Engine Build: 1
LogInit: Presizing for max 8388607 objects, including 0 objects not considered by GC, pre-allocating 0 bytes for permanent pool.
LogInit: Object subsystem initialized
[2016.12.16-19.37.19:633][  0]LogInit: Selected Device Profile: [Windows]
[2016.12.16-19.37.19:633][  0]LogInit: Applying CVar settings loaded from the selected device profile: [Windows]
[2016.12.16-19.37.19:669][  0]LogInit: Computer: DESKTOP-UFE5BAF
[2016.12.16-19.37.19:669][  0]LogInit: User: Alleluia
[2016.12.16-19.37.19:669][  0]LogInit: CPU Page size=65536, Cores=4
[2016.12.16-19.37.19:669][  0]LogInit: High frequency timer resolution =3.903998 MHz
[2016.12.16-19.37.19:669][  0]LogMemory: Memory total: Physical=15.9GB (16GB approx)
[2016.12.16-19.37.19:669][  0]LogMemory: Platform Memory Stats for Windows
[2016.12.16-19.37.19:669][  0]LogMemory: Process Physical Memory: 256.37 MB used, 256.37 MB peak
[2016.12.16-19.37.19:669][  0]LogMemory: Process Virtual Memory: 260.09 MB used, 260.09 MB peak
[2016.12.16-19.37.19:669][  0]LogMemory: Physical Memory: 5867.09 MB used, 16326.04 MB total
[2016.12.16-19.37.19:669][  0]LogMemory: Virtual Memory: 623.23 MB used, 134217728.00 MB total
[2016.12.16-19.37.19:792][  0]LogTextLocalizationManager: No specific translations for ('en-GB') exist, so ('en') translations will be used.
[2016.12.16-19.37.24:084][  0]LogD3D11RHI: D3D11 adapters:
[2016.12.16-19.37.24:638][  0]LogD3D11RHI:    0. 'NVIDIA GeForce GTX 970' (Feature Level 11_0)
[2016.12.16-19.37.24:638][  0]LogD3D11RHI:       4059/0/8163 MB DedicatedVideo/DedicatedSystem/SharedSystem, Outputs:1, VendorId:0x10de
[2016.12.16-19.37.25:551][  0]LogD3D11RHI:    1. 'NVIDIA GeForce GTX 650' (Feature Level 11_0)
[2016.12.16-19.37.25:551][  0]LogD3D11RHI:       2017/0/8163 MB DedicatedVideo/DedicatedSystem/SharedSystem, Outputs:0, VendorId:0x10de
[2016.12.16-19.37.25:576][  0]LogD3D11RHI:    2. 'Microsoft Basic Render Driver' (Feature Level 11_0)
[2016.12.16-19.37.25:576][  0]LogD3D11RHI:       0/0/8163 MB DedicatedVideo/DedicatedSystem/SharedSystem, Outputs:0, VendorId:0x1414
[2016.12.16-19.37.25:576][  0]LogD3D11RHI: Chosen D3D11 Adapter: 0
[2016.12.16-19.37.25:580][  0]LogD3D11RHI: Creating new Direct3DDevice
[2016.12.16-19.37.25:580][  0]LogD3D11RHI:     GPU DeviceId: 0x13c2 (for the marketing name, search the web for "GPU Device Id")
[2016.12.16-19.37.25:580][  0]LogWindows: EnumDisplayDevices:
[2016.12.16-19.37.25:582][  0]LogWindows:    0. 'NVIDIA GeForce GTX 970' (P:1 D:1)
[2016.12.16-19.37.25:582][  0]LogWindows:    1. 'NVIDIA GeForce GTX 970' (P:0 D:0)
[2016.12.16-19.37.25:582][  0]LogWindows:    2. 'NVIDIA GeForce GTX 970' (P:0 D:0)
[2016.12.16-19.37.25:582][  0]LogWindows:    3. 'NVIDIA GeForce GTX 970' (P:0 D:0)
[2016.12.16-19.37.25:582][  0]LogWindows:    4. 'NVIDIA GeForce GTX 650' (P:0 D:0)
[2016.12.16-19.37.25:582][  0]LogWindows:    5. 'NVIDIA GeForce GTX 650' (P:0 D:0)
[2016.12.16-19.37.25:583][  0]LogWindows:    6. 'NVIDIA GeForce GTX 650' (P:0 D:0)
[2016.12.16-19.37.25:583][  0]LogWindows: DebugString: PrimaryIsNotTheChoosenAdapter PrimaryIsNotTheChoosenAdapter PrimaryIsNotTheChoosenAdapter FoundDriverCount:4 
[2016.12.16-19.37.25:583][  0]LogD3D11RHI:     Adapter Name: NVIDIA GeForce GTX 970
[2016.12.16-19.37.25:583][  0]LogD3D11RHI:   Driver Version: 373.06 (internal:21.21.13.7306, unified:373.06)
[2016.12.16-19.37.25:583][  0]LogD3D11RHI:      Driver Date: 10-1-2016
[2016.12.16-19.37.25:583][  0]LogRHI: Texture pool is 1361 MB (70% of 1945 MB)
[2016.12.16-19.37.26:020][  0]LogD3D11RHI: Async texture creation enabled
[2016.12.16-19.37.26:627][  0]LogD3D11RHI: GPU Timing Frequency: 1000.000000 (Debug: 2 3)
[2016.12.16-19.37.26:775][  0]LogShaderCompilers: Guid format shader working directory is 5 characters bigger than the processId version (E:/Uni Stuff/Media Studio/startingfrommidway/Intermediate/Shaders/WorkingDirectory/9308/).
[2016.12.16-19.37.26:776][  0]LogShaderCompilers: Cleaned the shader compiler working directory 'C:/Users/Alleluia/AppData/Local/Temp/UnrealShaderWorkingDir/9EEDA10D48F381B751641EBB783DBA5B/'.
[2016.12.16-19.37.26:812][  0]LogShaderCompilers:Display: Using Local Shader Compiler.
[2016.12.16-19.37.32:952][  0]LogTemp:Display: Loaded TP AllDesktopTargetPlatform
[2016.12.16-19.37.32:957][  0]LogTemp:Display: Loaded TP WindowsClientTargetPlatform
[2016.12.16-19.37.32:962][  0]LogTemp:Display: Loaded TP WindowsNoEditorTargetPlatform
[2016.12.16-19.37.32:968][  0]LogTemp:Display: Loaded TP WindowsServerTargetPlatform
[2016.12.16-19.37.32:976][  0]LogTemp:Display: Loaded TP WindowsTargetPlatform
[2016.12.16-19.37.32:998][  0]LogTemp:Display: Loaded TP AndroidTargetPlatform
[2016.12.16-19.37.33:013][  0]LogTemp:Display: Loaded TP Android_ASTCTargetPlatform
[2016.12.16-19.37.33:027][  0]LogTemp:Display: Loaded TP Android_ATCTargetPlatform
[2016.12.16-19.37.33:046][  0]LogTemp:Display: Loaded TP Android_DXTTargetPlatform
[2016.12.16-19.37.33:066][  0]LogTemp:Display: Loaded TP Android_ETC1TargetPlatform
[2016.12.16-19.37.33:088][  0]LogTemp:Display: Loaded TP Android_ETC2TargetPlatform
[2016.12.16-19.37.33:123][  0]LogTemp:Display: Loaded TP Android_MultiTargetPlatform
[2016.12.16-19.37.33:123][  0]LogTemp:Display: Loaded TP Android_PVRTCTargetPlatform
[2016.12.16-19.37.33:125][  0]LogTemp:Display: Loaded TP HTML5TargetPlatform
[2016.12.16-19.37.33:215][  0]LogTemp:Display: Loaded TP IOSTargetPlatform
[2016.12.16-19.37.33:220][  0]LogTemp:Display: Loaded TP TVOSTargetPlatform
[2016.12.16-19.37.33:225][  0]LogTemp:Display: Loaded TP LinuxClientTargetPlatform
[2016.12.16-19.37.33:231][  0]LogTemp:Display: Loaded TP LinuxNoEditorTargetPlatform
[2016.12.16-19.37.33:235][  0]LogTemp:Display: Loaded TP LinuxServerTargetPlatform
[2016.12.16-19.37.33:251][  0]LogTemp:Display: Loaded TP LinuxTargetPlatform
[2016.12.16-19.37.33:251][  0]LogTargetPlatformManager:Display: Building Assets For Windows
[2016.12.16-19.37.34:211][  0]LogDerivedDataCache:Display: Max Cache Size: 512 MB
[2016.12.16-19.37.34:781][  0]LogDerivedDataCache: Loaded boot cache 0.57s 62MB C:/Users/Alleluia/AppData/Local/UnrealEngine/4.13/DerivedDataCache/Boot.ddc.
[2016.12.16-19.37.34:781][  0]LogDerivedDataCache:Display: Loaded Boot cache: C:/Users/Alleluia/AppData/Local/UnrealEngine/4.13/DerivedDataCache/Boot.ddc
[2016.12.16-19.37.34:781][  0]LogDerivedDataCache: FDerivedDataBackendGraph:  Pak pak cache file E:/Uni Stuff/Media Studio/startingfrommidway/DerivedDataCache/DDC.ddp not found, will not use a pak cache.
[2016.12.16-19.37.34:781][  0]LogDerivedDataCache: Unable to find inner node Pak for hierarchical cache Hierarchy.
[2016.12.16-19.37.34:781][  0]LogDerivedDataCache: FDerivedDataBackendGraph:  CompressedPak pak cache file E:/Uni Stuff/Media Studio/startingfrommidway/DerivedDataCache/Compressed.ddp not found, will not use a pak cache.
[2016.12.16-19.37.34:781][  0]LogDerivedDataCache: Unable to find inner node CompressedPak for hierarchical cache Hierarchy.
[2016.12.16-19.37.34:830][  0]LogDerivedDataCache:Display: Pak cache opened for reading ../../../Engine/DerivedDataCache/Compressed.ddp.
[2016.12.16-19.37.34:871][  0]LogDerivedDataCache: Using Local data cache path C:/Users/Alleluia/AppData/Local/UnrealEngine/Common/DerivedDataCache: Writable
[2016.12.16-19.37.46:831][  0]LogInit: Selected Device Profile: [Windows]
[2016.12.16-19.37.47:071][  0]LogContentStreaming: Texture pool size is 0.00 MB
[2016.12.16-19.37.47:615][  0]LogMeshUtilities: No automatic mesh reduction module available
[2016.12.16-19.37.47:615][  0]LogMeshUtilities: No automatic mesh merging module available
[2016.12.16-19.37.47:615][  0]LogMeshUtilities: No distributed automatic mesh merging module available
[2016.12.16-19.37.51:128][  0]LogMaterial: Uniform references updated for custom material expression Custom.
[2016.12.16-19.37.52:112][  0]LogTexture:Display: Building textures: RGBTable16x1_AssetViewer (BGRA8)
[2016.12.16-19.38.00:229][  0]LogNetVersion: GetLocalNetworkVersion: CL: 3106830, ProjectName: ryans, ProjectVersion: , EngineNetworkVersion: 1, GameNetworkVersion: 0, NetworkChecksum: 2740786209
[2016.12.16-19.38.00:968][  0]LogAssetRegistry: FAssetRegistry took 0.2279 seconds to start up
[2016.12.16-19.38.01:574][  0]LogPackageLocalizationCache: Processed 3 localized package path(s) for 2 prioritized culture(s) in 0.349603 seconds
[2016.12.16-19.38.01:630][  0]LogUObjectArray: 29778 objects as part of root set at end of initial load.
[2016.12.16-19.38.01:713][  0]LogUObjectAllocator: 6125456 out of 0 bytes used by permanent object pool.
[2016.12.16-19.38.01:713][  0]LogUObjectArray: CloseDisregardForGC: 0/0 objects in disregard for GC pool
[2016.12.16-19.38.01:802][  0]LogInit: WinSock: version 1.1 (2.2), MaxSocks=32767, MaxUdp=65467
[2016.12.16-19.38.10:218][  0]LogSlate: SlateFontCache - WITH_FREETYPE: 1, WITH_HARFBUZZ: 1
[2016.12.16-19.38.10:218][  0]LogSlate: SlateFontCache - WITH_FREETYPE: 1, WITH_HARFBUZZ: 1
[2016.12.16-19.38.26:821][  0]LogSubstanceCoreModule: Substance CPU Engine Loaded, Max Texture Size 2048
[2016.12.16-19.38.26:873][  0]LogTcpMessaging: Initializing TcpMessaging bridge
[2016.12.16-19.38.27:005][  0]LogUdpMessaging: Initializing bridge on interface 0.0.0.0:0 to multicast group 230.0.0.1:6666.
[2016.12.16-19.38.31:092][  0]SourceControl: Info Source control is disabled
[2016.12.16-19.38.31:093][  0]SourceControl: Info Source control is disabled
[2016.12.16-19.38.31:099][  0]SourceControl: Info Source control is disabled
[2016.12.16-19.38.31:262][  0]SourceControl: Info Source control is disabled
[2016.12.16-19.38.40:094][  0]LogEngine: Initializing Engine...
[2016.12.16-19.38.40:224][  0]LogHMD: Failed to initialize OpenVR with code 110
[2016.12.16-19.38.44:958][  0]LogAIModule: Creating AISystem for world Untitled
[2016.12.16-19.38.46:239][  0]LogInit: XAudio2 using 'Speakers (Realtek High Definition Audio)' : 2 channels at 48 kHz using 32 bits per sample (channel mask 0x3)
[2016.12.16-19.38.46:655][  0]LogInit: FAudioDevice initialized.
[2016.12.16-19.38.46:691][  0]LogDerivedDataCache: Saved boot cache 0.04s 62MB C:/Users/Alleluia/AppData/Local/UnrealEngine/4.13/DerivedDataCache/Boot.ddc.
[2016.12.16-19.38.46:699][  0]LogInit: Texture streaming: Enabled
[2016.12.16-19.38.48:128][  0]LogInit: Transaction tracking system initialized
[2016.12.16-19.38.48:595][  0]BlueprintLog: New page: Editor Load
[2016.12.16-19.38.51:105][  0]LocalizationService: Info Localization service is disabled
[2016.12.16-19.38.51:881][  0]LogConsoleResponse:Display: 
[2016.12.16-19.38.56:587][  0]LogFileCache: Scanning file cache for directory 'E:/Uni Stuff/Media Studio/startingfrommidway/Content/' took 0.50s
[2016.12.16-19.38.56:587][  0]LogCook:Display: Max memory allowance for cook 16384mb min free memory 0mb
[2016.12.16-19.38.56:587][  0]LogCook:Display: Mobile HDR setting 1
[2016.12.16-19.39.00:895][  0]SourceControl: Info Source control is disabled
[2016.12.16-19.39.00:990][  0]Cmd: MAP LOAD FILE="E:/Uni Stuff/Media Studio/startingfrommidway/Content/Level1.umap" TEMPLATE=0 SHOWPROGRESS=1 FEATURELEVEL=3
[2016.12.16-19.39.02:188][  0]LogWindowsTextInputMethodSystem:Display: IME system now deactivated.
[2016.12.16-19.39.14:318][  0]LogWindowsTextInputMethodSystem:Display: IME system now deactivated.
[2016.12.16-19.39.14:326][  0]LogWindowsTextInputMethodSystem:Display: IME system now deactivated.
[2016.12.16-19.39.14:838][  0]LightingResults: New page: Lighting Build
[2016.12.16-19.39.14:839][  0]MapCheck: New page: Map Check
[2016.12.16-19.39.14:839][  0]LightingResults: New page: Lighting Build
[2016.12.16-19.39.14:857][  0]LogAIModule: Creating AISystem for world Untitled
[2016.12.16-19.39.14:937][  0]LoadErrors: New page: New Map
[2016.12.16-19.39.22:789][  0]LogCollectionManager: Loaded 0 collections in 0.000671 seconds
[2016.12.16-19.39.23:890][  0]LogFileCache: Scanning file cache for directory 'E:/Uni Stuff/Media Studio/startingfrommidway/Saved/Collections/' took 0.21s
[2016.12.16-19.39.23:890][  0]LogFileCache: Scanning file cache for directory 'E:/Uni Stuff/Media Studio/startingfrommidway/Content/Developers/Alleluia/Collections/' took 0.01s
[2016.12.16-19.39.23:890][  0]LogFileCache: Scanning file cache for directory 'E:/Uni Stuff/Media Studio/startingfrommidway/Content/Collections/' took 0.01s
[2016.12.16-19.39.23:890][  0]LogCollectionManager: Rebuilt the GUID cache for 0 collections in 0.000002 seconds
[2016.12.16-19.39.24:094][  0]LogContentBrowser: Native class hierarchy populated in 0.0913 seconds. Added 2156 classes and 421 folders.
[2016.12.16-19.39.24:561][  0]LogStats: UGameplayTagsManager::ConstructGameplayTagTree: Construct from data asset -  0.000 s
[2016.12.16-19.39.24:719][  0]LogStats: UGameplayTagsManager::ConstructGameplayTagTree: GameplayTagTreeChangedEvent.Broadcast -  0.158 s
[2016.12.16-19.39.24:729][  0]LogContentBrowser: Native class hierarchy updated for 'GameplayTags' in 0.0004 seconds. Added 12 classes and 0 folders.
[2016.12.16-19.39.24:810][  0]LogContentBrowser: Native class hierarchy updated for 'WidgetCarousel' in 0.0005 seconds. Added 0 classes and 0 folders.
[2016.12.16-19.39.27:372][  0]LogContentBrowser: Native class hierarchy updated for 'AddContentDialog' in 0.0004 seconds. Added 0 classes and 0 folders.
[2016.12.16-19.39.27:681][  0]LogContentBrowser: Native class hierarchy updated for 'SceneOutliner' in 0.0005 seconds. Added 1 classes and 2 folders.
[2016.12.16-19.39.28:468][  0]LogCrashTracker: Crashtracker disabled due to settings.
[2016.12.16-19.39.28:824][  0]LogUObjectGlobals:Warning: Failed to find object 'Class None.'
[2016.12.16-19.39.28:911][  0]LogContentBrowser: Native class hierarchy updated for 'HierarchicalLODOutliner' in 0.0005 seconds. Added 1 classes and 2 folders.
[2016.12.16-19.39.28:911][  0]LogLoad: (Engine Initialization) Total time: 133.93 seconds
[2016.12.16-19.39.28:911][  0]LogLoad: (Engine Initialization) Total Blueprint compile time: 1.64 seconds
[2016.12.16-19.39.28:911][  0]LogExternalProfiler: Found external profiler: VSPerf
[2016.12.16-19.39.28:911][  0]LogExternalProfiler: Using external profiler: VSPerf
[2016.12.16-19.39.29:251][  0]LogOcInput: OculusInput pre-init called
[2016.12.16-19.39.29:471][  0]LogContentStreaming: Texture pool size now 1000 MB
[2016.12.16-19.39.30:746][  0]LogRenderer: Reallocating scene render targets to support 1208x576 (Frame:2).
[2016.12.16-19.39.31:116][  2]LogAssetRegistry: Asset discovery search completed in 90.3733 seconds
[2016.12.16-19.39.31:116][  2]LogCollectionManager: Rebuilt the object cache for 0 collections in 0.000001 seconds (found 0 objects)
[2016.12.16-19.39.31:116][  2]LogCollectionManager: Fixed up redirectors for 0 collections in 0.000015 seconds (updated 0 objects)
[2016.12.16-19.40.27:428][148]LogWindowsTextInputMethodSystem:Display: IME system now deactivated.
[2016.12.16-19.40.29:626][149]Cmd: QUIT_EDITOR
[2016.12.16-19.40.30:732][149]LogExit: Preparing to exit.
[2016.12.16-19.40.32:836][149]LogExit: Editor shut down
[2016.12.16-19.40.32:836][149]LogExit: Transaction tracking system shut down
[2016.12.16-19.40.37:729][149]LogObj: Freed 0b from 0 cluster array pools.
[2016.12.16-19.40.37:729][149]LogExit: Object subsystem successfully closed.
[2016.12.16-19.40.38:162][149]LogD3D11RHI: Shutdown
[2016.12.16-19.40.38:162][149]LogD3D11RHI: CleanupD3DDevice
[2016.12.16-19.40.38:361][149]LogD3D11RHI: ~FD3D11DynamicRHI
[2016.12.16-19.40.40:348][149]LogModuleManager: Shutting down and abandoning module HierarchicalLODOutliner (235)
[2016.12.16-19.40.40:373][149]LogModuleManager: Shutting down and abandoning module CrashTracker (234)
[2016.12.16-19.40.40:373][149]LogModuleManager: Shutting down and abandoning module SceneOutliner (233)
[2016.12.16-19.40.40:373][149]LogModuleManager: Shutting down and abandoning module WidgetCarousel (232)
[2016.12.16-19.40.40:373][149]LogModuleManager: Shutting down and abandoning module AddContentDialog (231)
[2016.12.16-19.40.40:455][149]LogDirectoryWatcher: A directory notification for 'D:/Epic Games/4.13/FeaturePacks/' was aborted.
[2016.12.16-19.40.40:518][149]LogModuleManager: Shutting down and abandoning module GameplayTags (230)
[2016.12.16-19.40.40:518][149]LogModuleManager: Shutting down and abandoning module EditorWidgets (229)
[2016.12.16-19.40.40:518][149]LogModuleManager: Shutting down and abandoning module CollectionManager (228)
[2016.12.16-19.40.40:519][149]LogDirectoryWatcher: A directory notification for 'E:/Uni Stuff/Media Studio/startingfrommidway/Content/Collections/' was aborted.
[2016.12.16-19.40.40:519][149]LogDirectoryWatcher: A directory notification for 'E:/Uni Stuff/Media Studio/startingfrommidway/Content/Developers/Alleluia/Collections/' was aborted.
[2016.12.16-19.40.40:519][149]LogDirectoryWatcher: A directory notification for 'E:/Uni Stuff/Media Studio/startingfrommidway/Saved/Collections/' was aborted.
[2016.12.16-19.40.40:519][149]LogModuleManager: Shutting down and abandoning module StatsViewer (227)
[2016.12.16-19.40.40:519][149]LogModuleManager: Shutting down and abandoning module FoliageEdit (226)
[2016.12.16-19.40.40:519][149]LogModuleManager: Shutting down and abandoning module LandscapeEditor (225)
[2016.12.16-19.40.40:519][149]LogModuleManager: Shutting down and abandoning module SceneDepthPickerMode (224)
[2016.12.16-19.40.40:519][149]LogModuleManager: Shutting down and abandoning module ActorPickerMode (223)
[2016.12.16-19.40.40:519][149]LogModuleManager: Shutting down and abandoning module GeometryMode (222)
[2016.12.16-19.40.40:519][149]LogModuleManager: Shutting down and abandoning module TextureAlignMode (221)
[2016.12.16-19.40.40:519][149]LogModuleManager: Shutting down and abandoning module BspMode (220)
[2016.12.16-19.40.40:537][149]LogModuleManager: Shutting down and abandoning module HardwareSurvey (219)
[2016.12.16-19.40.40:537][149]LogModuleManager: Shutting down and abandoning module SequenceRecorderSections (218)
[2016.12.16-19.40.40:537][149]LogModuleManager: Shutting down and abandoning module SequenceRecorder (217)
[2016.12.16-19.40.40:586][149]LogModuleManager: Shutting down and abandoning module AutomationWorker (216)
[2016.12.16-19.40.40:607][149]LogModuleManager: Shutting down and abandoning module MatineeToLevelSequence (215)
[2016.12.16-19.40.40:607][149]LogModuleManager: Shutting down and abandoning module PlacementMode (214)
[2016.12.16-19.40.40:639][149]LogModuleManager: Shutting down and abandoning module LevelSequenceEditor (213)
[2016.12.16-19.40.40:778][149]LogModuleManager: Shutting down and abandoning module WmfMediaFactory (212)
[2016.12.16-19.40.40:778][149]LogModuleManager: Shutting down and abandoning module WmfMediaEditor (211)
[2016.12.16-19.40.40:778][149]LogModuleManager: Shutting down and abandoning module AvfMediaFactory (210)
[2016.12.16-19.40.40:778][149]LogModuleManager: Shutting down and abandoning module AvfMediaEditor (209)
[2016.12.16-19.40.40:778][149]LogModuleManager: Shutting down and abandoning module Media (208)
[2016.12.16-19.40.40:778][149]LogModuleManager: Shutting down and abandoning module AndroidMediaFactory (207)
[2016.12.16-19.40.40:778][149]LogModuleManager: Shutting down and abandoning module AndroidMediaEditor (206)
[2016.12.16-19.40.40:778][149]LogModuleManager: Shutting down and abandoning module CharacterAI (205)
[2016.12.16-19.40.40:778][149]LogModuleManager: Shutting down and abandoning module SmartSnapping (204)
[2016.12.16-19.40.40:778][149]LogModuleManager: Shutting down and abandoning module SessionServices (203)
[2016.12.16-19.40.40:778][149]LogModuleManager: Shutting down and abandoning module ViewportSnapping (202)
[2016.12.16-19.40.40:778][149]LogModuleManager: Shutting down and abandoning module ViewportInteraction (201)
[2016.12.16-19.40.40:778][149]LogModuleManager: Shutting down and abandoning module LogVisualizer (200)
[2016.12.16-19.40.40:797][149]LogModuleManager: Shutting down and abandoning module GameProjectGeneration (199)
[2016.12.16-19.40.40:797][149]LogModuleManager: Shutting down and abandoning module IntroTutorials (198)
[2016.12.16-19.40.40:821][149]LogModuleManager: Shutting down and abandoning module EditorLiveStreaming (197)
[2016.12.16-19.40.40:821][149]LogModuleManager: Shutting down and abandoning module IOSPlatformEditor (196)
[2016.12.16-19.40.40:847][149]LogModuleManager: Shutting down and abandoning module HTML5PlatformEditor (195)
[2016.12.16-19.40.40:847][149]LogModuleManager: Shutting down and abandoning module AndroidDeviceDetection (194)
[2016.12.16-19.40.41:166][149]LogModuleManager: Shutting down and abandoning module AndroidPlatformEditor (193)
[2016.12.16-19.40.41:167][149]LogModuleManager: Shutting down and abandoning module IOSRuntimeSettings (192)
[2016.12.16-19.40.41:167][149]LogModuleManager: Shutting down and abandoning module AndroidRuntimeSettings (191)
[2016.12.16-19.40.41:167][149]LogModuleManager: Shutting down and abandoning module NiagaraEditor (190)
[2016.12.16-19.40.41:167][149]LogModuleManager: Shutting down and abandoning module MergeActors (189)
[2016.12.16-19.40.41:167][149]LogModuleManager: Shutting down and abandoning module SizeMap (188)
[2016.12.16-19.40.41:167][149]LogModuleManager: Shutting down and abandoning module TreeMap (187)
[2016.12.16-19.40.41:167][149]LogModuleManager: Shutting down and abandoning module ReferenceViewer (186)
[2016.12.16-19.40.41:167][149]LogModuleManager: Shutting down and abandoning module LocalizationService (185)
[2016.12.16-19.40.41:167][149]LogModuleManager: Shutting down and abandoning module LocalizationDashboard (184)
[2016.12.16-19.40.41:167][149]LogModuleManager: Shutting down and abandoning module HardwareTargeting (183)
[2016.12.16-19.40.41:167][149]LogModuleManager: Shutting down and abandoning module DeviceProfileEditor (182)
[2016.12.16-19.40.41:167][149]LogModuleManager: Shutting down and abandoning module UndoHistory (181)
[2016.12.16-19.40.41:167][149]LogModuleManager: Shutting down and abandoning module UserFeedback (180)
[2016.12.16-19.40.41:167][149]LogModuleManager: Shutting down and abandoning module XmlParser (179)
[2016.12.16-19.40.41:167][149]LogModuleManager: Shutting down and abandoning module Blutility (178)
[2016.12.16-19.40.41:167][149]LogModuleManager: Shutting down and abandoning module ProjectTargetPlatformEditor (177)
[2016.12.16-19.40.41:167][149]LogModuleManager: Shutting down and abandoning module ProjectSettingsViewer (176)
[2016.12.16-19.40.41:167][149]LogModuleManager: Shutting down and abandoning module InputBindingEditor (175)
[2016.12.16-19.40.41:167][149]LogModuleManager: Shutting down and abandoning module EditorSettingsViewer (174)
[2016.12.16-19.40.41:167][149]LogModuleManager: Shutting down and abandoning module SettingsEditor (173)
[2016.12.16-19.40.41:185][149]LogModuleManager: Shutting down and abandoning module ProjectLauncher (172)
[2016.12.16-19.40.41:204][149]LogModuleManager: Shutting down and abandoning module SessionFrontend (171)
[2016.12.16-19.40.41:210][149]LogModuleManager: Shutting down and abandoning module ProfilerClient (170)
[2016.12.16-19.40.41:222][149]LogModuleManager: Shutting down and abandoning module TargetDeviceServices (169)
[2016.12.16-19.40.41:233][149]LogModuleManager: Shutting down and abandoning module DeviceManager (168)
[2016.12.16-19.40.41:308][149]LogModuleManager: Shutting down and abandoning module AutomationController (167)
[2016.12.16-19.40.41:329][149]LogModuleManager: Shutting down and abandoning module AutomationWindow (166)
[2016.12.16-19.40.41:360][149]LogModuleManager: Shutting down and abandoning module Layers (165)
[2016.12.16-19.40.41:376][149]LogModuleManager: Shutting down and abandoning module ComponentVisualizers (164)
[2016.12.16-19.40.41:376][149]LogModuleManager: Shutting down and abandoning module DetailCustomizations (163)
[2016.12.16-19.40.41:403][149]LogModuleManager: Shutting down and abandoning module PackagesDialog (162)
[2016.12.16-19.40.41:427][149]LogModuleManager: Shutting down and abandoning module AnimGraph (161)
[2016.12.16-19.40.41:435][149]LogModuleManager: Shutting down and abandoning module Persona (160)
[2016.12.16-19.40.41:479][149]LogModuleManager: Shutting down and abandoning module Kismet (159)
[2016.12.16-19.40.41:496][149]LogModuleManager: Shutting down and abandoning module GraphEditor (158)
[2016.12.16-19.40.41:547][149]LogModuleManager: Shutting down and abandoning module ClassViewer (157)
[2016.12.16-19.40.41:556][149]LogModuleManager: Shutting down and abandoning module Toolbox (156)
[2016.12.16-19.40.41:570][149]LogModuleManager: Shutting down and abandoning module ModuleUI (155)
[2016.12.16-19.40.41:586][149]LogModuleManager: Shutting down and abandoning module MovieSceneTools (154)
[2016.12.16-19.40.41:603][149]LogModuleManager: Shutting down and abandoning module OutputLog (153)
[2016.12.16-19.40.41:609][149]LogModuleManager: Shutting down and abandoning module GammaUI (152)
[2016.12.16-19.40.41:623][149]LogModuleManager: Shutting down and abandoning module Documentation (151)
[2016.12.16-19.40.41:623][149]LogModuleManager: Shutting down and abandoning module Niagara (150)
[2016.12.16-19.40.41:629][149]LogModuleManager: Shutting down and abandoning module StreamingPauseRendering (149)
[2016.12.16-19.40.41:629][149]LogModuleManager: Shutting down and abandoning module AnalyticsET (148)
[2016.12.16-19.40.41:629][149]LogModuleManager: Shutting down and abandoning module PortalServices (147)
[2016.12.16-19.40.41:629][149]LogModuleManager: Shutting down and abandoning module PortalRpc (146)
[2016.12.16-19.40.41:629][149]LogModuleManager: Shutting down and abandoning module MessagingRpc (145)
[2016.12.16-19.40.41:629][149]LogModuleManager: Shutting down and abandoning module GameplayDebugger (144)
[2016.12.16-19.40.41:640][149]LogModuleManager: Shutting down and abandoning module AITestSuite (143)
[2016.12.16-19.40.41:646][149]LogModuleManager: Shutting down and abandoning module AIModule (142)
[2016.12.16-19.40.41:646][149]LogModuleManager: Shutting down and abandoning module ProfilerService (141)
[2016.12.16-19.40.41:829][149]LogModuleManager: Shutting down and abandoning module TaskGraph (140)
[2016.12.16-19.40.41:857][149]LogModuleManager: Shutting down and abandoning module SubstanceEditor (139)
[2016.12.16-19.40.41:907][149]LogModuleManager: Shutting down and abandoning module SlateRemote (138)
[2016.12.16-19.40.41:907][149]LogModuleManager: Shutting down and abandoning module SteamVRController (137)
[2016.12.16-19.40.41:907][149]LogModuleManager: Shutting down and abandoning module SteamVR (136)
[2016.12.16-19.40.41:907][149]LogModuleManager: Shutting down and abandoning module ProceduralMeshComponentEditor (135)
[2016.12.16-19.40.41:923][149]LogModuleManager: Shutting down and abandoning module ProceduralMeshComponent (134)
[2016.12.16-19.40.41:923][149]LogModuleManager: Shutting down and abandoning module OculusLibrary (133)
[2016.12.16-19.40.41:923][149]LogModuleManager: Shutting down and abandoning module OculusInput (132)
[2016.12.16-19.40.41:923][149]LogModuleManager: Shutting down and abandoning module CustomMeshComponent (131)
[2016.12.16-19.40.41:923][149]LogModuleManager: Shutting down and abandoning module CableComponent (130)
[2016.12.16-19.40.41:923][149]LogModuleManager: Shutting down and abandoning module ArchVisCharacter (129)
[2016.12.16-19.40.41:923][149]LogModuleManager: Shutting down and abandoning module MediaPlayerEditor (127)
[2016.12.16-19.40.41:958][149]LogModuleManager: Shutting down and abandoning module HTML5Networking (126)
[2016.12.16-19.40.41:958][149]LogModuleManager: Shutting down and abandoning module GeometryCacheEd (125)
[2016.12.16-19.40.41:958][149]LogModuleManager: Shutting down and abandoning module GeometryCache (124)
[2016.12.16-19.40.41:958][149]LogModuleManager: Shutting down and abandoning module AlembicLibrary (123)
[2016.12.16-19.40.41:958][149]LogModuleManager: Shutting down and abandoning module AlembicImporter (122)
[2016.12.16-19.40.41:976][149]LogModuleManager: Shutting down and abandoning module SuperSearch (121)
[2016.12.16-19.40.41:976][149]LogModuleManager: Shutting down and abandoning module SuperSearchEditor (120)
[2016.12.16-19.40.41:976][149]LogModuleManager: Shutting down and abandoning module SpeedTreeImporter (119)
[2016.12.16-19.40.41:976][149]LogModuleManager: Shutting down and abandoning module PluginBrowser (118)
[2016.12.16-19.40.41:986][149]LogModuleManager: Shutting down and abandoning module MobileLauncherProfileWizard (117)
[2016.12.16-19.40.42:003][149]LogModuleManager: Shutting down and abandoning module EpicSurvey (116)
[2016.12.16-19.40.42:007][149]LogModuleManager: Shutting down and abandoning module DesktopPlatform (115)
[2016.12.16-19.40.42:024][149]LogModuleManager: Shutting down and abandoning module VisualStudioSourceCodeAccess (114)
[2016.12.16-19.40.42:043][149]LogModuleManager: Shutting down and abandoning module UObjectPlugin (113)
[2016.12.16-19.40.42:043][149]LogModuleManager: Shutting down and abandoning module SubversionSourceControl (112)
[2016.12.16-19.40.42:049][149]LogModuleManager: Shutting down and abandoning module PerforceSourceControl (111)
[2016.12.16-19.40.42:059][149]LogModuleManager: Shutting down and abandoning module SourceControl (110)
[2016.12.16-19.40.42:072][149]LogModuleManager: Shutting down and abandoning module GitSourceControl (109)
[2016.12.16-19.40.42:076][149]LogModuleManager: Shutting down and abandoning module LightPropagationVolumeEditor (108)
[2016.12.16-19.40.42:076][149]LogModuleManager: Shutting down and abandoning module PaperTiledImporter (107)
[2016.12.16-19.40.42:085][149]LogModuleManager: Shutting down and abandoning module PaperSpriteSheetImporter (106)
[2016.12.16-19.40.42:085][149]LogModuleManager: Shutting down and abandoning module MeshPaint (105)
[2016.12.16-19.40.42:085][149]LogModuleManager: Shutting down and abandoning module FbxAutomationBuilderModule (104)
[2016.12.16-19.40.42:097][149]LogModuleManager: Shutting down and abandoning module PixelInspectorModule (103)
[2016.12.16-19.40.42:108][149]LogModuleManager: Shutting down and abandoning module HotReload (102)
[2016.12.16-19.40.42:123][149]LogModuleManager: Shutting down and abandoning module MainFrame (101)
[2016.12.16-19.40.42:123][149]LogModuleManager: Shutting down and abandoning module LevelEditor (100)
[2016.12.16-19.40.42:124][149]LogModuleManager: Shutting down and abandoning module ContentBrowser (99)
[2016.12.16-19.40.42:124][149]LogModuleManager: Shutting down and abandoning module Paper2DEditor (98)
[2016.12.16-19.40.42:149][149]LogModuleManager: Shutting down and abandoning module UdpMessaging (97)
[2016.12.16-19.40.42:249][149]LogModuleManager: Shutting down and abandoning module TcpMessaging (96)
[2016.12.16-19.40.42:365][149]LogModuleManager: Shutting down and abandoning module SubstanceCore (95)
[2016.12.16-19.40.42:394][149]LogModuleManager: Shutting down and abandoning module LightPropagationVolumeRuntime (94)
[2016.12.16-19.40.42:394][149]LogModuleManager: Shutting down and abandoning module Paper2D (93)
[2016.12.16-19.40.42:410][149]LogModuleManager: Shutting down and abandoning module WindowsMoviePlayer (92)
[2016.12.16-19.40.42:425][149]LogModuleManager: Shutting down and abandoning module WmfMedia (91)
[2016.12.16-19.40.42:441][149]LogModuleManager: Shutting down and abandoning module MediaAssets (90)
[2016.12.16-19.40.42:441][149]LogModuleManager: Shutting down and abandoning module GameLiveStreaming (89)
[2016.12.16-19.40.42:441][149]LogModuleManager: Shutting down and abandoning module GameplayTagsEditor (88)
[2016.12.16-19.40.42:664][149]LogModuleManager: Shutting down and abandoning module VREditor (87)
[2016.12.16-19.40.42:664][149]LogModuleManager: Shutting down and abandoning module GameplayTasksEditor (86)
[2016.12.16-19.40.42:664][149]LogModuleManager: Shutting down and abandoning module PropertyEditor (85)
[2016.12.16-19.40.42:706][149]LogModuleManager: Shutting down and abandoning module BehaviorTreeEditor (84)
[2016.12.16-19.40.42:831][149]LogModuleManager: Shutting down and abandoning module FunctionalTesting (83)
[2016.12.16-19.40.42:831][149]LogModuleManager: Shutting down and abandoning module CollisionAnalyzer (82)
[2016.12.16-19.40.42:847][149]LogModuleManager: Shutting down and abandoning module Sequencer (81)
[2016.12.16-19.40.42:883][149]LogModuleManager: Shutting down and abandoning module WorkspaceMenuStructure (80)
[2016.12.16-19.40.42:883][149]LogModuleManager: Shutting down and abandoning module MessageLog (79)
[2016.12.16-19.40.42:890][149]LogModuleManager: Shutting down and abandoning module AssetTools (78)
[2016.12.16-19.40.42:933][149]LogModuleManager: Shutting down and abandoning module UMGEditor (77)
[2016.12.16-19.40.42:979][149]LogModuleManager: Shutting down and abandoning module UMG (76)
[2016.12.16-19.40.43:011][149]LogModuleManager: Shutting down and abandoning module SlateReflector (75)
[2016.12.16-19.40.43:066][149]LogModuleManager: Shutting down and abandoning module Slate (74)
[2016.12.16-19.40.43:066][149]LogModuleManager: Shutting down and abandoning module EditorStyle (73)
[2016.12.16-19.40.43:068][149]LogModuleManager: Shutting down and abandoning module SourceCodeAccess (72)
[2016.12.16-19.40.43:068][149]LogModuleManager: Shutting down and abandoning module HeadMountedDisplay (71)
[2016.12.16-19.40.43:068][149]LogModuleManager: Shutting down and abandoning module XAudio2 (70)
[2016.12.16-19.40.43:068][149]LogModuleManager: Shutting down and abandoning module Networking (68)
[2016.12.16-19.40.43:068][149]LogModuleManager: Shutting down and abandoning module Core (67)
[2016.12.16-19.40.43:068][149]LogModuleManager: Shutting down and abandoning module DirectoryWatcher (66)
[2016.12.16-19.40.43:068][149]LogDirectoryWatcher: A directory notification for '../../../Engine/Content/' was aborted.
[2016.12.16-19.40.43:068][149]LogDirectoryWatcher: A directory notification for 'E:/Uni Stuff/Media Studio/startingfrommidway/Content/' was aborted.
[2016.12.16-19.40.43:068][149]LogDirectoryWatcher: A directory notification for '../../../Engine/Plugins/2D/Paper2D/Content/' was aborted.
[2016.12.16-19.40.43:069][149]LogModuleManager: Shutting down and abandoning module AssetRegistry (65)
[2016.12.16-19.40.43:431][149]LogModuleManager: Shutting down and abandoning module KismetCompiler (64)
[2016.12.16-19.40.43:431][149]LogModuleManager: Shutting down and abandoning module PhysXFormats (63)
[2016.12.16-19.40.43:431][149]LogModuleManager: Shutting down and abandoning module MeshUtilities (62)
[2016.12.16-19.40.43:431][149]LogModuleManager: Shutting down and abandoning module DerivedDataCache (61)
[2016.12.16-19.40.43:477][149]LogDerivedDataCache: Shutdown
[2016.12.16-19.40.43:477][149]LogModuleManager: Shutting down and abandoning module VulkanShaderFormat (60)
[2016.12.16-19.40.43:477][149]LogModuleManager: Shutting down and abandoning module ShaderFormatOpenGL (59)
[2016.12.16-19.40.43:477][149]LogModuleManager: Shutting down and abandoning module ShaderFormatD3D (58)
[2016.12.16-19.40.43:477][149]LogModuleManager: Shutting down and abandoning module MetalShaderFormat (57)
[2016.12.16-19.40.43:477][149]LogModuleManager: Shutting down and abandoning module TextureFormatUncompressed (56)
[2016.12.16-19.40.43:477][149]LogModuleManager: Shutting down and abandoning module TextureFormatPVR (55)
[2016.12.16-19.40.43:477][149]LogModuleManager: Shutting down and abandoning module TextureFormatDXT (54)
[2016.12.16-19.40.43:477][149]LogModuleManager: Shutting down and abandoning module TextureFormatIntelISPCTexComp (53)
[2016.12.16-19.40.43:477][149]LogModuleManager: Shutting down and abandoning module ImageWrapper (52)
[2016.12.16-19.40.43:477][149]LogModuleManager: Shutting down and abandoning module TextureFormatASTC (51)
[2016.12.16-19.40.43:477][149]LogModuleManager: Shutting down and abandoning module TextureFormatAndroid (50)
[2016.12.16-19.40.43:477][149]LogModuleManager: Shutting down and abandoning module AudioFormatOpus (49)
[2016.12.16-19.40.43:477][149]LogModuleManager: Shutting down and abandoning module AudioFormatOgg (48)
[2016.12.16-19.40.43:477][149]LogModuleManager: Shutting down and abandoning module AudioFormatADPCM (47)
[2016.12.16-19.40.43:477][149]LogModuleManager: Shutting down and abandoning module LinuxTargetPlatform (46)
[2016.12.16-19.40.43:477][149]LogModuleManager: Shutting down and abandoning module LinuxServerTargetPlatform (45)
[2016.12.16-19.40.43:477][149]LogModuleManager: Shutting down and abandoning module LinuxNoEditorTargetPlatform (44)
[2016.12.16-19.40.43:477][149]LogModuleManager: Shutting down and abandoning module LinuxClientTargetPlatform (43)
[2016.12.16-19.40.43:477][149]LogModuleManager: Shutting down and abandoning module TVOSTargetPlatform (42)
[2016.12.16-19.40.43:477][149]LogModuleManager: Shutting down and abandoning module Messaging (41)
[2016.12.16-19.40.43:477][149]LogModuleManager: Shutting down and abandoning module IOSTargetPlatform (40)
[2016.12.16-19.40.43:477][149]LogModuleManager: Shutting down and abandoning module HTML5TargetPlatform (39)
[2016.12.16-19.40.43:477][149]LogModuleManager: Shutting down and abandoning module Android_PVRTCTargetPlatform (38)
[2016.12.16-19.40.43:477][149]LogModuleManager: Shutting down and abandoning module Android_MultiTargetPlatform (37)
[2016.12.16-19.40.43:477][149]LogModuleManager: Shutting down and abandoning module Android_ETC2TargetPlatform (36)
[2016.12.16-19.40.43:477][149]LogModuleManager: Shutting down and abandoning module Android_ETC1TargetPlatform (35)
[2016.12.16-19.40.43:477][149]LogModuleManager: Shutting down and abandoning module Android_DXTTargetPlatform (34)
[2016.12.16-19.40.43:477][149]LogModuleManager: Shutting down and abandoning module Android_ATCTargetPlatform (33)
[2016.12.16-19.40.43:477][149]LogModuleManager: Shutting down and abandoning module Android_ASTCTargetPlatform (32)
[2016.12.16-19.40.43:477][149]LogModuleManager: Shutting down and abandoning module AndroidTargetPlatform (31)
[2016.12.16-19.40.43:477][149]LogModuleManager: Shutting down and abandoning module WindowsTargetPlatform (30)
[2016.12.16-19.40.43:477][149]LogModuleManager: Shutting down and abandoning module WindowsServerTargetPlatform (29)
[2016.12.16-19.40.43:477][149]LogModuleManager: Shutting down and abandoning module WindowsNoEditorTargetPlatform (28)
[2016.12.16-19.40.43:477][149]LogModuleManager: Shutting down and abandoning module WindowsClientTargetPlatform (27)
[2016.12.16-19.40.43:477][149]LogModuleManager: Shutting down and abandoning module AllDesktopTargetPlatform (26)
[2016.12.16-19.40.43:477][149]LogModuleManager: Shutting down and abandoning module TargetPlatform (25)
[2016.12.16-19.40.43:477][149]LogModuleManager: Shutting down and abandoning module InputCore (24)
[2016.12.16-19.40.43:477][149]LogModuleManager: Shutting down and abandoning module Settings (23)
[2016.12.16-19.40.43:477][149]LogModuleManager: Shutting down and abandoning module OculusRift (22)
[2016.12.16-19.40.43:484][149]LogModuleManager: Shutting down and abandoning module GearVR (21)
[2016.12.16-19.40.43:484][149]LogModuleManager: Shutting down and abandoning module ExampleDeviceProfileSelector (20)
[2016.12.16-19.40.43:484][149]LogModuleManager: Shutting down and abandoning module OnlineBlueprintSupport (19)
[2016.12.16-19.40.43:484][149]LogModuleManager: Shutting down and abandoning module OnlineSubsystem (17)
[2016.12.16-19.40.43:560][149]LogOnline:Display: Unloading online subsystem: NULL
[2016.12.16-19.40.43:615][149]LogModuleManager: Shutting down and abandoning module HTTP (16)
[2016.12.16-19.40.43:615][149]LogHttp:Display: Http module shutting down, but needs to wait on 1 outstanding Http requests:
[2016.12.16-19.40.43:615][149]LogHttp:Display: 	verb=[POST] url=[https://datarouter.ol.epicgames.com/datarouter/api/v1/public/data?SessionID=%7BCA67D3F0-4252-54C5-DF57-B5923276C364%7D&AppID=UEEditor.Rocket.Release&AppVersion=4.13.2-3172292%2B%2B%2BUE4%2BRelease-4.13&UserID=dc139048458ae0004cea1fbca4a2ae60%7Cf144a0489f9b4e94af1da2a2ffa9e273%7Cfaa2fc26-7a2e-4778-bd61-aabdbcf8af26&AppEnvironment=datacollector-binary&UploadType=eteventstream] status=Processing
[2016.12.16-19.40.43:636][149]LogModuleManager: Shutting down and abandoning module XMPP (15)
[2016.12.16-19.40.43:654][149]LogModuleManager: Shutting down and abandoning module TextureCompressor (14)
[2016.12.16-19.40.43:668][149]LogModuleManager: Shutting down and abandoning module ShaderCore (13)
[2016.12.16-19.40.43:668][149]LogModuleManager: Shutting down and abandoning module Landscape (12)
[2016.12.16-19.40.43:668][149]LogModuleManager: Shutting down and abandoning module SlateRHIRenderer (11)
[2016.12.16-19.40.43:670][149]LogModuleManager: Shutting down and abandoning module OpenGLDrv (10)
[2016.12.16-19.40.43:700][149]LogModuleManager: Shutting down and abandoning module D3D11RHI (9)
[2016.12.16-19.40.43:700][149]LogModuleManager: Shutting down and abandoning module AnimGraphRuntime (8)
[2016.12.16-19.40.43:722][149]LogModuleManager: Shutting down and abandoning module Renderer (7)
[2016.12.16-19.40.43:722][149]LogModuleManager: Shutting down and abandoning module Engine (6)
[2016.12.16-19.40.43:722][149]LogModuleManager: Shutting down and abandoning module CoreUObject (5)
[2016.12.16-19.40.43:722][149]LogModuleManager: Shutting down and abandoning module NetworkFile (4)
[2016.12.16-19.40.43:751][149]LogModuleManager: Shutting down and abandoning module StreamingFile (3)
[2016.12.16-19.40.43:751][149]LogModuleManager: Shutting down and abandoning module SandboxFile (2)
[2016.12.16-19.40.43:766][149]LogModuleManager: Shutting down and abandoning module PakFile (1)
[2016.12.16-19.40.44:075][149]LogExit: Exiting.
[2016.12.16-19.40.44:200][149]Log file closed, 12/16/16 19:40:44
